{"C:\\Users\\Denys\\Coding\\rosenblum-website\\frontend\\frontend\\src\\axios\\toApiError.ts": {"path":"C:\\Users\\Denys\\Coding\\rosenblum-website\\frontend\\frontend\\src\\axios\\toApiError.ts","all":false,"statementMap":{"0":{"start":{"line":1,"column":0},"end":{"line":1,"column":26}},"1":{"start":{"line":2,"column":0},"end":{"line":2,"column":50}},"2":{"start":{"line":3,"column":0},"end":{"line":3,"column":0}},"3":{"start":{"line":4,"column":0},"end":{"line":4,"column":0}},"4":{"start":{"line":5,"column":0},"end":{"line":5,"column":65}},"5":{"start":{"line":6,"column":0},"end":{"line":6,"column":10}},"6":{"start":{"line":7,"column":0},"end":{"line":7,"column":11}},"7":{"start":{"line":8,"column":0},"end":{"line":8,"column":31}},"8":{"start":{"line":9,"column":0},"end":{"line":9,"column":21}},"9":{"start":{"line":10,"column":0},"end":{"line":10,"column":43}},"10":{"start":{"line":11,"column":0},"end":{"line":11,"column":4}},"11":{"start":{"line":12,"column":0},"end":{"line":12,"column":1}},"12":{"start":{"line":13,"column":0},"end":{"line":13,"column":0}},"13":{"start":{"line":14,"column":0},"end":{"line":14,"column":38}},"14":{"start":{"line":15,"column":0},"end":{"line":15,"column":52}},"15":{"start":{"line":16,"column":0},"end":{"line":16,"column":30}},"16":{"start":{"line":17,"column":0},"end":{"line":17,"column":0}},"17":{"start":{"line":18,"column":0},"end":{"line":18,"column":56}},"18":{"start":{"line":19,"column":0},"end":{"line":19,"column":38}},"19":{"start":{"line":20,"column":0},"end":{"line":20,"column":0}},"20":{"start":{"line":21,"column":0},"end":{"line":21,"column":25}},"21":{"start":{"line":22,"column":0},"end":{"line":22,"column":54}},"22":{"start":{"line":23,"column":0},"end":{"line":23,"column":5}},"23":{"start":{"line":24,"column":0},"end":{"line":24,"column":0}},"24":{"start":{"line":25,"column":0},"end":{"line":25,"column":22}},"25":{"start":{"line":26,"column":0},"end":{"line":26,"column":31}},"26":{"start":{"line":27,"column":0},"end":{"line":27,"column":5}},"27":{"start":{"line":28,"column":0},"end":{"line":28,"column":0}},"28":{"start":{"line":29,"column":0},"end":{"line":29,"column":59}},"29":{"start":{"line":30,"column":0},"end":{"line":30,"column":46}},"30":{"start":{"line":31,"column":0},"end":{"line":31,"column":42}},"31":{"start":{"line":32,"column":0},"end":{"line":32,"column":75}},"32":{"start":{"line":33,"column":0},"end":{"line":33,"column":38}},"33":{"start":{"line":34,"column":0},"end":{"line":34,"column":50}},"34":{"start":{"line":35,"column":0},"end":{"line":35,"column":35}},"35":{"start":{"line":36,"column":0},"end":{"line":36,"column":7}},"36":{"start":{"line":37,"column":0},"end":{"line":37,"column":5}},"37":{"start":{"line":38,"column":0},"end":{"line":38,"column":3}},"38":{"start":{"line":39,"column":0},"end":{"line":39,"column":0}},"39":{"start":{"line":40,"column":0},"end":{"line":40,"column":39}},"40":{"start":{"line":41,"column":0},"end":{"line":41,"column":1}},"41":{"start":{"line":42,"column":0},"end":{"line":42,"column":0}},"42":{"start":{"line":43,"column":0},"end":{"line":43,"column":62}},"43":{"start":{"line":44,"column":0},"end":{"line":44,"column":33}},"44":{"start":{"line":45,"column":0},"end":{"line":45,"column":17}},"45":{"start":{"line":46,"column":0},"end":{"line":46,"column":3}},"46":{"start":{"line":47,"column":0},"end":{"line":47,"column":0}},"47":{"start":{"line":48,"column":0},"end":{"line":48,"column":30}},"48":{"start":{"line":49,"column":0},"end":{"line":49,"column":75}},"49":{"start":{"line":50,"column":0},"end":{"line":50,"column":3}},"50":{"start":{"line":51,"column":0},"end":{"line":51,"column":0}},"51":{"start":{"line":52,"column":0},"end":{"line":52,"column":34}},"52":{"start":{"line":53,"column":0},"end":{"line":53,"column":36}},"53":{"start":{"line":54,"column":0},"end":{"line":54,"column":19}},"54":{"start":{"line":55,"column":0},"end":{"line":55,"column":76}},"55":{"start":{"line":56,"column":0},"end":{"line":56,"column":37}},"56":{"start":{"line":57,"column":0},"end":{"line":57,"column":0}},"57":{"start":{"line":58,"column":0},"end":{"line":58,"column":40}},"58":{"start":{"line":59,"column":0},"end":{"line":59,"column":16}},"59":{"start":{"line":60,"column":0},"end":{"line":60,"column":25}},"60":{"start":{"line":61,"column":0},"end":{"line":61,"column":42}},"61":{"start":{"line":62,"column":0},"end":{"line":62,"column":80}},"62":{"start":{"line":63,"column":0},"end":{"line":63,"column":27}},"63":{"start":{"line":64,"column":0},"end":{"line":64,"column":60}},"64":{"start":{"line":65,"column":0},"end":{"line":65,"column":52}},"65":{"start":{"line":66,"column":0},"end":{"line":66,"column":10}},"66":{"start":{"line":67,"column":0},"end":{"line":67,"column":7}},"67":{"start":{"line":68,"column":0},"end":{"line":68,"column":6}},"68":{"start":{"line":69,"column":0},"end":{"line":69,"column":14}},"69":{"start":{"line":70,"column":0},"end":{"line":70,"column":23}},"70":{"start":{"line":71,"column":0},"end":{"line":71,"column":29}},"71":{"start":{"line":72,"column":0},"end":{"line":72,"column":45}},"72":{"start":{"line":73,"column":0},"end":{"line":73,"column":8}},"73":{"start":{"line":74,"column":0},"end":{"line":74,"column":5}},"74":{"start":{"line":75,"column":0},"end":{"line":75,"column":78}},"75":{"start":{"line":76,"column":0},"end":{"line":76,"column":3}},"76":{"start":{"line":77,"column":0},"end":{"line":77,"column":0}},"77":{"start":{"line":78,"column":0},"end":{"line":78,"column":0}},"78":{"start":{"line":79,"column":0},"end":{"line":79,"column":52}},"79":{"start":{"line":80,"column":0},"end":{"line":80,"column":29}},"80":{"start":{"line":81,"column":0},"end":{"line":81,"column":0}},"81":{"start":{"line":82,"column":0},"end":{"line":82,"column":2}},"82":{"start":{"line":83,"column":0},"end":{"line":83,"column":26}},"83":{"start":{"line":84,"column":0},"end":{"line":84,"column":4}},"84":{"start":{"line":85,"column":0},"end":{"line":85,"column":66}},"85":{"start":{"line":86,"column":0},"end":{"line":86,"column":6}},"86":{"start":{"line":87,"column":0},"end":{"line":87,"column":14}},"87":{"start":{"line":88,"column":0},"end":{"line":88,"column":27}},"88":{"start":{"line":89,"column":0},"end":{"line":89,"column":52}},"89":{"start":{"line":90,"column":0},"end":{"line":90,"column":8}},"90":{"start":{"line":91,"column":0},"end":{"line":91,"column":71}},"91":{"start":{"line":92,"column":0},"end":{"line":92,"column":40}},"92":{"start":{"line":93,"column":0},"end":{"line":93,"column":8}},"93":{"start":{"line":94,"column":0},"end":{"line":94,"column":5}},"94":{"start":{"line":95,"column":0},"end":{"line":95,"column":0}},"95":{"start":{"line":96,"column":0},"end":{"line":96,"column":2}},"96":{"start":{"line":97,"column":0},"end":{"line":97,"column":77}},"97":{"start":{"line":98,"column":0},"end":{"line":98,"column":93}},"98":{"start":{"line":99,"column":0},"end":{"line":99,"column":5}},"99":{"start":{"line":100,"column":0},"end":{"line":100,"column":3}},"100":{"start":{"line":101,"column":0},"end":{"line":101,"column":0}},"101":{"start":{"line":102,"column":0},"end":{"line":102,"column":48}},"102":{"start":{"line":103,"column":0},"end":{"line":103,"column":10}},"103":{"start":{"line":104,"column":0},"end":{"line":104,"column":17}},"104":{"start":{"line":105,"column":0},"end":{"line":105,"column":26}},"105":{"start":{"line":106,"column":0},"end":{"line":106,"column":86}},"106":{"start":{"line":107,"column":0},"end":{"line":107,"column":4}},"107":{"start":{"line":108,"column":0},"end":{"line":108,"column":1}}},"s":{"0":1,"1":1,"2":1,"3":1,"4":33,"5":33,"6":33,"7":31,"8":30,"9":18,"10":33,"11":33,"12":1,"13":9,"14":9,"15":9,"16":9,"17":9,"18":5,"19":5,"20":5,"21":4,"22":4,"23":5,"24":5,"25":4,"26":4,"27":5,"28":5,"29":3,"30":3,"31":3,"32":2,"33":3,"34":1,"35":1,"36":3,"37":5,"38":9,"39":9,"40":9,"41":1,"42":1,"43":33,"44":17,"45":17,"46":16,"47":27,"48":0,"49":0,"50":16,"51":22,"52":15,"53":15,"54":9,"55":9,"56":9,"57":9,"58":8,"59":8,"60":8,"61":8,"62":7,"63":1,"64":8,"65":8,"66":8,"67":1,"68":1,"69":1,"70":1,"71":1,"72":1,"73":1,"74":4,"75":4,"76":1,"77":1,"78":33,"79":1,"80":1,"81":1,"82":1,"83":0,"84":0,"85":0,"86":0,"87":0,"88":0,"89":0,"90":0,"91":0,"92":0,"93":0,"94":1,"95":1,"96":1,"97":0,"98":0,"99":1,"100":1,"101":1,"102":1,"103":1,"104":1,"105":33,"106":33,"107":33},"branchMap":{"0":{"type":"branch","line":5,"loc":{"start":{"line":5,"column":0},"end":{"line":12,"column":1}},"locations":[{"start":{"line":5,"column":0},"end":{"line":12,"column":1}}]},"1":{"type":"branch","line":7,"loc":{"start":{"line":7,"column":4},"end":{"line":8,"column":31}},"locations":[{"start":{"line":7,"column":4},"end":{"line":8,"column":31}}]},"2":{"type":"branch","line":8,"loc":{"start":{"line":8,"column":20},"end":{"line":9,"column":21}},"locations":[{"start":{"line":8,"column":20},"end":{"line":9,"column":21}}]},"3":{"type":"branch","line":9,"loc":{"start":{"line":9,"column":14},"end":{"line":10,"column":43}},"locations":[{"start":{"line":9,"column":14},"end":{"line":10,"column":43}}]},"4":{"type":"branch","line":10,"loc":{"start":{"line":10,"column":17},"end":{"line":10,"column":43}},"locations":[{"start":{"line":10,"column":17},"end":{"line":10,"column":43}}]},"5":{"type":"branch","line":14,"loc":{"start":{"line":14,"column":0},"end":{"line":41,"column":1}},"locations":[{"start":{"line":14,"column":0},"end":{"line":41,"column":1}}]},"6":{"type":"branch","line":15,"loc":{"start":{"line":15,"column":28},"end":{"line":15,"column":52}},"locations":[{"start":{"line":15,"column":28},"end":{"line":15,"column":52}}]},"7":{"type":"branch","line":18,"loc":{"start":{"line":18,"column":12},"end":{"line":18,"column":55}},"locations":[{"start":{"line":18,"column":12},"end":{"line":18,"column":55}}]},"8":{"type":"branch","line":18,"loc":{"start":{"line":18,"column":55},"end":{"line":38,"column":3}},"locations":[{"start":{"line":18,"column":55},"end":{"line":38,"column":3}}]},"9":{"type":"branch","line":21,"loc":{"start":{"line":21,"column":24},"end":{"line":23,"column":5}},"locations":[{"start":{"line":21,"column":24},"end":{"line":23,"column":5}}]},"10":{"type":"branch","line":22,"loc":{"start":{"line":22,"column":29},"end":{"line":22,"column":54}},"locations":[{"start":{"line":22,"column":29},"end":{"line":22,"column":54}}]},"11":{"type":"branch","line":25,"loc":{"start":{"line":25,"column":21},"end":{"line":27,"column":5}},"locations":[{"start":{"line":25,"column":21},"end":{"line":27,"column":5}}]},"12":{"type":"branch","line":29,"loc":{"start":{"line":29,"column":9},"end":{"line":29,"column":58}},"locations":[{"start":{"line":29,"column":9},"end":{"line":29,"column":58}}]},"13":{"type":"branch","line":29,"loc":{"start":{"line":29,"column":58},"end":{"line":37,"column":5}},"locations":[{"start":{"line":29,"column":58},"end":{"line":37,"column":5}}]},"14":{"type":"branch","line":32,"loc":{"start":{"line":32,"column":34},"end":{"line":32,"column":74}},"locations":[{"start":{"line":32,"column":34},"end":{"line":32,"column":74}}]},"15":{"type":"branch","line":32,"loc":{"start":{"line":32,"column":74},"end":{"line":34,"column":17}},"locations":[{"start":{"line":32,"column":74},"end":{"line":34,"column":17}}]},"16":{"type":"branch","line":34,"loc":{"start":{"line":34,"column":6},"end":{"line":36,"column":7}},"locations":[{"start":{"line":34,"column":6},"end":{"line":36,"column":7}}]},"17":{"type":"branch","line":43,"loc":{"start":{"line":43,"column":7},"end":{"line":108,"column":1}},"locations":[{"start":{"line":43,"column":7},"end":{"line":108,"column":1}}]},"18":{"type":"branch","line":44,"loc":{"start":{"line":44,"column":32},"end":{"line":46,"column":3}},"locations":[{"start":{"line":44,"column":32},"end":{"line":46,"column":3}}]},"19":{"type":"branch","line":46,"loc":{"start":{"line":46,"column":2},"end":{"line":79,"column":51}},"locations":[{"start":{"line":46,"column":2},"end":{"line":79,"column":51}}]},"20":{"type":"branch","line":46,"loc":{"start":{"line":46,"column":2},"end":{"line":48,"column":29}},"locations":[{"start":{"line":46,"column":2},"end":{"line":48,"column":29}}]},"21":{"type":"branch","line":48,"loc":{"start":{"line":48,"column":29},"end":{"line":50,"column":3}},"locations":[{"start":{"line":48,"column":29},"end":{"line":50,"column":3}}]},"22":{"type":"branch","line":50,"loc":{"start":{"line":50,"column":2},"end":{"line":76,"column":3}},"locations":[{"start":{"line":50,"column":2},"end":{"line":76,"column":3}}]},"23":{"type":"branch","line":50,"loc":{"start":{"line":50,"column":2},"end":{"line":52,"column":33}},"locations":[{"start":{"line":50,"column":2},"end":{"line":52,"column":33}}]},"24":{"type":"branch","line":52,"loc":{"start":{"line":52,"column":33},"end":{"line":76,"column":3}},"locations":[{"start":{"line":52,"column":33},"end":{"line":76,"column":3}}]},"25":{"type":"branch","line":54,"loc":{"start":{"line":54,"column":18},"end":{"line":74,"column":5}},"locations":[{"start":{"line":54,"column":18},"end":{"line":74,"column":5}}]},"26":{"type":"branch","line":58,"loc":{"start":{"line":58,"column":10},"end":{"line":58,"column":39}},"locations":[{"start":{"line":58,"column":10},"end":{"line":58,"column":39}}]},"27":{"type":"branch","line":58,"loc":{"start":{"line":58,"column":39},"end":{"line":67,"column":7}},"locations":[{"start":{"line":58,"column":39},"end":{"line":67,"column":7}}]},"28":{"type":"branch","line":61,"loc":{"start":{"line":61,"column":16},"end":{"line":61,"column":42}},"locations":[{"start":{"line":61,"column":16},"end":{"line":61,"column":42}}]},"29":{"type":"branch","line":62,"loc":{"start":{"line":62,"column":44},"end":{"line":62,"column":80}},"locations":[{"start":{"line":62,"column":44},"end":{"line":62,"column":80}}]},"30":{"type":"branch","line":62,"loc":{"start":{"line":62,"column":79},"end":{"line":63,"column":27}},"locations":[{"start":{"line":62,"column":79},"end":{"line":63,"column":27}}]},"31":{"type":"branch","line":63,"loc":{"start":{"line":63,"column":14},"end":{"line":64,"column":60}},"locations":[{"start":{"line":63,"column":14},"end":{"line":64,"column":60}}]},"32":{"type":"branch","line":65,"loc":{"start":{"line":65,"column":32},"end":{"line":65,"column":52}},"locations":[{"start":{"line":65,"column":32},"end":{"line":65,"column":52}}]},"33":{"type":"branch","line":67,"loc":{"start":{"line":67,"column":6},"end":{"line":74,"column":5}},"locations":[{"start":{"line":67,"column":6},"end":{"line":74,"column":5}}]},"34":{"type":"branch","line":74,"loc":{"start":{"line":74,"column":4},"end":{"line":76,"column":3}},"locations":[{"start":{"line":74,"column":4},"end":{"line":76,"column":3}}]},"35":{"type":"branch","line":76,"loc":{"start":{"line":76,"column":2},"end":{"line":79,"column":51}},"locations":[{"start":{"line":76,"column":2},"end":{"line":79,"column":51}}]},"36":{"type":"branch","line":79,"loc":{"start":{"line":79,"column":51},"end":{"line":106,"column":54}},"locations":[{"start":{"line":79,"column":51},"end":{"line":106,"column":54}}]},"37":{"type":"branch","line":83,"loc":{"start":{"line":83,"column":25},"end":{"line":94,"column":5}},"locations":[{"start":{"line":83,"column":25},"end":{"line":94,"column":5}}]},"38":{"type":"branch","line":97,"loc":{"start":{"line":97,"column":13},"end":{"line":97,"column":47}},"locations":[{"start":{"line":97,"column":13},"end":{"line":97,"column":47}}]},"39":{"type":"branch","line":97,"loc":{"start":{"line":97,"column":76},"end":{"line":99,"column":5}},"locations":[{"start":{"line":97,"column":76},"end":{"line":99,"column":5}}]},"40":{"type":"branch","line":106,"loc":{"start":{"line":106,"column":44},"end":{"line":106,"column":86}},"locations":[{"start":{"line":106,"column":44},"end":{"line":106,"column":86}}]}},"b":{"0":[33],"1":[31],"2":[30],"3":[18],"4":[3],"5":[9],"6":[7],"7":[5],"8":[5],"9":[4],"10":[3],"11":[4],"12":[3],"13":[3],"14":[2],"15":[2],"16":[1],"17":[33],"18":[17],"19":[27],"20":[16],"21":[0],"22":[22],"23":[16],"24":[15],"25":[9],"26":[2],"27":[8],"28":[3],"29":[7],"30":[7],"31":[1],"32":[3],"33":[1],"34":[4],"35":[1],"36":[1],"37":[0],"38":[0],"39":[0],"40":[0]},"fnMap":{"0":{"name":"isAlreadyApiError","decl":{"start":{"line":5,"column":0},"end":{"line":12,"column":1}},"loc":{"start":{"line":5,"column":0},"end":{"line":12,"column":1}},"line":5},"1":{"name":"extractErrorData","decl":{"start":{"line":14,"column":0},"end":{"line":41,"column":1}},"loc":{"start":{"line":14,"column":0},"end":{"line":41,"column":1}},"line":14},"2":{"name":"toApiError","decl":{"start":{"line":43,"column":7},"end":{"line":108,"column":1}},"loc":{"start":{"line":43,"column":7},"end":{"line":108,"column":1}},"line":43}},"f":{"0":33,"1":9,"2":33}}
,"C:\\Users\\Denys\\Coding\\rosenblum-website\\frontend\\frontend\\src\\components\\ApiErrorAlert.tsx": {"path":"C:\\Users\\Denys\\Coding\\rosenblum-website\\frontend\\frontend\\src\\components\\ApiErrorAlert.tsx","all":false,"statementMap":{"0":{"start":{"line":1,"column":0},"end":{"line":1,"column":51}},"1":{"start":{"line":2,"column":0},"end":{"line":2,"column":38}},"2":{"start":{"line":3,"column":0},"end":{"line":3,"column":68}},"3":{"start":{"line":4,"column":0},"end":{"line":4,"column":50}},"4":{"start":{"line":5,"column":0},"end":{"line":5,"column":0}},"5":{"start":{"line":6,"column":0},"end":{"line":6,"column":30}},"6":{"start":{"line":7,"column":0},"end":{"line":7,"column":34}},"7":{"start":{"line":8,"column":0},"end":{"line":8,"column":33}},"8":{"start":{"line":9,"column":0},"end":{"line":9,"column":24}},"9":{"start":{"line":10,"column":0},"end":{"line":10,"column":23}},"10":{"start":{"line":11,"column":0},"end":{"line":11,"column":18}},"11":{"start":{"line":12,"column":0},"end":{"line":12,"column":28}},"12":{"start":{"line":13,"column":0},"end":{"line":13,"column":20}},"13":{"start":{"line":14,"column":0},"end":{"line":14,"column":1}},"14":{"start":{"line":15,"column":0},"end":{"line":15,"column":0}},"15":{"start":{"line":16,"column":0},"end":{"line":16,"column":143}},"16":{"start":{"line":17,"column":0},"end":{"line":17,"column":1}},"17":{"start":{"line":18,"column":0},"end":{"line":18,"column":58}},"18":{"start":{"line":19,"column":0},"end":{"line":19,"column":0}},"19":{"start":{"line":20,"column":0},"end":{"line":20,"column":19}},"20":{"start":{"line":21,"column":0},"end":{"line":21,"column":34}},"21":{"start":{"line":22,"column":0},"end":{"line":22,"column":28}},"22":{"start":{"line":23,"column":0},"end":{"line":23,"column":12}},"23":{"start":{"line":24,"column":0},"end":{"line":24,"column":29}},"24":{"start":{"line":25,"column":0},"end":{"line":25,"column":5}},"25":{"start":{"line":26,"column":0},"end":{"line":26,"column":30}},"26":{"start":{"line":27,"column":0},"end":{"line":27,"column":0}},"27":{"start":{"line":28,"column":0},"end":{"line":28,"column":32}},"28":{"start":{"line":29,"column":0},"end":{"line":29,"column":27}},"29":{"start":{"line":30,"column":0},"end":{"line":30,"column":28}},"30":{"start":{"line":31,"column":0},"end":{"line":31,"column":35}},"31":{"start":{"line":32,"column":0},"end":{"line":32,"column":4}},"32":{"start":{"line":33,"column":0},"end":{"line":33,"column":0}},"33":{"start":{"line":34,"column":0},"end":{"line":34,"column":33}},"34":{"start":{"line":35,"column":0},"end":{"line":35,"column":0}},"35":{"start":{"line":36,"column":0},"end":{"line":36,"column":77}},"36":{"start":{"line":37,"column":0},"end":{"line":37,"column":56}},"37":{"start":{"line":38,"column":0},"end":{"line":38,"column":0}},"38":{"start":{"line":39,"column":0},"end":{"line":39,"column":94}},"39":{"start":{"line":40,"column":0},"end":{"line":40,"column":0}},"40":{"start":{"line":41,"column":0},"end":{"line":41,"column":55}},"41":{"start":{"line":42,"column":0},"end":{"line":42,"column":0}},"42":{"start":{"line":43,"column":0},"end":{"line":43,"column":72}},"43":{"start":{"line":44,"column":0},"end":{"line":44,"column":6}},"44":{"start":{"line":45,"column":0},"end":{"line":45,"column":37}},"45":{"start":{"line":46,"column":0},"end":{"line":46,"column":0}},"46":{"start":{"line":47,"column":0},"end":{"line":47,"column":27}},"47":{"start":{"line":48,"column":0},"end":{"line":48,"column":17}},"48":{"start":{"line":49,"column":0},"end":{"line":49,"column":27}},"49":{"start":{"line":50,"column":0},"end":{"line":50,"column":35}},"50":{"start":{"line":51,"column":0},"end":{"line":51,"column":17}},"51":{"start":{"line":52,"column":0},"end":{"line":52,"column":23}},"52":{"start":{"line":53,"column":0},"end":{"line":53,"column":35}},"53":{"start":{"line":54,"column":0},"end":{"line":54,"column":7}},"54":{"start":{"line":55,"column":0},"end":{"line":55,"column":0}},"55":{"start":{"line":56,"column":0},"end":{"line":56,"column":46}},"56":{"start":{"line":57,"column":0},"end":{"line":57,"column":0}},"57":{"start":{"line":58,"column":0},"end":{"line":58,"column":29}},"58":{"start":{"line":59,"column":0},"end":{"line":59,"column":6}},"59":{"start":{"line":60,"column":0},"end":{"line":60,"column":10}},"60":{"start":{"line":61,"column":0},"end":{"line":61,"column":4}},"61":{"start":{"line":62,"column":0},"end":{"line":62,"column":0}},"62":{"start":{"line":63,"column":0},"end":{"line":63,"column":21}},"63":{"start":{"line":64,"column":0},"end":{"line":64,"column":0}},"64":{"start":{"line":65,"column":0},"end":{"line":65,"column":23}},"65":{"start":{"line":66,"column":0},"end":{"line":66,"column":0}},"66":{"start":{"line":67,"column":0},"end":{"line":67,"column":15}},"67":{"start":{"line":68,"column":0},"end":{"line":68,"column":117}},"68":{"start":{"line":69,"column":0},"end":{"line":69,"column":24}},"69":{"start":{"line":70,"column":0},"end":{"line":70,"column":14}},"70":{"start":{"line":71,"column":0},"end":{"line":71,"column":6}},"71":{"start":{"line":72,"column":0},"end":{"line":72,"column":0}},"72":{"start":{"line":73,"column":0},"end":{"line":73,"column":21}},"73":{"start":{"line":74,"column":0},"end":{"line":74,"column":0}},"74":{"start":{"line":75,"column":0},"end":{"line":75,"column":39}},"75":{"start":{"line":76,"column":0},"end":{"line":76,"column":4}},"76":{"start":{"line":77,"column":0},"end":{"line":77,"column":44}},"77":{"start":{"line":78,"column":0},"end":{"line":78,"column":59}},"78":{"start":{"line":79,"column":0},"end":{"line":79,"column":5}},"79":{"start":{"line":80,"column":0},"end":{"line":80,"column":0}},"80":{"start":{"line":81,"column":0},"end":{"line":81,"column":15}},"81":{"start":{"line":82,"column":0},"end":{"line":82,"column":0}},"82":{"start":{"line":83,"column":0},"end":{"line":83,"column":115}},"83":{"start":{"line":84,"column":0},"end":{"line":84,"column":24}},"84":{"start":{"line":85,"column":0},"end":{"line":85,"column":14}},"85":{"start":{"line":86,"column":0},"end":{"line":86,"column":0}},"86":{"start":{"line":87,"column":0},"end":{"line":87,"column":6}},"87":{"start":{"line":88,"column":0},"end":{"line":88,"column":3}},"88":{"start":{"line":89,"column":0},"end":{"line":89,"column":0}},"89":{"start":{"line":90,"column":0},"end":{"line":90,"column":28}},"90":{"start":{"line":91,"column":0},"end":{"line":91,"column":0}},"91":{"start":{"line":92,"column":0},"end":{"line":92,"column":10}},"92":{"start":{"line":93,"column":0},"end":{"line":93,"column":0}},"93":{"start":{"line":94,"column":0},"end":{"line":94,"column":38}},"94":{"start":{"line":95,"column":0},"end":{"line":95,"column":15}},"95":{"start":{"line":96,"column":0},"end":{"line":96,"column":10}},"96":{"start":{"line":97,"column":0},"end":{"line":97,"column":0}},"97":{"start":{"line":98,"column":0},"end":{"line":98,"column":4}},"98":{"start":{"line":99,"column":0},"end":{"line":99,"column":1}},"99":{"start":{"line":100,"column":0},"end":{"line":100,"column":0}},"100":{"start":{"line":101,"column":0},"end":{"line":101,"column":29}}},"s":{"0":1,"1":1,"2":1,"3":1,"4":1,"5":1,"6":1,"7":1,"8":1,"9":1,"10":1,"11":1,"12":1,"13":1,"14":1,"15":1,"16":30,"17":30,"18":30,"19":30,"20":15,"21":12,"22":15,"23":3,"24":3,"25":30,"26":30,"27":30,"28":2,"29":2,"30":2,"31":2,"32":30,"33":30,"34":12,"35":30,"36":30,"37":30,"38":30,"39":30,"40":30,"41":12,"42":12,"43":12,"44":12,"45":12,"46":12,"47":12,"48":12,"49":12,"50":12,"51":12,"52":12,"53":12,"54":12,"55":12,"56":12,"57":12,"58":12,"59":12,"60":30,"61":30,"62":30,"63":30,"64":30,"65":2,"66":2,"67":2,"68":2,"69":2,"70":2,"71":2,"72":30,"73":10,"74":10,"75":10,"76":10,"77":1,"78":1,"79":10,"80":10,"81":10,"82":10,"83":10,"84":10,"85":10,"86":10,"87":10,"88":12,"89":30,"90":12,"91":12,"92":12,"93":12,"94":12,"95":12,"96":12,"97":12,"98":12,"99":1,"100":1},"branchMap":{"0":{"type":"branch","line":16,"loc":{"start":{"line":16,"column":52},"end":{"line":99,"column":1}},"locations":[{"start":{"line":16,"column":52},"end":{"line":99,"column":1}}]},"1":{"type":"branch","line":34,"loc":{"start":{"line":34,"column":21},"end":{"line":34,"column":33}},"locations":[{"start":{"line":34,"column":21},"end":{"line":34,"column":33}}]},"2":{"type":"branch","line":34,"loc":{"start":{"line":34,"column":28},"end":{"line":36,"column":32}},"locations":[{"start":{"line":34,"column":28},"end":{"line":36,"column":32}}]},"3":{"type":"branch","line":36,"loc":{"start":{"line":36,"column":24},"end":{"line":36,"column":54}},"locations":[{"start":{"line":36,"column":24},"end":{"line":36,"column":54}}]},"4":{"type":"branch","line":36,"loc":{"start":{"line":36,"column":32},"end":{"line":36,"column":77}},"locations":[{"start":{"line":36,"column":32},"end":{"line":36,"column":77}}]},"5":{"type":"branch","line":37,"loc":{"start":{"line":37,"column":22},"end":{"line":37,"column":53}},"locations":[{"start":{"line":37,"column":22},"end":{"line":37,"column":53}}]},"6":{"type":"branch","line":37,"loc":{"start":{"line":37,"column":36},"end":{"line":37,"column":56}},"locations":[{"start":{"line":37,"column":36},"end":{"line":37,"column":56}}]},"7":{"type":"branch","line":65,"loc":{"start":{"line":65,"column":22},"end":{"line":73,"column":13}},"locations":[{"start":{"line":65,"column":22},"end":{"line":73,"column":13}}]},"8":{"type":"branch","line":73,"loc":{"start":{"line":73,"column":2},"end":{"line":88,"column":3}},"locations":[{"start":{"line":73,"column":2},"end":{"line":88,"column":3}}]},"9":{"type":"branch","line":77,"loc":{"start":{"line":77,"column":43},"end":{"line":79,"column":5}},"locations":[{"start":{"line":77,"column":43},"end":{"line":79,"column":5}}]},"10":{"type":"branch","line":88,"loc":{"start":{"line":88,"column":2},"end":{"line":90,"column":23}},"locations":[{"start":{"line":88,"column":2},"end":{"line":90,"column":23}}]},"11":{"type":"branch","line":90,"loc":{"start":{"line":90,"column":16},"end":{"line":90,"column":28}},"locations":[{"start":{"line":90,"column":16},"end":{"line":90,"column":28}}]},"12":{"type":"branch","line":90,"loc":{"start":{"line":90,"column":23},"end":{"line":99,"column":1}},"locations":[{"start":{"line":90,"column":23},"end":{"line":99,"column":1}}]},"13":{"type":"branch","line":20,"loc":{"start":{"line":20,"column":12},"end":{"line":26,"column":5}},"locations":[{"start":{"line":20,"column":12},"end":{"line":26,"column":5}}]},"14":{"type":"branch","line":21,"loc":{"start":{"line":21,"column":8},"end":{"line":21,"column":33}},"locations":[{"start":{"line":21,"column":8},"end":{"line":21,"column":33}}]},"15":{"type":"branch","line":21,"loc":{"start":{"line":21,"column":33},"end":{"line":23,"column":11}},"locations":[{"start":{"line":21,"column":33},"end":{"line":23,"column":11}}]},"16":{"type":"branch","line":23,"loc":{"start":{"line":23,"column":4},"end":{"line":25,"column":5}},"locations":[{"start":{"line":23,"column":4},"end":{"line":25,"column":5}}]},"17":{"type":"branch","line":28,"loc":{"start":{"line":28,"column":25},"end":{"line":32,"column":4}},"locations":[{"start":{"line":28,"column":25},"end":{"line":32,"column":4}}]},"18":{"type":"branch","line":30,"loc":{"start":{"line":30,"column":17},"end":{"line":30,"column":28}},"locations":[{"start":{"line":30,"column":17},"end":{"line":30,"column":28}}]},"19":{"type":"branch","line":41,"loc":{"start":{"line":41,"column":30},"end":{"line":60,"column":10}},"locations":[{"start":{"line":41,"column":30},"end":{"line":60,"column":10}}]},"20":{"type":"branch","line":45,"loc":{"start":{"line":45,"column":7},"end":{"line":45,"column":37}},"locations":[{"start":{"line":45,"column":7},"end":{"line":45,"column":37}}]},"21":{"type":"branch","line":56,"loc":{"start":{"line":56,"column":9},"end":{"line":56,"column":46}},"locations":[{"start":{"line":56,"column":9},"end":{"line":56,"column":46}}]}},"b":{"0":[30],"1":[18],"2":[12],"3":[1],"4":[11],"5":[1],"6":[11],"7":[2],"8":[10],"9":[1],"10":[12],"11":[0],"12":[12],"13":[15],"14":[5],"15":[12],"16":[3],"17":[2],"18":[1],"19":[12],"20":[1],"21":[12]},"fnMap":{"0":{"name":"ApiErrorAlert","decl":{"start":{"line":16,"column":52},"end":{"line":99,"column":1}},"loc":{"start":{"line":16,"column":52},"end":{"line":99,"column":1}},"line":16},"1":{"name":"handleComplete","decl":{"start":{"line":28,"column":25},"end":{"line":32,"column":4}},"loc":{"start":{"line":28,"column":25},"end":{"line":32,"column":4}},"line":28},"2":{"name":"renderActionElement","decl":{"start":{"line":41,"column":30},"end":{"line":60,"column":10}},"loc":{"start":{"line":41,"column":30},"end":{"line":60,"column":10}},"line":41},"3":{"name":"children","decl":{"start":{"line":56,"column":9},"end":{"line":56,"column":46}},"loc":{"start":{"line":56,"column":9},"end":{"line":56,"column":46}},"line":56}},"f":{"0":30,"1":2,"2":12,"3":12}}
,"C:\\Users\\Denys\\Coding\\rosenblum-website\\frontend\\frontend\\src\\components\\FAQAccordion.tsx": {"path":"C:\\Users\\Denys\\Coding\\rosenblum-website\\frontend\\frontend\\src\\components\\FAQAccordion.tsx","all":false,"statementMap":{"0":{"start":{"line":1,"column":0},"end":{"line":1,"column":26}},"1":{"start":{"line":2,"column":0},"end":{"line":2,"column":48}},"2":{"start":{"line":3,"column":0},"end":{"line":3,"column":62}},"3":{"start":{"line":4,"column":0},"end":{"line":4,"column":50}},"4":{"start":{"line":5,"column":0},"end":{"line":5,"column":66}},"5":{"start":{"line":6,"column":0},"end":{"line":6,"column":37}},"6":{"start":{"line":7,"column":0},"end":{"line":7,"column":47}},"7":{"start":{"line":8,"column":0},"end":{"line":8,"column":46}},"8":{"start":{"line":9,"column":0},"end":{"line":9,"column":40}},"9":{"start":{"line":10,"column":0},"end":{"line":10,"column":0}},"10":{"start":{"line":11,"column":0},"end":{"line":11,"column":24}},"11":{"start":{"line":12,"column":0},"end":{"line":12,"column":18}},"12":{"start":{"line":13,"column":0},"end":{"line":13,"column":17}},"13":{"start":{"line":14,"column":0},"end":{"line":14,"column":36}},"14":{"start":{"line":15,"column":0},"end":{"line":15,"column":18}},"15":{"start":{"line":16,"column":0},"end":{"line":16,"column":1}},"16":{"start":{"line":17,"column":0},"end":{"line":17,"column":0}},"17":{"start":{"line":18,"column":0},"end":{"line":18,"column":41}},"18":{"start":{"line":19,"column":0},"end":{"line":19,"column":99}},"19":{"start":{"line":20,"column":0},"end":{"line":20,"column":65}},"20":{"start":{"line":21,"column":0},"end":{"line":21,"column":82}},"21":{"start":{"line":22,"column":0},"end":{"line":22,"column":82}},"22":{"start":{"line":23,"column":0},"end":{"line":23,"column":91}},"23":{"start":{"line":24,"column":0},"end":{"line":24,"column":63}},"24":{"start":{"line":25,"column":0},"end":{"line":25,"column":95}},"25":{"start":{"line":26,"column":0},"end":{"line":26,"column":85}},"26":{"start":{"line":27,"column":0},"end":{"line":27,"column":63}},"27":{"start":{"line":28,"column":0},"end":{"line":28,"column":1}},"28":{"start":{"line":29,"column":0},"end":{"line":29,"column":0}},"29":{"start":{"line":30,"column":0},"end":{"line":30,"column":51}},"30":{"start":{"line":31,"column":0},"end":{"line":31,"column":40}},"31":{"start":{"line":32,"column":0},"end":{"line":32,"column":23}},"32":{"start":{"line":33,"column":0},"end":{"line":33,"column":29}},"33":{"start":{"line":34,"column":0},"end":{"line":34,"column":4}},"34":{"start":{"line":35,"column":0},"end":{"line":35,"column":0}},"35":{"start":{"line":36,"column":0},"end":{"line":36,"column":53}},"36":{"start":{"line":37,"column":0},"end":{"line":37,"column":23}},"37":{"start":{"line":38,"column":0},"end":{"line":38,"column":4}},"38":{"start":{"line":39,"column":0},"end":{"line":39,"column":3}},"39":{"start":{"line":40,"column":0},"end":{"line":40,"column":0}},"40":{"start":{"line":41,"column":0},"end":{"line":41,"column":59}},"41":{"start":{"line":42,"column":0},"end":{"line":42,"column":25}},"42":{"start":{"line":43,"column":0},"end":{"line":43,"column":24}},"43":{"start":{"line":44,"column":0},"end":{"line":44,"column":25}},"44":{"start":{"line":45,"column":0},"end":{"line":45,"column":3}},"45":{"start":{"line":46,"column":0},"end":{"line":46,"column":0}},"46":{"start":{"line":47,"column":0},"end":{"line":47,"column":38}},"47":{"start":{"line":48,"column":0},"end":{"line":48,"column":0}},"48":{"start":{"line":49,"column":0},"end":{"line":49,"column":35}},"49":{"start":{"line":50,"column":0},"end":{"line":50,"column":0}},"50":{"start":{"line":51,"column":0},"end":{"line":51,"column":12}},"51":{"start":{"line":52,"column":0},"end":{"line":52,"column":13}},"52":{"start":{"line":53,"column":0},"end":{"line":53,"column":0}},"53":{"start":{"line":54,"column":0},"end":{"line":54,"column":48}},"54":{"start":{"line":55,"column":0},"end":{"line":55,"column":69}},"55":{"start":{"line":56,"column":0},"end":{"line":56,"column":41}},"56":{"start":{"line":57,"column":0},"end":{"line":57,"column":78}},"57":{"start":{"line":58,"column":0},"end":{"line":58,"column":54}},"58":{"start":{"line":59,"column":0},"end":{"line":59,"column":42}},"59":{"start":{"line":60,"column":0},"end":{"line":60,"column":25}},"60":{"start":{"line":61,"column":0},"end":{"line":61,"column":76}},"61":{"start":{"line":62,"column":0},"end":{"line":62,"column":43}},"62":{"start":{"line":63,"column":0},"end":{"line":63,"column":48}},"63":{"start":{"line":64,"column":0},"end":{"line":64,"column":36}},"64":{"start":{"line":65,"column":0},"end":{"line":65,"column":0}},"65":{"start":{"line":66,"column":0},"end":{"line":66,"column":42}},"66":{"start":{"line":67,"column":0},"end":{"line":67,"column":0}},"67":{"start":{"line":68,"column":0},"end":{"line":68,"column":52}},"68":{"start":{"line":69,"column":0},"end":{"line":69,"column":32}},"69":{"start":{"line":70,"column":0},"end":{"line":70,"column":0}},"70":{"start":{"line":71,"column":0},"end":{"line":71,"column":144}},"71":{"start":{"line":72,"column":0},"end":{"line":72,"column":36}},"72":{"start":{"line":73,"column":0},"end":{"line":73,"column":32}},"73":{"start":{"line":74,"column":0},"end":{"line":74,"column":32}},"74":{"start":{"line":75,"column":0},"end":{"line":75,"column":30}},"75":{"start":{"line":76,"column":0},"end":{"line":76,"column":0}},"76":{"start":{"line":77,"column":0},"end":{"line":77,"column":144}},"77":{"start":{"line":78,"column":0},"end":{"line":78,"column":0}},"78":{"start":{"line":79,"column":0},"end":{"line":79,"column":37}},"79":{"start":{"line":80,"column":0},"end":{"line":80,"column":0}},"80":{"start":{"line":81,"column":0},"end":{"line":81,"column":49}},"81":{"start":{"line":82,"column":0},"end":{"line":82,"column":38}},"82":{"start":{"line":83,"column":0},"end":{"line":83,"column":15}},"83":{"start":{"line":84,"column":0},"end":{"line":84,"column":12}},"84":{"start":{"line":85,"column":0},"end":{"line":85,"column":14}},"85":{"start":{"line":86,"column":0},"end":{"line":86,"column":6}},"86":{"start":{"line":87,"column":0},"end":{"line":87,"column":1}},"87":{"start":{"line":88,"column":0},"end":{"line":88,"column":0}},"88":{"start":{"line":89,"column":0},"end":{"line":89,"column":28}}},"s":{"0":1,"1":1,"2":1,"3":1,"4":1,"5":1,"6":1,"7":1,"8":1,"9":1,"10":1,"11":1,"12":1,"13":1,"14":1,"15":1,"16":1,"17":1,"18":1,"19":1,"20":1,"21":1,"22":1,"23":1,"24":1,"25":1,"26":1,"27":1,"28":1,"29":1,"30":108,"31":108,"32":108,"33":1,"34":1,"35":1,"36":108,"37":108,"38":1,"39":1,"40":1,"41":108,"42":108,"43":108,"44":1,"45":1,"46":1,"47":13,"48":13,"49":13,"50":13,"51":13,"52":13,"53":13,"54":117,"55":117,"56":117,"57":117,"58":117,"59":117,"60":117,"61":117,"62":117,"63":117,"64":117,"65":117,"66":117,"67":117,"68":13,"69":13,"70":13,"71":117,"72":117,"73":117,"74":117,"75":117,"76":117,"77":117,"78":117,"79":117,"80":117,"81":117,"82":13,"83":13,"84":13,"85":13,"86":13,"87":1,"88":1},"branchMap":{"0":{"type":"branch","line":30,"loc":{"start":{"line":30,"column":42},"end":{"line":34,"column":2}},"locations":[{"start":{"line":30,"column":42},"end":{"line":34,"column":2}}]},"1":{"type":"branch","line":36,"loc":{"start":{"line":36,"column":44},"end":{"line":39,"column":2}},"locations":[{"start":{"line":36,"column":44},"end":{"line":39,"column":2}}]},"2":{"type":"branch","line":41,"loc":{"start":{"line":41,"column":50},"end":{"line":45,"column":2}},"locations":[{"start":{"line":41,"column":50},"end":{"line":45,"column":2}}]},"3":{"type":"branch","line":47,"loc":{"start":{"line":47,"column":31},"end":{"line":87,"column":1}},"locations":[{"start":{"line":47,"column":31},"end":{"line":87,"column":1}}]},"4":{"type":"branch","line":54,"loc":{"start":{"line":54,"column":32},"end":{"line":82,"column":38}},"locations":[{"start":{"line":54,"column":32},"end":{"line":82,"column":38}}]},"5":{"type":"branch","line":68,"loc":{"start":{"line":68,"column":34},"end":{"line":71,"column":144}},"locations":[{"start":{"line":68,"column":34},"end":{"line":71,"column":144}}]},"6":{"type":"branch","line":77,"loc":{"start":{"line":77,"column":34},"end":{"line":77,"column":144}},"locations":[{"start":{"line":77,"column":34},"end":{"line":77,"column":144}}]}},"b":{"0":[108],"1":[108],"2":[108],"3":[13],"4":[117],"5":[13],"6":[78]},"fnMap":{"0":{"name":"FAQAccordion","decl":{"start":{"line":47,"column":31},"end":{"line":87,"column":1}},"loc":{"start":{"line":47,"column":31},"end":{"line":87,"column":1}},"line":47}},"f":{"0":13}}
,"C:\\Users\\Denys\\Coding\\rosenblum-website\\frontend\\frontend\\src\\components\\LanguageDropdown.tsx": {"path":"C:\\Users\\Denys\\Coding\\rosenblum-website\\frontend\\frontend\\src\\components\\LanguageDropdown.tsx","all":false,"statementMap":{"0":{"start":{"line":1,"column":0},"end":{"line":1,"column":26}},"1":{"start":{"line":2,"column":0},"end":{"line":2,"column":107}},"2":{"start":{"line":3,"column":0},"end":{"line":3,"column":38}},"3":{"start":{"line":4,"column":0},"end":{"line":4,"column":38}},"4":{"start":{"line":5,"column":0},"end":{"line":5,"column":38}},"5":{"start":{"line":6,"column":0},"end":{"line":6,"column":47}},"6":{"start":{"line":7,"column":0},"end":{"line":7,"column":0}},"7":{"start":{"line":8,"column":0},"end":{"line":8,"column":23}},"8":{"start":{"line":9,"column":0},"end":{"line":9,"column":15}},"9":{"start":{"line":10,"column":0},"end":{"line":10,"column":16}},"10":{"start":{"line":11,"column":0},"end":{"line":11,"column":15}},"11":{"start":{"line":12,"column":0},"end":{"line":12,"column":16}},"12":{"start":{"line":13,"column":0},"end":{"line":13,"column":2}},"13":{"start":{"line":14,"column":0},"end":{"line":14,"column":0}},"14":{"start":{"line":15,"column":0},"end":{"line":15,"column":37}},"15":{"start":{"line":16,"column":0},"end":{"line":16,"column":62}},"16":{"start":{"line":17,"column":0},"end":{"line":17,"column":61}},"17":{"start":{"line":18,"column":0},"end":{"line":18,"column":64}},"18":{"start":{"line":19,"column":0},"end":{"line":19,"column":2}},"19":{"start":{"line":20,"column":0},"end":{"line":20,"column":0}},"20":{"start":{"line":21,"column":0},"end":{"line":21,"column":42}},"21":{"start":{"line":22,"column":0},"end":{"line":22,"column":0}},"22":{"start":{"line":23,"column":0},"end":{"line":23,"column":36}},"23":{"start":{"line":24,"column":0},"end":{"line":24,"column":80}},"24":{"start":{"line":25,"column":0},"end":{"line":25,"column":0}},"25":{"start":{"line":26,"column":0},"end":{"line":26,"column":62}},"26":{"start":{"line":27,"column":0},"end":{"line":27,"column":53}},"27":{"start":{"line":28,"column":0},"end":{"line":28,"column":30}},"28":{"start":{"line":29,"column":0},"end":{"line":29,"column":37}},"29":{"start":{"line":30,"column":0},"end":{"line":30,"column":4}},"30":{"start":{"line":31,"column":0},"end":{"line":31,"column":0}},"31":{"start":{"line":32,"column":0},"end":{"line":32,"column":10}},"32":{"start":{"line":33,"column":0},"end":{"line":33,"column":4}},"33":{"start":{"line":34,"column":0},"end":{"line":34,"column":60}},"34":{"start":{"line":35,"column":0},"end":{"line":35,"column":0}},"35":{"start":{"line":36,"column":0},"end":{"line":36,"column":13}},"36":{"start":{"line":37,"column":0},"end":{"line":37,"column":31}},"37":{"start":{"line":38,"column":0},"end":{"line":38,"column":28}},"38":{"start":{"line":39,"column":0},"end":{"line":39,"column":24}},"39":{"start":{"line":40,"column":0},"end":{"line":40,"column":31}},"40":{"start":{"line":41,"column":0},"end":{"line":41,"column":7}},"41":{"start":{"line":42,"column":0},"end":{"line":42,"column":0}},"42":{"start":{"line":43,"column":0},"end":{"line":43,"column":34}},"43":{"start":{"line":44,"column":0},"end":{"line":44,"column":0}},"44":{"start":{"line":45,"column":0},"end":{"line":45,"column":112}},"45":{"start":{"line":46,"column":0},"end":{"line":46,"column":0}},"46":{"start":{"line":47,"column":0},"end":{"line":47,"column":86}},"47":{"start":{"line":48,"column":0},"end":{"line":48,"column":0}},"48":{"start":{"line":49,"column":0},"end":{"line":49,"column":78}},"49":{"start":{"line":50,"column":0},"end":{"line":50,"column":105}},"50":{"start":{"line":51,"column":0},"end":{"line":51,"column":29}},"51":{"start":{"line":52,"column":0},"end":{"line":52,"column":0}},"52":{"start":{"line":53,"column":0},"end":{"line":53,"column":76}},"53":{"start":{"line":54,"column":0},"end":{"line":54,"column":0}},"54":{"start":{"line":55,"column":0},"end":{"line":55,"column":18}},"55":{"start":{"line":56,"column":0},"end":{"line":56,"column":0}},"56":{"start":{"line":57,"column":0},"end":{"line":57,"column":21}},"57":{"start":{"line":58,"column":0},"end":{"line":58,"column":0}},"58":{"start":{"line":59,"column":0},"end":{"line":59,"column":11}},"59":{"start":{"line":60,"column":0},"end":{"line":60,"column":0}},"60":{"start":{"line":61,"column":0},"end":{"line":61,"column":15}},"61":{"start":{"line":62,"column":0},"end":{"line":62,"column":0}},"62":{"start":{"line":63,"column":0},"end":{"line":63,"column":18}},"63":{"start":{"line":64,"column":0},"end":{"line":64,"column":4}},"64":{"start":{"line":65,"column":0},"end":{"line":65,"column":2}},"65":{"start":{"line":66,"column":0},"end":{"line":66,"column":0}},"66":{"start":{"line":67,"column":0},"end":{"line":67,"column":32}}},"s":{"0":1,"1":1,"2":1,"3":1,"4":1,"5":1,"6":1,"7":1,"8":1,"9":1,"10":1,"11":1,"12":1,"13":1,"14":1,"15":1,"16":1,"17":1,"18":1,"19":1,"20":1,"21":18,"22":18,"23":18,"24":18,"25":18,"26":3,"27":3,"28":3,"29":3,"30":18,"31":18,"32":18,"33":18,"34":18,"35":18,"36":18,"37":18,"38":18,"39":18,"40":18,"41":18,"42":18,"43":51,"44":51,"45":51,"46":51,"47":51,"48":51,"49":51,"50":51,"51":51,"52":51,"53":51,"54":51,"55":51,"56":51,"57":18,"58":18,"59":18,"60":18,"61":18,"62":18,"63":18,"64":18,"65":1,"66":1},"branchMap":{"0":{"type":"branch","line":21,"loc":{"start":{"line":21,"column":35},"end":{"line":65,"column":2}},"locations":[{"start":{"line":21,"column":35},"end":{"line":65,"column":2}}]},"1":{"type":"branch","line":24,"loc":{"start":{"line":24,"column":62},"end":{"line":24,"column":78}},"locations":[{"start":{"line":24,"column":62},"end":{"line":24,"column":78}}]},"2":{"type":"branch","line":26,"loc":{"start":{"line":26,"column":23},"end":{"line":30,"column":4}},"locations":[{"start":{"line":26,"column":23},"end":{"line":30,"column":4}}]},"3":{"type":"branch","line":43,"loc":{"start":{"line":43,"column":23},"end":{"line":57,"column":21}},"locations":[{"start":{"line":43,"column":23},"end":{"line":57,"column":21}}]}},"b":{"0":[18],"1":[0],"2":[3],"3":[51]},"fnMap":{"0":{"name":"LanguageDropdown","decl":{"start":{"line":21,"column":35},"end":{"line":65,"column":2}},"loc":{"start":{"line":21,"column":35},"end":{"line":65,"column":2}},"line":21},"1":{"name":"handleChange","decl":{"start":{"line":26,"column":23},"end":{"line":30,"column":4}},"loc":{"start":{"line":26,"column":23},"end":{"line":30,"column":4}},"line":26}},"f":{"0":18,"1":3}}
,"C:\\Users\\Denys\\Coding\\rosenblum-website\\frontend\\frontend\\src\\components\\OTPInput.tsx": {"path":"C:\\Users\\Denys\\Coding\\rosenblum-website\\frontend\\frontend\\src\\components\\OTPInput.tsx","all":false,"statementMap":{"0":{"start":{"line":1,"column":0},"end":{"line":1,"column":31}},"1":{"start":{"line":2,"column":0},"end":{"line":2,"column":53}},"2":{"start":{"line":3,"column":0},"end":{"line":3,"column":42}},"3":{"start":{"line":4,"column":0},"end":{"line":4,"column":0}},"4":{"start":{"line":5,"column":0},"end":{"line":5,"column":14}},"5":{"start":{"line":6,"column":0},"end":{"line":6,"column":12}},"6":{"start":{"line":7,"column":0},"end":{"line":7,"column":9}},"7":{"start":{"line":8,"column":0},"end":{"line":8,"column":8}},"8":{"start":{"line":9,"column":0},"end":{"line":9,"column":11}},"9":{"start":{"line":10,"column":0},"end":{"line":10,"column":4}},"10":{"start":{"line":11,"column":0},"end":{"line":11,"column":29}},"11":{"start":{"line":12,"column":0},"end":{"line":12,"column":17}},"12":{"start":{"line":13,"column":0},"end":{"line":13,"column":16}},"13":{"start":{"line":14,"column":0},"end":{"line":14,"column":57}},"14":{"start":{"line":15,"column":0},"end":{"line":15,"column":4}},"15":{"start":{"line":16,"column":0},"end":{"line":16,"column":83}},"16":{"start":{"line":17,"column":0},"end":{"line":17,"column":0}},"17":{"start":{"line":18,"column":0},"end":{"line":18,"column":47}},"18":{"start":{"line":19,"column":0},"end":{"line":19,"column":55}},"19":{"start":{"line":20,"column":0},"end":{"line":20,"column":24}},"20":{"start":{"line":21,"column":0},"end":{"line":21,"column":4}},"21":{"start":{"line":22,"column":0},"end":{"line":22,"column":0}},"22":{"start":{"line":23,"column":0},"end":{"line":23,"column":48}},"23":{"start":{"line":24,"column":0},"end":{"line":24,"column":55}},"24":{"start":{"line":25,"column":0},"end":{"line":25,"column":25}},"25":{"start":{"line":26,"column":0},"end":{"line":26,"column":4}},"26":{"start":{"line":27,"column":0},"end":{"line":27,"column":0}},"27":{"start":{"line":28,"column":0},"end":{"line":28,"column":25}},"28":{"start":{"line":29,"column":0},"end":{"line":29,"column":49}},"29":{"start":{"line":30,"column":0},"end":{"line":30,"column":25}},"30":{"start":{"line":31,"column":0},"end":{"line":31,"column":8}},"31":{"start":{"line":32,"column":0},"end":{"line":32,"column":24}},"32":{"start":{"line":33,"column":0},"end":{"line":33,"column":21}},"33":{"start":{"line":34,"column":0},"end":{"line":34,"column":23}},"34":{"start":{"line":35,"column":0},"end":{"line":35,"column":15}},"35":{"start":{"line":36,"column":0},"end":{"line":36,"column":31}},"36":{"start":{"line":37,"column":0},"end":{"line":37,"column":14}},"37":{"start":{"line":38,"column":0},"end":{"line":38,"column":23}},"38":{"start":{"line":39,"column":0},"end":{"line":39,"column":31}},"39":{"start":{"line":40,"column":0},"end":{"line":40,"column":31}},"40":{"start":{"line":41,"column":0},"end":{"line":41,"column":39}},"41":{"start":{"line":42,"column":0},"end":{"line":42,"column":40}},"42":{"start":{"line":43,"column":0},"end":{"line":43,"column":9}},"43":{"start":{"line":44,"column":0},"end":{"line":44,"column":14}},"44":{"start":{"line":45,"column":0},"end":{"line":45,"column":24}},"45":{"start":{"line":46,"column":0},"end":{"line":46,"column":31}},"46":{"start":{"line":47,"column":0},"end":{"line":47,"column":40}},"47":{"start":{"line":48,"column":0},"end":{"line":48,"column":39}},"48":{"start":{"line":49,"column":0},"end":{"line":49,"column":40}},"49":{"start":{"line":50,"column":0},"end":{"line":50,"column":9}},"50":{"start":{"line":51,"column":0},"end":{"line":51,"column":14}},"51":{"start":{"line":52,"column":0},"end":{"line":52,"column":20}},"52":{"start":{"line":53,"column":0},"end":{"line":53,"column":31}},"53":{"start":{"line":54,"column":0},"end":{"line":54,"column":31}},"54":{"start":{"line":55,"column":0},"end":{"line":55,"column":21}},"55":{"start":{"line":56,"column":0},"end":{"line":56,"column":77}},"56":{"start":{"line":57,"column":0},"end":{"line":57,"column":21}},"57":{"start":{"line":58,"column":0},"end":{"line":58,"column":11}},"58":{"start":{"line":59,"column":0},"end":{"line":59,"column":0}},"59":{"start":{"line":60,"column":0},"end":{"line":60,"column":14}},"60":{"start":{"line":61,"column":0},"end":{"line":61,"column":23}},"61":{"start":{"line":62,"column":0},"end":{"line":62,"column":31}},"62":{"start":{"line":63,"column":0},"end":{"line":63,"column":31}},"63":{"start":{"line":64,"column":0},"end":{"line":64,"column":39}},"64":{"start":{"line":65,"column":0},"end":{"line":65,"column":40}},"65":{"start":{"line":66,"column":0},"end":{"line":66,"column":9}},"66":{"start":{"line":67,"column":0},"end":{"line":67,"column":0}},"67":{"start":{"line":68,"column":0},"end":{"line":68,"column":31}},"68":{"start":{"line":69,"column":0},"end":{"line":69,"column":21}},"69":{"start":{"line":70,"column":0},"end":{"line":70,"column":77}},"70":{"start":{"line":71,"column":0},"end":{"line":71,"column":21}},"71":{"start":{"line":72,"column":0},"end":{"line":72,"column":11}},"72":{"start":{"line":73,"column":0},"end":{"line":73,"column":14}},"73":{"start":{"line":74,"column":0},"end":{"line":74,"column":0}},"74":{"start":{"line":75,"column":0},"end":{"line":75,"column":14}},"75":{"start":{"line":76,"column":0},"end":{"line":76,"column":14}},"76":{"start":{"line":77,"column":0},"end":{"line":77,"column":5}},"77":{"start":{"line":78,"column":0},"end":{"line":78,"column":4}},"78":{"start":{"line":79,"column":0},"end":{"line":79,"column":0}},"79":{"start":{"line":80,"column":0},"end":{"line":80,"column":24}},"80":{"start":{"line":81,"column":0},"end":{"line":81,"column":47}},"81":{"start":{"line":82,"column":0},"end":{"line":82,"column":25}},"82":{"start":{"line":83,"column":0},"end":{"line":83,"column":8}},"83":{"start":{"line":84,"column":0},"end":{"line":84,"column":44}},"84":{"start":{"line":85,"column":0},"end":{"line":85,"column":0}},"85":{"start":{"line":86,"column":0},"end":{"line":86,"column":44}},"86":{"start":{"line":87,"column":0},"end":{"line":87,"column":0}},"87":{"start":{"line":88,"column":0},"end":{"line":88,"column":25}},"88":{"start":{"line":89,"column":0},"end":{"line":89,"column":0}},"89":{"start":{"line":90,"column":0},"end":{"line":90,"column":42}},"90":{"start":{"line":91,"column":0},"end":{"line":91,"column":81}},"91":{"start":{"line":92,"column":0},"end":{"line":92,"column":26}},"92":{"start":{"line":93,"column":0},"end":{"line":93,"column":14}},"93":{"start":{"line":94,"column":0},"end":{"line":94,"column":14}},"94":{"start":{"line":95,"column":0},"end":{"line":95,"column":7}},"95":{"start":{"line":96,"column":0},"end":{"line":96,"column":5}},"96":{"start":{"line":97,"column":0},"end":{"line":97,"column":24}},"97":{"start":{"line":98,"column":0},"end":{"line":98,"column":38}},"98":{"start":{"line":99,"column":0},"end":{"line":99,"column":62}},"99":{"start":{"line":100,"column":0},"end":{"line":100,"column":41}},"100":{"start":{"line":101,"column":0},"end":{"line":101,"column":31}},"101":{"start":{"line":102,"column":0},"end":{"line":102,"column":7}},"102":{"start":{"line":103,"column":0},"end":{"line":103,"column":30}},"103":{"start":{"line":104,"column":0},"end":{"line":104,"column":38}},"104":{"start":{"line":105,"column":0},"end":{"line":105,"column":37}},"105":{"start":{"line":106,"column":0},"end":{"line":106,"column":7}},"106":{"start":{"line":107,"column":0},"end":{"line":107,"column":5}},"107":{"start":{"line":108,"column":0},"end":{"line":108,"column":4}},"108":{"start":{"line":109,"column":0},"end":{"line":109,"column":0}},"109":{"start":{"line":110,"column":0},"end":{"line":110,"column":23}},"110":{"start":{"line":111,"column":0},"end":{"line":111,"column":25}},"111":{"start":{"line":112,"column":0},"end":{"line":112,"column":8}},"112":{"start":{"line":113,"column":0},"end":{"line":113,"column":30}},"113":{"start":{"line":114,"column":0},"end":{"line":114,"column":4}},"114":{"start":{"line":115,"column":0},"end":{"line":115,"column":0}},"115":{"start":{"line":116,"column":0},"end":{"line":116,"column":23}},"116":{"start":{"line":117,"column":0},"end":{"line":117,"column":50}},"117":{"start":{"line":118,"column":0},"end":{"line":118,"column":25}},"118":{"start":{"line":119,"column":0},"end":{"line":119,"column":8}},"119":{"start":{"line":120,"column":0},"end":{"line":120,"column":27}},"120":{"start":{"line":121,"column":0},"end":{"line":121,"column":46}},"121":{"start":{"line":122,"column":0},"end":{"line":122,"column":0}},"122":{"start":{"line":123,"column":0},"end":{"line":123,"column":53}},"123":{"start":{"line":124,"column":0},"end":{"line":124,"column":59}},"124":{"start":{"line":125,"column":0},"end":{"line":125,"column":77}},"125":{"start":{"line":126,"column":0},"end":{"line":126,"column":27}},"126":{"start":{"line":127,"column":0},"end":{"line":127,"column":0}},"127":{"start":{"line":128,"column":0},"end":{"line":128,"column":44}},"128":{"start":{"line":129,"column":0},"end":{"line":129,"column":83}},"129":{"start":{"line":130,"column":0},"end":{"line":130,"column":28}},"130":{"start":{"line":131,"column":0},"end":{"line":131,"column":16}},"131":{"start":{"line":132,"column":0},"end":{"line":132,"column":16}},"132":{"start":{"line":133,"column":0},"end":{"line":133,"column":9}},"133":{"start":{"line":134,"column":0},"end":{"line":134,"column":7}},"134":{"start":{"line":135,"column":0},"end":{"line":135,"column":0}},"135":{"start":{"line":136,"column":0},"end":{"line":136,"column":39}},"136":{"start":{"line":137,"column":0},"end":{"line":137,"column":0}},"137":{"start":{"line":138,"column":0},"end":{"line":138,"column":54}},"138":{"start":{"line":139,"column":0},"end":{"line":139,"column":62}},"139":{"start":{"line":140,"column":0},"end":{"line":140,"column":32}},"140":{"start":{"line":141,"column":0},"end":{"line":141,"column":7}},"141":{"start":{"line":142,"column":0},"end":{"line":142,"column":0}},"142":{"start":{"line":143,"column":0},"end":{"line":143,"column":34}},"143":{"start":{"line":144,"column":0},"end":{"line":144,"column":5}},"144":{"start":{"line":145,"column":0},"end":{"line":145,"column":4}},"145":{"start":{"line":146,"column":0},"end":{"line":146,"column":0}},"146":{"start":{"line":147,"column":0},"end":{"line":147,"column":10}},"147":{"start":{"line":148,"column":0},"end":{"line":148,"column":64}},"148":{"start":{"line":149,"column":0},"end":{"line":149,"column":55}},"149":{"start":{"line":150,"column":0},"end":{"line":150,"column":36}},"150":{"start":{"line":151,"column":0},"end":{"line":151,"column":20}},"151":{"start":{"line":152,"column":0},"end":{"line":152,"column":20}},"152":{"start":{"line":153,"column":0},"end":{"line":153,"column":34}},"153":{"start":{"line":154,"column":0},"end":{"line":154,"column":14}},"154":{"start":{"line":155,"column":0},"end":{"line":155,"column":0}},"155":{"start":{"line":156,"column":0},"end":{"line":156,"column":52}},"156":{"start":{"line":157,"column":0},"end":{"line":157,"column":24}},"157":{"start":{"line":158,"column":0},"end":{"line":158,"column":22}},"158":{"start":{"line":159,"column":0},"end":{"line":159,"column":31}},"159":{"start":{"line":160,"column":0},"end":{"line":160,"column":50}},"160":{"start":{"line":161,"column":0},"end":{"line":161,"column":18}},"161":{"start":{"line":162,"column":0},"end":{"line":162,"column":36}},"162":{"start":{"line":163,"column":0},"end":{"line":163,"column":34}},"163":{"start":{"line":164,"column":0},"end":{"line":164,"column":66}},"164":{"start":{"line":165,"column":0},"end":{"line":165,"column":64}},"165":{"start":{"line":166,"column":0},"end":{"line":166,"column":50}},"166":{"start":{"line":167,"column":0},"end":{"line":167,"column":62}},"167":{"start":{"line":168,"column":0},"end":{"line":168,"column":42}},"168":{"start":{"line":169,"column":0},"end":{"line":169,"column":16}},"169":{"start":{"line":170,"column":0},"end":{"line":170,"column":14}},"170":{"start":{"line":171,"column":0},"end":{"line":171,"column":12}},"171":{"start":{"line":172,"column":0},"end":{"line":172,"column":51}},"172":{"start":{"line":173,"column":0},"end":{"line":173,"column":25}},"173":{"start":{"line":174,"column":0},"end":{"line":174,"column":9}},"174":{"start":{"line":175,"column":0},"end":{"line":175,"column":10}},"175":{"start":{"line":176,"column":0},"end":{"line":176,"column":4}},"176":{"start":{"line":177,"column":0},"end":{"line":177,"column":1}},"177":{"start":{"line":178,"column":0},"end":{"line":178,"column":0}},"178":{"start":{"line":179,"column":0},"end":{"line":179,"column":25}},"179":{"start":{"line":180,"column":0},"end":{"line":180,"column":18}},"180":{"start":{"line":181,"column":0},"end":{"line":181,"column":59}},"181":{"start":{"line":182,"column":0},"end":{"line":182,"column":1}},"182":{"start":{"line":183,"column":0},"end":{"line":183,"column":0}},"183":{"start":{"line":184,"column":0},"end":{"line":184,"column":68}},"184":{"start":{"line":185,"column":0},"end":{"line":185,"column":10}},"185":{"start":{"line":186,"column":0},"end":{"line":186,"column":67}},"186":{"start":{"line":187,"column":0},"end":{"line":187,"column":84}},"187":{"start":{"line":188,"column":0},"end":{"line":188,"column":10}},"188":{"start":{"line":189,"column":0},"end":{"line":189,"column":4}},"189":{"start":{"line":190,"column":0},"end":{"line":190,"column":1}},"190":{"start":{"line":191,"column":0},"end":{"line":191,"column":0}},"191":{"start":{"line":192,"column":0},"end":{"line":192,"column":14}},"192":{"start":{"line":193,"column":0},"end":{"line":193,"column":17}},"193":{"start":{"line":194,"column":0},"end":{"line":194,"column":17}},"194":{"start":{"line":195,"column":0},"end":{"line":195,"column":17}},"195":{"start":{"line":196,"column":0},"end":{"line":196,"column":17}},"196":{"start":{"line":197,"column":0},"end":{"line":197,"column":17}},"197":{"start":{"line":198,"column":0},"end":{"line":198,"column":17}},"198":{"start":{"line":199,"column":0},"end":{"line":199,"column":2}},"199":{"start":{"line":200,"column":0},"end":{"line":200,"column":0}},"200":{"start":{"line":201,"column":0},"end":{"line":201,"column":14}},"201":{"start":{"line":202,"column":0},"end":{"line":202,"column":16}},"202":{"start":{"line":203,"column":0},"end":{"line":203,"column":17}},"203":{"start":{"line":204,"column":0},"end":{"line":204,"column":17}},"204":{"start":{"line":205,"column":0},"end":{"line":205,"column":17}},"205":{"start":{"line":206,"column":0},"end":{"line":206,"column":17}},"206":{"start":{"line":207,"column":0},"end":{"line":207,"column":17}},"207":{"start":{"line":208,"column":0},"end":{"line":208,"column":17}},"208":{"start":{"line":209,"column":0},"end":{"line":209,"column":17}},"209":{"start":{"line":210,"column":0},"end":{"line":210,"column":17}},"210":{"start":{"line":211,"column":0},"end":{"line":211,"column":17}},"211":{"start":{"line":212,"column":0},"end":{"line":212,"column":2}},"212":{"start":{"line":213,"column":0},"end":{"line":213,"column":0}},"213":{"start":{"line":214,"column":0},"end":{"line":214,"column":37}},"214":{"start":{"line":215,"column":0},"end":{"line":215,"column":18}},"215":{"start":{"line":216,"column":0},"end":{"line":216,"column":14}},"216":{"start":{"line":217,"column":0},"end":{"line":217,"column":15}},"217":{"start":{"line":218,"column":0},"end":{"line":218,"column":43}},"218":{"start":{"line":219,"column":0},"end":{"line":219,"column":20}},"219":{"start":{"line":220,"column":0},"end":{"line":220,"column":19}},"220":{"start":{"line":221,"column":0},"end":{"line":221,"column":19}},"221":{"start":{"line":222,"column":0},"end":{"line":222,"column":17}},"222":{"start":{"line":223,"column":0},"end":{"line":223,"column":21}},"223":{"start":{"line":224,"column":0},"end":{"line":224,"column":21}},"224":{"start":{"line":225,"column":0},"end":{"line":225,"column":66}},"225":{"start":{"line":226,"column":0},"end":{"line":226,"column":68}},"226":{"start":{"line":227,"column":0},"end":{"line":227,"column":77}},"227":{"start":{"line":228,"column":0},"end":{"line":228,"column":26}},"228":{"start":{"line":229,"column":0},"end":{"line":229,"column":76}},"229":{"start":{"line":230,"column":0},"end":{"line":230,"column":4}},"230":{"start":{"line":231,"column":0},"end":{"line":231,"column":0}},"231":{"start":{"line":232,"column":0},"end":{"line":232,"column":11}},"232":{"start":{"line":233,"column":0},"end":{"line":233,"column":31}},"233":{"start":{"line":234,"column":0},"end":{"line":234,"column":3}},"234":{"start":{"line":235,"column":0},"end":{"line":235,"column":0}},"235":{"start":{"line":236,"column":0},"end":{"line":236,"column":11}},"236":{"start":{"line":237,"column":0},"end":{"line":237,"column":31}},"237":{"start":{"line":238,"column":0},"end":{"line":238,"column":83}},"238":{"start":{"line":239,"column":0},"end":{"line":239,"column":3}},"239":{"start":{"line":240,"column":0},"end":{"line":240,"column":0}},"240":{"start":{"line":241,"column":0},"end":{"line":241,"column":15}},"241":{"start":{"line":242,"column":0},"end":{"line":242,"column":19}},"242":{"start":{"line":243,"column":0},"end":{"line":243,"column":15}},"243":{"start":{"line":244,"column":0},"end":{"line":244,"column":3}},"244":{"start":{"line":245,"column":0},"end":{"line":245,"column":2}},"245":{"start":{"line":246,"column":0},"end":{"line":246,"column":2}}},"s":{"0":1,"1":1,"2":1,"3":1,"4":24,"5":24,"6":24,"7":24,"8":24,"9":24,"10":24,"11":24,"12":24,"13":24,"14":24,"15":24,"16":24,"17":24,"18":5,"19":5,"20":5,"21":24,"22":24,"23":4,"24":4,"25":4,"26":24,"27":24,"28":9,"29":9,"30":9,"31":9,"32":9,"33":9,"34":9,"35":3,"36":3,"37":9,"38":2,"39":2,"40":1,"41":1,"42":1,"43":2,"44":9,"45":2,"46":2,"47":1,"48":1,"49":1,"50":2,"51":9,"52":1,"53":1,"54":0,"55":0,"56":0,"57":1,"58":1,"59":1,"60":9,"61":1,"62":1,"63":1,"64":1,"65":1,"66":1,"67":1,"68":0,"69":0,"70":0,"71":1,"72":1,"73":9,"74":9,"75":0,"76":9,"77":9,"78":24,"79":24,"80":3,"81":3,"82":3,"83":3,"84":3,"85":3,"86":2,"87":2,"88":2,"89":2,"90":2,"91":0,"92":2,"93":2,"94":2,"95":2,"96":2,"97":0,"98":0,"99":0,"100":0,"101":2,"102":2,"103":2,"104":2,"105":2,"106":2,"107":3,"108":24,"109":24,"110":1,"111":1,"112":1,"113":1,"114":24,"115":24,"116":3,"117":3,"118":3,"119":3,"120":3,"121":3,"122":3,"123":3,"124":3,"125":3,"126":3,"127":3,"128":3,"129":0,"130":3,"131":3,"132":3,"133":3,"134":3,"135":3,"136":3,"137":3,"138":18,"139":18,"140":18,"141":3,"142":3,"143":3,"144":3,"145":24,"146":24,"147":24,"148":24,"149":138,"150":138,"151":138,"152":138,"153":138,"154":138,"155":138,"156":138,"157":138,"158":138,"159":276,"160":276,"161":138,"162":138,"163":138,"164":138,"165":138,"166":138,"167":138,"168":138,"169":138,"170":138,"171":138,"172":138,"173":24,"174":24,"175":24,"176":24,"177":1,"178":1,"179":1,"180":1,"181":1,"182":1,"183":24,"184":24,"185":24,"186":24,"187":24,"188":24,"189":24,"190":1,"191":1,"192":1,"193":1,"194":1,"195":1,"196":1,"197":1,"198":1,"199":1,"200":1,"201":1,"202":1,"203":1,"204":1,"205":1,"206":1,"207":1,"208":1,"209":1,"210":1,"211":1,"212":1,"213":1,"214":1,"215":147,"216":147,"217":147,"218":147,"219":147,"220":147,"221":147,"222":147,"223":147,"224":147,"225":147,"226":147,"227":147,"228":147,"229":147,"230":147,"231":147,"232":147,"233":147,"234":147,"235":147,"236":147,"237":147,"238":1,"239":1,"240":1,"241":1,"242":1,"243":1,"244":1,"245":1},"branchMap":{"0":{"type":"branch","line":5,"loc":{"start":{"line":5,"column":0},"end":{"line":177,"column":1}},"locations":[{"start":{"line":5,"column":0},"end":{"line":177,"column":1}}]},"1":{"type":"branch","line":18,"loc":{"start":{"line":18,"column":21},"end":{"line":21,"column":4}},"locations":[{"start":{"line":18,"column":21},"end":{"line":21,"column":4}}]},"2":{"type":"branch","line":23,"loc":{"start":{"line":23,"column":22},"end":{"line":26,"column":4}},"locations":[{"start":{"line":23,"column":22},"end":{"line":26,"column":4}}]},"3":{"type":"branch","line":28,"loc":{"start":{"line":28,"column":24},"end":{"line":78,"column":4}},"locations":[{"start":{"line":28,"column":24},"end":{"line":78,"column":4}}]},"4":{"type":"branch","line":33,"loc":{"start":{"line":33,"column":6},"end":{"line":33,"column":21}},"locations":[{"start":{"line":33,"column":6},"end":{"line":33,"column":21}}]},"5":{"type":"branch","line":34,"loc":{"start":{"line":34,"column":6},"end":{"line":34,"column":23}},"locations":[{"start":{"line":34,"column":6},"end":{"line":34,"column":23}}]},"6":{"type":"branch","line":35,"loc":{"start":{"line":35,"column":6},"end":{"line":37,"column":14}},"locations":[{"start":{"line":35,"column":6},"end":{"line":37,"column":14}}]},"7":{"type":"branch","line":38,"loc":{"start":{"line":38,"column":6},"end":{"line":44,"column":14}},"locations":[{"start":{"line":38,"column":6},"end":{"line":44,"column":14}}]},"8":{"type":"branch","line":40,"loc":{"start":{"line":40,"column":30},"end":{"line":43,"column":9}},"locations":[{"start":{"line":40,"column":30},"end":{"line":43,"column":9}}]},"9":{"type":"branch","line":45,"loc":{"start":{"line":45,"column":6},"end":{"line":51,"column":14}},"locations":[{"start":{"line":45,"column":6},"end":{"line":51,"column":14}}]},"10":{"type":"branch","line":47,"loc":{"start":{"line":47,"column":39},"end":{"line":50,"column":9}},"locations":[{"start":{"line":47,"column":39},"end":{"line":50,"column":9}}]},"11":{"type":"branch","line":52,"loc":{"start":{"line":52,"column":6},"end":{"line":60,"column":14}},"locations":[{"start":{"line":52,"column":6},"end":{"line":60,"column":14}}]},"12":{"type":"branch","line":61,"loc":{"start":{"line":61,"column":6},"end":{"line":73,"column":14}},"locations":[{"start":{"line":61,"column":6},"end":{"line":73,"column":14}}]},"13":{"type":"branch","line":75,"loc":{"start":{"line":75,"column":6},"end":{"line":76,"column":14}},"locations":[{"start":{"line":75,"column":6},"end":{"line":76,"column":14}}]},"14":{"type":"branch","line":80,"loc":{"start":{"line":80,"column":23},"end":{"line":108,"column":4}},"locations":[{"start":{"line":80,"column":23},"end":{"line":108,"column":4}}]},"15":{"type":"branch","line":86,"loc":{"start":{"line":86,"column":37},"end":{"line":86,"column":44}},"locations":[{"start":{"line":86,"column":37},"end":{"line":86,"column":44}}]},"16":{"type":"branch","line":86,"loc":{"start":{"line":86,"column":37},"end":{"line":107,"column":5}},"locations":[{"start":{"line":86,"column":37},"end":{"line":107,"column":5}}]},"17":{"type":"branch","line":91,"loc":{"start":{"line":91,"column":80},"end":{"line":93,"column":13}},"locations":[{"start":{"line":91,"column":80},"end":{"line":93,"column":13}}]},"18":{"type":"branch","line":110,"loc":{"start":{"line":110,"column":22},"end":{"line":114,"column":4}},"locations":[{"start":{"line":110,"column":22},"end":{"line":114,"column":4}}]},"19":{"type":"branch","line":116,"loc":{"start":{"line":116,"column":22},"end":{"line":145,"column":4}},"locations":[{"start":{"line":116,"column":22},"end":{"line":145,"column":4}}]},"20":{"type":"branch","line":129,"loc":{"start":{"line":129,"column":44},"end":{"line":129,"column":82}},"locations":[{"start":{"line":129,"column":44},"end":{"line":129,"column":82}}]},"21":{"type":"branch","line":129,"loc":{"start":{"line":129,"column":82},"end":{"line":131,"column":15}},"locations":[{"start":{"line":129,"column":82},"end":{"line":131,"column":15}}]},"22":{"type":"branch","line":138,"loc":{"start":{"line":138,"column":53},"end":{"line":141,"column":7}},"locations":[{"start":{"line":138,"column":53},"end":{"line":141,"column":7}}]},"23":{"type":"branch","line":139,"loc":{"start":{"line":139,"column":53},"end":{"line":139,"column":62}},"locations":[{"start":{"line":139,"column":53},"end":{"line":139,"column":62}}]},"24":{"type":"branch","line":149,"loc":{"start":{"line":149,"column":40},"end":{"line":173,"column":25}},"locations":[{"start":{"line":149,"column":40},"end":{"line":173,"column":25}}]},"25":{"type":"branch","line":168,"loc":{"start":{"line":168,"column":34},"end":{"line":168,"column":42}},"locations":[{"start":{"line":168,"column":34},"end":{"line":168,"column":42}}]},"26":{"type":"branch","line":172,"loc":{"start":{"line":172,"column":30},"end":{"line":172,"column":41}},"locations":[{"start":{"line":172,"column":30},"end":{"line":172,"column":41}}]},"27":{"type":"branch","line":172,"loc":{"start":{"line":172,"column":34},"end":{"line":172,"column":51}},"locations":[{"start":{"line":172,"column":34},"end":{"line":172,"column":51}}]},"28":{"type":"branch","line":159,"loc":{"start":{"line":159,"column":21},"end":{"line":161,"column":18}},"locations":[{"start":{"line":159,"column":21},"end":{"line":161,"column":18}}]},"29":{"type":"branch","line":164,"loc":{"start":{"line":164,"column":27},"end":{"line":164,"column":66}},"locations":[{"start":{"line":164,"column":27},"end":{"line":164,"column":66}}]},"30":{"type":"branch","line":165,"loc":{"start":{"line":165,"column":26},"end":{"line":165,"column":64}},"locations":[{"start":{"line":165,"column":26},"end":{"line":165,"column":64}}]},"31":{"type":"branch","line":166,"loc":{"start":{"line":166,"column":25},"end":{"line":166,"column":50}},"locations":[{"start":{"line":166,"column":25},"end":{"line":166,"column":50}}]},"32":{"type":"branch","line":167,"loc":{"start":{"line":167,"column":25},"end":{"line":167,"column":62}},"locations":[{"start":{"line":167,"column":25},"end":{"line":167,"column":62}}]},"33":{"type":"branch","line":184,"loc":{"start":{"line":184,"column":0},"end":{"line":190,"column":1}},"locations":[{"start":{"line":184,"column":0},"end":{"line":190,"column":1}}]},"34":{"type":"branch","line":215,"loc":{"start":{"line":215,"column":2},"end":{"line":238,"column":83}},"locations":[{"start":{"line":215,"column":2},"end":{"line":238,"column":83}}]},"35":{"type":"branch","line":225,"loc":{"start":{"line":225,"column":34},"end":{"line":225,"column":55}},"locations":[{"start":{"line":225,"column":34},"end":{"line":225,"column":55}}]},"36":{"type":"branch","line":226,"loc":{"start":{"line":226,"column":39},"end":{"line":226,"column":60}},"locations":[{"start":{"line":226,"column":39},"end":{"line":226,"column":60}}]},"37":{"type":"branch","line":227,"loc":{"start":{"line":227,"column":45},"end":{"line":227,"column":66}},"locations":[{"start":{"line":227,"column":45},"end":{"line":227,"column":66}}]},"38":{"type":"branch","line":229,"loc":{"start":{"line":229,"column":27},"end":{"line":229,"column":57}},"locations":[{"start":{"line":229,"column":27},"end":{"line":229,"column":57}}]},"39":{"type":"branch","line":238,"loc":{"start":{"line":238,"column":51},"end":{"line":238,"column":72}},"locations":[{"start":{"line":238,"column":51},"end":{"line":238,"column":72}}]}},"b":{"0":[24],"1":[5],"2":[4],"3":[9],"4":[1],"5":[2],"6":[3],"7":[2],"8":[1],"9":[2],"10":[1],"11":[1],"12":[1],"13":[0],"14":[3],"15":[1],"16":[2],"17":[0],"18":[1],"19":[3],"20":[0],"21":[0],"22":[18],"23":[2],"24":[138],"25":[114],"26":[23],"27":[115],"28":[276],"29":[9],"30":[3],"31":[1],"32":[3],"33":[24],"34":[147],"35":[0],"36":[0],"37":[0],"38":[0],"39":[0]},"fnMap":{"0":{"name":"OTP","decl":{"start":{"line":5,"column":0},"end":{"line":177,"column":1}},"loc":{"start":{"line":5,"column":0},"end":{"line":177,"column":1}},"line":5},"1":{"name":"focusInput","decl":{"start":{"line":18,"column":21},"end":{"line":21,"column":4}},"loc":{"start":{"line":18,"column":21},"end":{"line":21,"column":4}},"line":18},"2":{"name":"selectInput","decl":{"start":{"line":23,"column":22},"end":{"line":26,"column":4}},"loc":{"start":{"line":23,"column":22},"end":{"line":26,"column":4}},"line":23},"3":{"name":"handleKeyDown","decl":{"start":{"line":28,"column":24},"end":{"line":78,"column":4}},"loc":{"start":{"line":28,"column":24},"end":{"line":78,"column":4}},"line":28},"4":{"name":"handleChange","decl":{"start":{"line":80,"column":23},"end":{"line":108,"column":4}},"loc":{"start":{"line":80,"column":23},"end":{"line":108,"column":4}},"line":80},"5":{"name":"handleClick","decl":{"start":{"line":110,"column":22},"end":{"line":114,"column":4}},"loc":{"start":{"line":110,"column":22},"end":{"line":114,"column":4}},"line":110},"6":{"name":"handlePaste","decl":{"start":{"line":116,"column":22},"end":{"line":145,"column":4}},"loc":{"start":{"line":116,"column":22},"end":{"line":145,"column":4}},"line":116},"7":{"name":"ref","decl":{"start":{"line":159,"column":21},"end":{"line":161,"column":18}},"loc":{"start":{"line":159,"column":21},"end":{"line":161,"column":18}},"line":159},"8":{"name":"onKeyDown","decl":{"start":{"line":164,"column":27},"end":{"line":164,"column":66}},"loc":{"start":{"line":164,"column":27},"end":{"line":164,"column":66}},"line":164},"9":{"name":"onChange","decl":{"start":{"line":165,"column":26},"end":{"line":165,"column":64}},"loc":{"start":{"line":165,"column":26},"end":{"line":165,"column":64}},"line":165},"10":{"name":"onClick","decl":{"start":{"line":166,"column":25},"end":{"line":166,"column":50}},"loc":{"start":{"line":166,"column":25},"end":{"line":166,"column":50}},"line":166},"11":{"name":"onPaste","decl":{"start":{"line":167,"column":25},"end":{"line":167,"column":62}},"loc":{"start":{"line":167,"column":25},"end":{"line":167,"column":62}},"line":167},"12":{"name":"OTPInput","decl":{"start":{"line":184,"column":0},"end":{"line":190,"column":1}},"loc":{"start":{"line":184,"column":0},"end":{"line":190,"column":1}},"line":184}},"f":{"0":24,"1":5,"2":4,"3":9,"4":3,"5":1,"6":3,"7":276,"8":9,"9":3,"10":1,"11":3,"12":24}}
,"C:\\Users\\Denys\\Coding\\rosenblum-website\\frontend\\frontend\\src\\components\\ProtectedRoute.tsx": {"path":"C:\\Users\\Denys\\Coding\\rosenblum-website\\frontend\\frontend\\src\\components\\ProtectedRoute.tsx","all":false,"statementMap":{"0":{"start":{"line":1,"column":0},"end":{"line":1,"column":44}},"1":{"start":{"line":2,"column":0},"end":{"line":2,"column":51}},"2":{"start":{"line":3,"column":0},"end":{"line":3,"column":0}},"3":{"start":{"line":4,"column":0},"end":{"line":4,"column":0}},"4":{"start":{"line":5,"column":0},"end":{"line":5,"column":67}},"5":{"start":{"line":6,"column":0},"end":{"line":6,"column":47}},"6":{"start":{"line":7,"column":0},"end":{"line":7,"column":4}},"7":{"start":{"line":8,"column":0},"end":{"line":8,"column":71}},"8":{"start":{"line":9,"column":0},"end":{"line":9,"column":1}},"9":{"start":{"line":10,"column":0},"end":{"line":10,"column":0}},"10":{"start":{"line":11,"column":0},"end":{"line":11,"column":30}}},"s":{"0":1,"1":1,"2":1,"3":1,"4":1,"5":4,"6":4,"7":4,"8":4,"9":1,"10":1},"branchMap":{"0":{"type":"branch","line":5,"loc":{"start":{"line":5,"column":23},"end":{"line":9,"column":1}},"locations":[{"start":{"line":5,"column":23},"end":{"line":9,"column":1}}]},"1":{"type":"branch","line":8,"loc":{"start":{"line":8,"column":11},"end":{"line":8,"column":40}},"locations":[{"start":{"line":8,"column":11},"end":{"line":8,"column":40}}]},"2":{"type":"branch","line":8,"loc":{"start":{"line":8,"column":29},"end":{"line":8,"column":71}},"locations":[{"start":{"line":8,"column":29},"end":{"line":8,"column":71}}]}},"b":{"0":[4],"1":[2],"2":[2]},"fnMap":{"0":{"name":"ProtectedRoute","decl":{"start":{"line":5,"column":23},"end":{"line":9,"column":1}},"loc":{"start":{"line":5,"column":23},"end":{"line":9,"column":1}},"line":5}},"f":{"0":4}}
,"C:\\Users\\Denys\\Coding\\rosenblum-website\\frontend\\frontend\\src\\components\\RequirementItem.tsx": {"path":"C:\\Users\\Denys\\Coding\\rosenblum-website\\frontend\\frontend\\src\\components\\RequirementItem.tsx","all":false,"statementMap":{"0":{"start":{"line":1,"column":0},"end":{"line":1,"column":37}},"1":{"start":{"line":2,"column":0},"end":{"line":2,"column":39}},"2":{"start":{"line":3,"column":0},"end":{"line":3,"column":0}},"3":{"start":{"line":4,"column":0},"end":{"line":4,"column":84}},"4":{"start":{"line":5,"column":0},"end":{"line":5,"column":69}},"5":{"start":{"line":6,"column":0},"end":{"line":6,"column":77}},"6":{"start":{"line":7,"column":0},"end":{"line":7,"column":14}},"7":{"start":{"line":8,"column":0},"end":{"line":8,"column":8}},"8":{"start":{"line":9,"column":0},"end":{"line":9,"column":2}},"9":{"start":{"line":10,"column":0},"end":{"line":10,"column":0}},"10":{"start":{"line":11,"column":0},"end":{"line":11,"column":31}}},"s":{"0":1,"1":1,"2":1,"3":1,"4":16,"5":16,"6":16,"7":16,"8":1,"9":1,"10":1},"branchMap":{"0":{"type":"branch","line":4,"loc":{"start":{"line":4,"column":24},"end":{"line":8,"column":8}},"locations":[{"start":{"line":4,"column":24},"end":{"line":8,"column":8}}]},"1":{"type":"branch","line":6,"loc":{"start":{"line":6,"column":18},"end":{"line":6,"column":35}},"locations":[{"start":{"line":6,"column":18},"end":{"line":6,"column":35}}]},"2":{"type":"branch","line":6,"loc":{"start":{"line":6,"column":28},"end":{"line":6,"column":42}},"locations":[{"start":{"line":6,"column":28},"end":{"line":6,"column":42}}]}},"b":{"0":[16],"1":[13],"2":[3]},"fnMap":{"0":{"name":"RequirementItem","decl":{"start":{"line":4,"column":24},"end":{"line":8,"column":8}},"loc":{"start":{"line":4,"column":24},"end":{"line":8,"column":8}},"line":4}},"f":{"0":16}}
,"C:\\Users\\Denys\\Coding\\rosenblum-website\\frontend\\frontend\\src\\hooks\\useEmailVerification.ts": {"path":"C:\\Users\\Denys\\Coding\\rosenblum-website\\frontend\\frontend\\src\\hooks\\useEmailVerification.ts","all":false,"statementMap":{"0":{"start":{"line":1,"column":0},"end":{"line":1,"column":33}},"1":{"start":{"line":2,"column":0},"end":{"line":2,"column":47}},"2":{"start":{"line":3,"column":0},"end":{"line":3,"column":51}},"3":{"start":{"line":4,"column":0},"end":{"line":4,"column":26}},"4":{"start":{"line":5,"column":0},"end":{"line":5,"column":0}},"5":{"start":{"line":6,"column":0},"end":{"line":6,"column":29}},"6":{"start":{"line":7,"column":0},"end":{"line":7,"column":22}},"7":{"start":{"line":8,"column":0},"end":{"line":8,"column":21}},"8":{"start":{"line":9,"column":0},"end":{"line":9,"column":20}},"9":{"start":{"line":10,"column":0},"end":{"line":10,"column":1}},"10":{"start":{"line":11,"column":0},"end":{"line":11,"column":0}},"11":{"start":{"line":12,"column":0},"end":{"line":12,"column":49}},"12":{"start":{"line":13,"column":0},"end":{"line":13,"column":0}},"13":{"start":{"line":14,"column":0},"end":{"line":14,"column":48}},"14":{"start":{"line":15,"column":0},"end":{"line":15,"column":43}},"15":{"start":{"line":16,"column":0},"end":{"line":16,"column":54}},"16":{"start":{"line":17,"column":0},"end":{"line":17,"column":0}},"17":{"start":{"line":18,"column":0},"end":{"line":18,"column":35}},"18":{"start":{"line":19,"column":0},"end":{"line":19,"column":0}},"19":{"start":{"line":20,"column":0},"end":{"line":20,"column":73}},"20":{"start":{"line":21,"column":0},"end":{"line":21,"column":4}},"21":{"start":{"line":22,"column":0},"end":{"line":22,"column":13}},"22":{"start":{"line":23,"column":0},"end":{"line":23,"column":0}},"23":{"start":{"line":24,"column":0},"end":{"line":24,"column":29}},"24":{"start":{"line":25,"column":0},"end":{"line":25,"column":0}},"25":{"start":{"line":26,"column":0},"end":{"line":26,"column":81}},"26":{"start":{"line":27,"column":0},"end":{"line":27,"column":0}},"27":{"start":{"line":28,"column":0},"end":{"line":28,"column":26}},"28":{"start":{"line":29,"column":0},"end":{"line":29,"column":12}},"29":{"start":{"line":30,"column":0},"end":{"line":30,"column":116}},"30":{"start":{"line":31,"column":0},"end":{"line":31,"column":0}},"31":{"start":{"line":32,"column":0},"end":{"line":32,"column":28}},"32":{"start":{"line":33,"column":0},"end":{"line":33,"column":0}},"33":{"start":{"line":34,"column":0},"end":{"line":34,"column":53}},"34":{"start":{"line":35,"column":0},"end":{"line":35,"column":0}},"35":{"start":{"line":36,"column":0},"end":{"line":36,"column":58}},"36":{"start":{"line":37,"column":0},"end":{"line":37,"column":0}},"37":{"start":{"line":
[...]
,"C:\\Users\\Denys\\Coding\\rosenblum-website\\frontend\\frontend\\src\\zustand\\useMessageStore.ts": {"path":"C:\\Users\\Denys\\Coding\\rosenblum-website\\frontend\\frontend\\src\\zustand\\useMessageStore.ts","all":false,"statementMap":{"0":{"start":{"line":1,"column":0},"end":{"line":1,"column":51}},"1":{"start":{"line":2,"column":0},"end":{"line":2,"column":33}},"2":{"start":{"line":3,"column":0},"end":{"line":3,"column":49}},"3":{"start":{"line":4,"column":0},"end":{"line":4,"column":49}},"4":{"start":{"line":5,"column":0},"end":{"line":5,"column":50}},"5":{"start":{"line":6,"column":0},"end":{"line":6,"column":0}},"6":{"start":{"line":7,"column":0},"end":{"line":7,"column":56}},"7":{"start":{"line":8,"column":0},"end":{"line":8,"column":19}},"8":{"start":{"line":9,"column":0},"end":{"line":9,"column":27}},"9":{"start":{"line":10,"column":0},"end":{"line":10,"column":31}},"10":{"start":{"line":11,"column":0},"end":{"line":11,"column":29}},"11":{"start":{"line":12,"column":0},"end":{"line":12,"column":26}},"12":{"start":{"line":13,"column":0},"end":{"line":13,"column":30}},"13":{"start":{"line":14,"column":0},"end":{"line":14,"column":0}},"14":{"start":{"line":15,"column":0},"end":{"line":15,"column":36}},"15":{"start":{"line":16,"column":0},"end":{"line":16,"column":0}},"16":{"start":{"line":17,"column":0},"end":{"line":17,"column":67}},"17":{"start":{"line":18,"column":0},"end":{"line":18,"column":0}},"18":{"start":{"line":19,"column":0},"end":{"line":19,"column":16}},"19":{"start":{"line":20,"column":0},"end":{"line":20,"column":16}},"20":{"start":{"line":21,"column":0},"end":{"line":21,"column":70}},"21":{"start":{"line":22,"column":0},"end":{"line":22,"column":0}},"22":{"start":{"line":23,"column":0},"end":{"line":23,"column":73}},"23":{"start":{"line":24,"column":0},"end":{"line":24,"column":40}},"24":{"start":{"line":25,"column":0},"end":{"line":25,"column":32}},"25":{"start":{"line":26,"column":0},"end":{"line":26,"column":16}},"26":{"start":{"line":27,"column":0},"end":{"line":27,"column":45}},"27":{"start":{"line":28,"column":0},"end":{"line":28,"column":16}},"28":{"start":{"line":29,"column":0},"end":{"line":29,"column":35}},"29":{"start":{"line":30,"column":0},"end":{"line":30,"column":0}},"30":{"start":{"line":31,"column":0},"end":{"line":31,"column":54}},"31":{"start":{"line":32,"column":0},"end":{"line":32,"column":0}},"32":{"start":{"line":33,"column":0},"end":{"line":33,"column":48}},"33":{"start":{"line":34,"column":0},"end":{"line":34,"column":16}},"34":{"start":{"line":35,"column":0},"end":{"line":35,"column":28}},"35":{"start":{"line":36,"column":0},"end":{"line":36,"column":16}},"36":{"start":{"line":37,"column":0},"end":{"line":37,"column":23}},"37":{"start":{"line":38,"column":0},"end":{"line":38,"column":46}},"38":{"start":{"line":39,"column":0},"end":{"line":39,"column":13}},"39":{"start":{"line":40,"column":0},"end":{"line":40,"column":6}},"40":{"start":{"line":41,"column":0},"end":{"line":41,"column":0}},"41":{"start":{"line":42,"column":0},"end":{"line":42,"column":42}},"42":{"start":{"line":43,"column":0},"end":{"line":43,"column":20}},"43":{"start":{"line":44,"column":0},"end":{"line":44,"column":4}},"44":{"start":{"line":45,"column":0},"end":{"line":45,"column":79}},"45":{"start":{"line":46,"column":0},"end":{"line":46,"column":0}},"46":{"start":{"line":47,"column":0},"end":{"line":47,"column":38}},"47":{"start":{"line":48,"column":0},"end":{"line":48,"column":0}},"48":{"start":{"line":49,"column":0},"end":{"line":49,"column":42}},"49":{"start":{"line":50,"column":0},"end":{"line":50,"column":18}},"50":{"start":{"line":51,"column":0},"end":{"line":51,"column":6}},"51":{"start":{"line":52,"column":0},"end":{"line":52,"column":4}},"52":{"start":{"line":53,"column":0},"end":{"line":53,"column":47}},"53":{"start":{"line":54,"column":0},"end":{"line":54,"column":0}},"54":{"start":{"line":55,"column":0},"end":{"line":55,"column":49}},"55":{"start":{"line":56,"column":0},"end":{"line":56,"column":0}},"56":{"start":{"line":57,"column":0},"end":{"line":57,"column":20}},"57":{"start":{"line":58,"column":0},"end":{"line":58,"column":0}},"58":{"start":{"line":59,"column":0},"end":{"line":59,"column":47}},"59":{"start":{"line":60,"column":0},"end":{"line":60,"column":20}},"60":{"start":{"line":61,"column":0},"end":{"line":61,"column":68}},"61":{"start":{"line":62,"column":0},"end":{"line":62,"column":20}},"62":{"start":{"line":63,"column":0},"end":{"line":63,"column":39}},"63":{"start":{"line":64,"column":0},"end":{"line":64,"column":0}},"64":{"start":{"line":65,"column":0},"end":{"line":65,"column":42}},"65":{"start":{"line":66,"column":0},"end":{"line":66,"column":0}},"66":{"start":{"line":67,"column":0},"end":{"line":67,"column":27}},"67":{"start":{"line":68,"column":0},"end":{"line":68,"column":54}},"68":{"start":{"line":69,"column":0},"end":{"line":69,"column":17}},"69":{"start":{"line":70,"column":0},"end":{"line":70,"column":6}},"70":{"start":{"line":71,"column":0},"end":{"line":71,"column":4}},"71":{"start":{"line":72,"column":0},"end":{"line":72,"column":95}},"72":{"start":{"line":73,"column":0},"end":{"line":73,"column":0}},"73":{"start":{"line":74,"column":0},"end":{"line":74,"column":71}},"74":{"start":{"line":75,"column":0},"end":{"line":75,"column":0}},"75":{"start":{"line":76,"column":0},"end":{"line":76,"column":20}},"76":{"start":{"line":77,"column":0},"end":{"line":77,"column":20}},"77":{"start":{"line":78,"column":0},"end":{"line":78,"column":97}},"78":{"start":{"line":79,"column":0},"end":{"line":79,"column":52}},"79":{"start":{"line":80,"column":0},"end":{"line":80,"column":0}},"80":{"start":{"line":81,"column":0},"end":{"line":81,"column":40}},"81":{"start":{"line":82,"column":0},"end":{"line":82,"column":0}},"82":{"start":{"line":83,"column":0},"end":{"line":83,"column":52}},"83":{"start":{"line":84,"column":0},"end":{"line":84,"column":41}},"84":{"start":{"line":85,"column":0},"end":{"line":85,"column":0}},"85":{"start":{"line":86,"column":0},"end":{"line":86,"column":27}},"86":{"start":{"line":87,"column":0},"end":{"line":87,"column":49}},"87":{"start":{"line":88,"column":0},"end":{"line":88,"column":17}},"88":{"start":{"line":89,"column":0},"end":{"line":89,"column":12}},"89":{"start":{"line":90,"column":0},"end":{"line":90,"column":5}},"90":{"start":{"line":91,"column":0},"end":{"line":91,"column":0}},"91":{"start":{"line":92,"column":0},"end":{"line":92,"column":3}},"92":{"start":{"line":93,"column":0},"end":{"line":93,"column":0}},"93":{"start":{"line":94,"column":0},"end":{"line":94,"column":31}}},"s":{"0":1,"1":1,"2":1,"3":1,"4":1,"5":1,"6":1,"7":1,"8":1,"9":1,"10":1,"11":1,"12":1,"13":1,"14":1,"15":5,"16":5,"17":5,"18":5,"19":5,"20":5,"21":4,"22":4,"23":1,"24":3,"25":5,"26":5,"27":5,"28":5,"29":1,"30":1,"31":1,"32":1,"33":1,"34":1,"35":1,"36":5,"37":5,"38":5,"39":5,"40":1,"41":1,"42":2,"43":2,"44":2,"45":1,"46":1,"47":1,"48":1,"49":1,"50":2,"51":1,"52":1,"53":4,"54":4,"55":4,"56":4,"57":4,"58":4,"59":4,"60":4,"61":3,"62":4,"63":1,"64":1,"65":1,"66":4,"67":4,"68":4,"69":4,"70":1,"71":1,"72":4,"73":4,"74":4,"75":4,"76":4,"77":4,"78":3,"79":3,"80":4,"81":1,"82":1,"83":1,"84":1,"85":4,"86":4,"87":4,"88":4,"89":4,"90":1,"91":1,"92":1,"93":1},"branchMap":{"0":{"type":"branch","line":7,"loc":{"start":{"line":7,"column":45},"end":{"line":92,"column":2}},"locations":[{"start":{"line":7,"column":45},"end":{"line":92,"column":2}}]},"1":{"type":"branch","line":15,"loc":{"start":{"line":15,"column":23},"end":{"line":40,"column":6}},"locations":[{"start":{"line":15,"column":23},"end":{"line":40,"column":6}}]},"2":{"type":"branch","line":21,"loc":{"start":{"line":21,"column":69},"end":{"line":23,"column":73}},"locations":[{"start":{"line":21,"column":69},"end":{"line":23,"column":73}}]},"3":{"type":"branch","line":23,"loc":{"start":{"line":23,"column":63},"end":{"line":24,"column":40}},"locations":[{"start":{"line":23,"column":63},"end":{"line":24,"column":40}}]},"4":{"type":"branch","line":24,"loc":{"start":{"line":24,"column":32},"end":{"line":25,"column":32}},"locations":[{"start":{"line":24,"column":32},"end":{"line":25,"column":32}}]},"5":{"type":"branch","line":29,"loc":{"start":{"line":29,"column":12},"end":{"line":37,"column":14}},"locations":[{"start":{"line":29,"column":12},"end":{"line":37,"column":14}}]},"6":{"type":"branch","line":37,"loc":{"start":{"line":37,"column":12},"end":{"line":37,"column":14}},"locations":[{"start":{"line":37,"column":12},"end":{"line":37,"column":14}}]},"7":{"type":"branch","line":42,"loc":{"start":{"line":42,"column":20},"end":{"line":51,"column":6}},"locations":[{"start":{"line":42,"column":20},"end":{"line":51,"column":6}}]},"8":{"type":"branch","line":45,"loc":{"start":{"line":45,"column":77},"end":{"line":50,"column":18}},"locations":[{"start":{"line":45,"column":77},"end":{"line":50,"column":18}}]},"9":{"type":"branch","line":53,"loc":{"start":{"line":53,"column":17},"end":{"line":70,"column":6}},"locations":[{"start":{"line":53,"column":17},"end":{"line":70,"column":6}}]},"10":{"type":"branch","line":61,"loc":{"start":{"line":61,"column":67},"end":{"line":63,"column":25}},"locations":[{"start":{"line":61,"column":67},"end":{"line":63,"column":25}}]},"11":{"type":"branch","line":63,"loc":{"start":{"line":63,"column":16},"end":{"line":67,"column":18}},"locations":[{"start":{"line":63,"column":16},"end":{"line":67,"column":18}}]},"12":{"type":"branch","line":67,"loc":{"start":{"line":67,"column":16},"end":{"line":67,"column":18}},"locations":[{"start":{"line":67,"column":16},"end":{"line":67,"column":18}}]},"13":{"type":"branch","line":72,"loc":{"start":{"line":72,"column":17},"end":{"line":90,"column":5}},"locations":[{"start":{"line":72,"column":17},"end":{"line":90,"column":5}}]},"14":{"type":"branch","line":78,"loc":{"start":{"line":78,"column":95},"end":{"line":81,"column":25}},"locations":[{"start":{"line":78,"column":95},"end":{"line":81,"column":25}}]},"15":{"type":"branch","line":81,"loc":{"start":{"line":81,"column":16},"end":{"line":86,"column":18}},"locations":[{"start":{"line":81,"column":16},"end":{"line":86,"column":18}}]},"16":{"type":"branch","line":86,"loc":{"start":{"line":86,"column":16},"end":{"line":86,"column":18}},"locations":[{"start":{"line":86,"column":16},"end":{"line":86,"column":18}}]}},"b":{"0":[1],"1":[5],"2":[4],"3":[1],"4":[3],"5":[1],"6":[4],"7":[2],"8":[1],"9":[4],"10":[3],"11":[1],"12":[3],"13":[4],"14":[3],"15":[1],"16":[3]},"fnMap":{"0":{"name":"fetchUserMessages","decl":{"start":{"line":15,"column":23},"end":{"line":40,"column":6}},"loc":{"start":{"line":15,"column":23},"end":{"line":40,"column":6}},"line":15},"1":{"name":"toggleMessages","decl":{"start":{"line":42,"column":20},"end":{"line":51,"column":6}},"loc":{"start":{"line":42,"column":20},"end":{"line":51,"column":6}},"line":42},"2":{"name":"sendMessage","decl":{"start":{"line":53,"column":17},"end":{"line":70,"column":6}},"loc":{"start":{"line":53,"column":17},"end":{"line":70,"column":6}},"line":53},"3":{"name":"sendRequest","decl":{"start":{"line":72,"column":17},"end":{"line":90,"column":5}},"loc":{"start":{"line":72,"column":17},"end":{"line":90,"column":5}},"line":72}},"f":{"0":5,"1":2,"2":4,"3":4}}
,"C:\\Users\\Denys\\Coding\\rosenblum-website\\frontend\\frontend\\src\\zustand\\useOrderStore.ts": {"path":"C:\\Users\\Denys\\Coding\\rosenblum-website\\frontend\\frontend\\src\\zustand\\useOrderStore.ts","all":false,"statementMap":{"0":{"start":{"line":1,"column":0},"end":{"line":1,"column":33}},"1":{"start":{"line":2,"column":0},"end":{"line":2,"column":51}},"2":{"start":{"line":3,"column":0},"end":{"line":3,"column":50}},"3":{"start":{"line":4,"column":0},"end":{"line":4,"column":49}},"4":{"start":{"line":5,"column":0},"end":{"line":5,"column":0}},"5":{"start":{"line":6,"column":0},"end":{"line":6,"column":57}},"6":{"start":{"line":7,"column":0},"end":{"line":7,"column":17}},"7":{"start":{"line":8,"column":0},"end":{"line":8,"column":25}},"8":{"start":{"line":9,"column":0},"end":{"line":9,"column":30}},"9":{"start":{"line":10,"column":0},"end":{"line":10,"column":31}},"10":{"start":{"line":11,"column":0},"end":{"line":11,"column":0}},"11":{"start":{"line":12,"column":0},"end":{"line":12,"column":48}},"12":{"start":{"line":13,"column":0},"end":{"line":13,"column":0}},"13":{"start":{"line":14,"column":0},"end":{"line":14,"column":68}},"14":{"start":{"line":15,"column":0},"end":{"line":15,"column":0}},"15":{"start":{"line":16,"column":0},"end":{"line":16,"column":12}},"16":{"start":{"line":17,"column":0},"end":{"line":17,"column":8}},"17":{"start":{"line":18,"column":0},"end":{"line":18,"column":60}},"18":{"start":{"line":19,"column":0},"end":{"line":19,"column":26}},"19":{"start":{"line":20,"column":0},"end":{"line":20,"column":59}},"20":{"start":{"line":21,"column":0},"end":{"line":21,"column":17}},"21":{"start":{"line":22,"column":0},"end":{"line":22,"column":15}},"22":{"start":{"line":23,"column":0},"end":{"line":23,"column":0}},"23":{"start":{"line":24,"column":0},"end":{"line":24,"column":44}},"24":{"start":{"line":25,"column":0},"end":{"line":25,"column":0}},"25":{"start":{"line":26,"column":0},"end":{"line":26,"column":38}},"26":{"start":{"line":27,"column":0},"end":{"line":27,"column":0}},"27":{"start":{"line":28,"column":0},"end":{"line":28,"column":28}},"28":{"start":{"line":29,"column":0},"end":{"line":29,"column":46}},"29":{"start":{"line":30,"column":0},"end":{"line":30,"column":34}},"30":{"start":{"line":31,"column":0},"end":{"line":31,"column":19}},"31":{"start":{"line":32,"column":0},"end":{"line":32,"column":44}},"32":{"start":{"line":33,"column":0},"end":{"line":33,"column":9}},"33":{"start":{"line":34,"column":0},"end":{"line":34,"column":8}},"34":{"start":{"line":35,"column":0},"end":{"line":35,"column":6}},"35":{"start":{"line":36,"column":0},"end":{"line":36,"column":0}},"36":{"start":{"line":37,"column":0},"end":{"line":37,"column":30}},"37":{"start":{"line":38,"column":0},"end":{"line":38,"column":0}},"38":{"start":{"line":39,"column":0},"end":{"line":39,"column":37}},"39":{"start":{"line":40,"column":0},"end":{"line":40,"column":0}},"40":{"start":{"line":41,"column":0},"end":{"line":41,"column":12}},"41":{"start":{"line":42,"column":0},"end":{"line":42,"column":12}},"42":{"start":{"line":43,"column":0},"end":{"line":43,"column":65}},"43":{"start":{"line":44,"column":0},"end":{"line":44,"column":0}},"44":{"start":{"line":45,"column":0},"end":{"line":45,"column":67}},"45":{"start":{"line":46,"column":0},"end":{"line":46,"column":40}},"46":{"start":{"line":47,"column":0},"end":{"line":47,"column":32}},"47":{"start":{"line":48,"column":0},"end":{"line":48,"column":0}},"48":{"start":{"line":49,"column":0},"end":{"line":49,"column":38}},"49":{"start":{"line":50,"column":0},"end":{"line":50,"column":11}},"50":{"start":{"line":51,"column":0},"end":{"line":51,"column":31}},"51":{"start":{"line":52,"column":0},"end":{"line":52,"column":34}},"52":{"start":{"line":53,"column":0},"end":{"line":53,"column":19}},"53":{"start":{"line":54,"column":0},"end":{"line":54,"column":39}},"54":{"start":{"line":55,"column":0},"end":{"line":55,"column":9}},"55":{"start":{"line":56,"column":0},"end":{"line":56,"column":5}},"56":{"start":{"line":57,"column":0},"end":{"line":57,"column":3}},"57":{"start":{"line":58,"column":0},"end":{"line":58,"column":0}},"58":{"start":{"line":59,"column":0},"end":{"line":59,"column":0}},"59":{"start":{"line":60,"column":0},"end":{"line":60,"column":28}}},"s":{"0":1,"1":1,"2":1,"3":1,"4":1,"5":1,"6":1,"7":1,"8":1,"9":1,"10":1,"11":1,"12":4,"13":4,"14":4,"15":4,"16":4,"17":4,"18":4,"19":4,"20":4,"21":4,"22":3,"23":3,"24":3,"25":3,"26":3,"27":4,"28":1,"29":1,"30":4,"31":4,"32":4,"33":4,"34":4,"35":1,"36":1,"37":8,"38":8,"39":8,"40":8,"41":8,"42":8,"43":7,"44":7,"45":4,"46":3,"47":8,"48":8,"49":8,"50":8,"51":1,"52":8,"53":8,"54":8,"55":8,"56":1,"57":1,"58":1,"59":1},"branchMap":{"0":{"type":"branch","line":6,"loc":{"start":{"line":6,"column":41},"end":{"line":57,"column":2}},"locations":[{"start":{"line":6,"column":41},"end":{"line":57,"column":2}}]},"1":{"type":"branch","line":12,"loc":{"start":{"line":12,"column":17},"end":{"line":35,"column":6}},"locations":[{"start":{"line":12,"column":17},"end":{"line":35,"column":6}}]},"2":{"type":"branch","line":22,"loc":{"start":{"line":22,"column":13},"end":{"line":28,"column":17}},"locations":[{"start":{"line":22,"column":13},"end":{"line":28,"column":17}}]},"3":{"type":"branch","line":28,"loc":{"start":{"line":28,"column":8},"end":{"line":31,"column":10}},"locations":[{"start":{"line":28,"column":8},"end":{"line":31,"column":10}}]},"4":{"type":"branch","line":31,"loc":{"start":{"line":31,"column":8},"end":{"line":31,"column":10}},"locations":[{"start":{"line":31,"column":8},"end":{"line":31,"column":10}}]},"5":{"type":"branch","line":37,"loc":{"start":{"line":37,"column":17},"end":{"line":56,"column":5}},"locations":[{"start":{"line":37,"column":17},"end":{"line":56,"column":5}}]},"6":{"type":"branch","line":43,"loc":{"start":{"line":43,"column":63},"end":{"line":45,"column":67}},"locations":[{"start":{"line":43,"column":63},"end":{"line":45,"column":67}}]},"7":{"type":"branch","line":45,"loc":{"start":{"line":45,"column":57},"end":{"line":46,"column":40}},"locations":[{"start":{"line":45,"column":57},"end":{"line":46,"column":40}}]},"8":{"type":"branch","line":46,"loc":{"start":{"line":46,"column":32},"end":{"line":47,"column":32}},"locations":[{"start":{"line":46,"column":32},"end":{"line":47,"column":32}}]},"9":{"type":"branch","line":51,"loc":{"start":{"line":51,"column":8},"end":{"line":53,"column":10}},"locations":[{"start":{"line":51,"column":8},"end":{"line":53,"column":10}}]},"10":{"type":"branch","line":53,"loc":{"start":{"line":53,"column":8},"end":{"line":53,"column":10}},"locations":[{"start":{"line":53,"column":8},"end":{"line":53,"column":10}}]}},"b":{"0":[1],"1":[4],"2":[3],"3":[1],"4":[3],"5":[8],"6":[7],"7":[4],"8":[3],"9":[1],"10":[7]},"fnMap":{"0":{"name":"createOrder","decl":{"start":{"line":12,"column":17},"end":{"line":35,"column":6}},"loc":{"start":{"line":12,"column":17},"end":{"line":35,"column":6}},"line":12},"1":{"name":"fetchOrders","decl":{"start":{"line":37,"column":17},"end":{"line":56,"column":5}},"loc":{"start":{"line":37,"column":17},"end":{"line":56,"column":5}},"line":37}},"f":{"0":4,"1":8}}
}
