{"C:\\Users\\Denys\\Coding\\rosenblum-website\\frontend-admin\\frontend-admin\\src\\components\\ApiErrorAlert.tsx": {"path":"C:\\Users\\Denys\\Coding\\rosenblum-website\\frontend-admin\\frontend-admin\\src\\components\\ApiErrorAlert.tsx","all":false,"statementMap":{"0":{"start":{"line":1,"column":0},"end":{"line":1,"column":51}},"1":{"start":{"line":2,"column":0},"end":{"line":2,"column":38}},"2":{"start":{"line":3,"column":0},"end":{"line":3,"column":68}},"3":{"start":{"line":4,"column":0},"end":{"line":4,"column":50}},"4":{"start":{"line":5,"column":0},"end":{"line":5,"column":0}},"5":{"start":{"line":6,"column":0},"end":{"line":6,"column":30}},"6":{"start":{"line":7,"column":0},"end":{"line":7,"column":34}},"7":{"start":{"line":8,"column":0},"end":{"line":8,"column":33}},"8":{"start":{"line":9,"column":0},"end":{"line":9,"column":24}},"9":{"start":{"line":10,"column":0},"end":{"line":10,"column":23}},"10":{"start":{"line":11,"column":0},"end":{"line":11,"column":18}},"11":{"start":{"line":12,"column":0},"end":{"line":12,"column":28}},"12":{"start":{"line":13,"column":0},"end":{"line":13,"column":20}},"13":{"start":{"line":14,"column":0},"end":{"line":14,"column":1}},"14":{"start":{"line":15,"column":0},"end":{"line":15,"column":0}},"15":{"start":{"line":16,"column":0},"end":{"line":16,"column":143}},"16":{"start":{"line":17,"column":0},"end":{"line":17,"column":1}},"17":{"start":{"line":18,"column":0},"end":{"line":18,"column":58}},"18":{"start":{"line":19,"column":0},"end":{"line":19,"column":0}},"19":{"start":{"line":20,"column":0},"end":{"line":20,"column":19}},"20":{"start":{"line":21,"column":0},"end":{"line":21,"column":34}},"21":{"start":{"line":22,"column":0},"end":{"line":22,"column":28}},"22":{"start":{"line":23,"column":0},"end":{"line":23,"column":12}},"23":{"start":{"line":24,"column":0},"end":{"line":24,"column":29}},"24":{"start":{"line":25,"column":0},"end":{"line":25,"column":5}},"25":{"start":{"line":26,"column":0},"end":{"line":26,"column":30}},"26":{"start":{"line":27,"column":0},"end":{"line":27,"column":0}},"27":{"start":{"line":28,"column":0},"end":{"line":28,"column":32}},"28":{"start":{"line":29,"column":0},"end":{"line":29,"column":27}},"29":{"start":{"line":30,"column":0},"end":{"line":30,"column":28}},"30":{"start":{"line":31,"column":0},"end":{"line":31,"column":35}},"31":{"start":{"line":32,"column":0},"end":{"line":32,"column":4}},"32":{"start":{"line":33,"column":0},"end":{"line":33,"column":0}},"33":{"start":{"line":34,"column":0},"end":{"line":34,"column":33}},"34":{"start":{"line":35,"column":0},"end":{"line":35,"column":0}},"35":{"start":{"line":36,"column":0},"end":{"line":36,"column":77}},"36":{"start":{"line":37,"column":0},"end":{"line":37,"column":56}},"37":{"start":{"line":38,"column":0},"end":{"line":38,"column":0}},"38":{"start":{"line":39,"column":0},"end":{"line":39,"column":94}},"39":{"start":{"line":40,"column":0},"end":{"line":40,"column":0}},"40":{"start":{"line":41,"column":0},"end":{"line":41,"column":55}},"41":{"start":{"line":42,"column":0},"end":{"line":42,"column":72}},"42":{"start":{"line":43,"column":0},"end":{"line":43,"column":6}},"43":{"start":{"line":44,"column":0},"end":{"line":44,"column":37}},"44":{"start":{"line":45,"column":0},"end":{"line":45,"column":0}},"45":{"start":{"line":46,"column":0},"end":{"line":46,"column":27}},"46":{"start":{"line":47,"column":0},"end":{"line":47,"column":17}},"47":{"start":{"line":48,"column":0},"end":{"line":48,"column":27}},"48":{"start":{"line":49,"column":0},"end":{"line":49,"column":35}},"49":{"start":{"line":50,"column":0},"end":{"line":50,"column":17}},"50":{"start":{"line":51,"column":0},"end":{"line":51,"column":23}},"51":{"start":{"line":52,"column":0},"end":{"line":52,"column":35}},"52":{"start":{"line":53,"column":0},"end":{"line":53,"column":7}},"53":{"start":{"line":54,"column":0},"end":{"line":54,"column":0}},"54":{"start":{"line":55,"column":0},"end":{"line":55,"column":46}},"55":{"start":{"line":56,"column":0},"end":{"line":56,"column":0}},"56":{"start":{"line":57,"column":0},"end":{"line":57,"column":29}},"57":{"start":{"line":58,"column":0},"end":{"line":58,"column":10}},"58":{"start":{"line":59,"column":0},"end":{"line":59,"column":4}},"59":{"start":{"line":60,"column":0},"end":{"line":60,"column":0}},"60":{"start":{"line":61,"column":0},"end":{"line":61,"column":21}},"61":{"start":{"line":62,"column":0},"end":{"line":62,"column":0}},"62":{"start":{"line":63,"column":0},"end":{"line":63,"column":23}},"63":{"start":{"line":64,"column":0},"end":{"line":64,"column":0}},"64":{"start":{"line":65,"column":0},"end":{"line":65,"column":15}},"65":{"start":{"line":66,"column":0},"end":{"line":66,"column":117}},"66":{"start":{"line":67,"column":0},"end":{"line":67,"column":24}},"67":{"start":{"line":68,"column":0},"end":{"line":68,"column":14}},"68":{"start":{"line":69,"column":0},"end":{"line":69,"column":6}},"69":{"start":{"line":70,"column":0},"end":{"line":70,"column":0}},"70":{"start":{"line":71,"column":0},"end":{"line":71,"column":21}},"71":{"start":{"line":72,"column":0},"end":{"line":72,"column":0}},"72":{"start":{"line":73,"column":0},"end":{"line":73,"column":39}},"73":{"start":{"line":74,"column":0},"end":{"line":74,"column":4}},"74":{"start":{"line":75,"column":0},"end":{"line":75,"column":44}},"75":{"start":{"line":76,"column":0},"end":{"line":76,"column":59}},"76":{"start":{"line":77,"column":0},"end":{"line":77,"column":5}},"77":{"start":{"line":78,"column":0},"end":{"line":78,"column":0}},"78":{"start":{"line":79,"column":0},"end":{"line":79,"column":15}},"79":{"start":{"line":80,"column":0},"end":{"line":80,"column":0}},"80":{"start":{"line":81,"column":0},"end":{"line":81,"column":115}},"81":{"start":{"line":82,"column":0},"end":{"line":82,"column":24}},"82":{"start":{"line":83,"column":0},"end":{"line":83,"column":14}},"83":{"start":{"line":84,"column":0},"end":{"line":84,"column":0}},"84":{"start":{"line":85,"column":0},"end":{"line":85,"column":6}},"85":{"start":{"line":86,"column":0},"end":{"line":86,"column":3}},"86":{"start":{"line":87,"column":0},"end":{"line":87,"column":0}},"87":{"start":{"line":88,"column":0},"end":{"line":88,"column":28}},"88":{"start":{"line":89,"column":0},"end":{"line":89,"column":0}},"89":{"start":{"line":90,"column":0},"end":{"line":90,"column":10}},"90":{"start":{"line":91,"column":0},"end":{"line":91,"column":0}},"91":{"start":{"line":92,"column":0},"end":{"line":92,"column":38}},"92":{"start":{"line":93,"column":0},"end":{"line":93,"column":15}},"93":{"start":{"line":94,"column":0},"end":{"line":94,"column":10}},"94":{"start":{"line":95,"column":0},"end":{"line":95,"column":0}},"95":{"start":{"line":96,"column":0},"end":{"line":96,"column":4}},"96":{"start":{"line":97,"column":0},"end":{"line":97,"column":1}},"97":{"start":{"line":98,"column":0},"end":{"line":98,"column":0}},"98":{"start":{"line":99,"column":0},"end":{"line":99,"column":29}}},"s":{"0":1,"1":1,"2":1,"3":1,"4":1,"5":1,"6":1,"7":1,"8":1,"9":1,"10":1,"11":1,"12":1,"13":1,"14":1,"15":1,"16":36,"17":36,"18":36,"19":36,"20":19,"21":15,"22":19,"23":4,"24":4,"25":36,"26":36,"27":36,"28":2,"29":2,"30":2,"31":2,"32":36,"33":36,"34":15,"35":36,"36":36,"37":36,"38":36,"39":36,"40":36,"41":15,"42":15,"43":15,"44":15,"45":15,"46":15,"47":15,"48":15,"49":15,"50":15,"51":15,"52":15,"53":15,"54":15,"55":15,"56":15,"57":15,"58":36,"59":36,"60":36,"61":36,"62":36,"63":3,"64":3,"65":3,"66":3,"67":3,"68":3,"69":3,"70":36,"71":12,"72":12,"73":12,"74":12,"75":1,"76":1,"77":12,"78":12,"79":12,"80":12,"81":12,"82":12,"83":12,"84":12,"85":12,"86":15,"87":36,"88":15,"89":15,"90":15,"91":15,"92":15,"93":15,"94":15,"95":15,"96":15,"97":1,"98":1},"branchMap":{"0":{"type":"branch","line":16,"loc":{"start":{"line":16,"column":52},"end":{"line":97,"column":1}},"locations":[{"start":{"line":16,"column":52},"end":{"line":97,"column":1}}]},"1":{"type":"branch","line":34,"loc":{"start":{"line":34,"column":21},"end":{"line":34,"column":33}},"locations":[{"start":{"line":34,"column":21},"end":{"line":34,"column":33}}]},"2":{"type":"branch","line":34,"loc":{"start":{"line":34,"column":28},"end":{"line":36,"column":32}},"locations":[{"start":{"line":34,"column":28},"end":{"line":36,"column":32}}]},"3":{"type":"branch","line":36,"loc":{"start":{"line":36,"column":24},"end":{"line":36,"column":54}},"locations":[{"start":{"line":36,"column":24},"end":{"line":36,"column":54}}]},"4":{"type":"branch","line":36,"loc":{"start":{"line":36,"column":32},"end":{"line":36,"column":77}},"locations":[{"start":{"line":36,"column":32},"end":{"line":36,"column":77}}]},"5":{"type":"branch","line":37,"loc":{"start":{"line":37,"column":22},"end":{"line":37,"column":53}},"locations":[{"start":{"line":37,"column":22},"end":{"line":37,"column":53}}]},"6":{"type":"branch","line":37,"loc":{"start":{"line":37,"column":36},"end":{"line":37,"column":56}},"locations":[{"start":{"line":37,"column":36},"end":{"line":37,"column":56}}]},"7":{"type":"branch","line":63,"loc":{"start":{"line":63,"column":22},"end":{"line":71,"column":13}},"locations":[{"start":{"line":63,"column":22},"end":{"line":71,"column":13}}]},"8":{"type":"branch","line":71,"loc":{"start":{"line":71,"column":2},"end":{"line":86,"column":3}},"locations":[{"start":{"line":71,"column":2},"end":{"line":86,"column":3}}]},"9":{"type":"branch","line":75,"loc":{"start":{"line":75,"column":43},"end":{"line":77,"column":5}},"locations":[{"start":{"line":75,"column":43},"end":{"line":77,"column":5}}]},"10":{"type":"branch","line":86,"loc":{"start":{"line":86,"column":2},"end":{"line":88,"column":23}},"locations":[{"start":{"line":86,"column":2},"end":{"line":88,"column":23}}]},"11":{"type":"branch","line":88,"loc":{"start":{"line":88,"column":16},"end":{"line":88,"column":28}},"locations":[{"start":{"line":88,"column":16},"end":{"line":88,"column":28}}]},"12":{"type":"branch","line":88,"loc":{"start":{"line":88,"column":23},"end":{"line":97,"column":1}},"locations":[{"start":{"line":88,"column":23},"end":{"line":97,"column":1}}]},"13":{"type":"branch","line":20,"loc":{"start":{"line":20,"column":12},"end":{"line":26,"column":5}},"locations":[{"start":{"line":20,"column":12},"end":{"line":26,"column":5}}]},"14":{"type":"branch","line":21,"loc":{"start":{"line":21,"column":8},"end":{"line":21,"column":33}},"locations":[{"start":{"line":21,"column":8},"end":{"line":21,"column":33}}]},"15":{"type":"branch","line":21,"loc":{"start":{"line":21,"column":33},"end":{"line":23,"column":11}},"locations":[{"start":{"line":21,"column":33},"end":{"line":23,"column":11}}]},"16":{"type":"branch","line":23,"loc":{"start":{"line":23,"column":4},"end":{"line":25,"column":5}},"locations":[{"start":{"line":23,"column":4},"end":{"line":25,"column":5}}]},"17":{"type":"branch","line":28,"loc":{"start":{"line":28,"column":25},"end":{"line":32,"column":4}},"locations":[{"start":{"line":28,"column":25},"end":{"line":32,"column":4}}]},"18":{"type":"branch","line":30,"loc":{"start":{"line":30,"column":17},"end":{"line":30,"column":28}},"locations":[{"start":{"line":30,"column":17},"end":{"line":30,"column":28}}]},"19":{"type":"branch","line":41,"loc":{"start":{"line":41,"column":30},"end":{"line":58,"column":10}},"locations":[{"start":{"line":41,"column":30},"end":{"line":58,"column":10}}]},"20":{"type":"branch","line":44,"loc":{"start":{"line":44,"column":7},"end":{"line":44,"column":37}},"locations":[{"start":{"line":44,"column":7},"end":{"line":44,"column":37}}]},"21":{"type":"branch","line":55,"loc":{"start":{"line":55,"column":9},"end":{"line":55,"column":46}},"locations":[{"start":{"line":55,"column":9},"end":{"line":55,"column":46}}]}},"b":{"0":[36],"1":[21],"2":[15],"3":[1],"4":[14],"5":[1],"6":[14],"7":[3],"8":[12],"9":[1],"10":[15],"11":[0],"12":[15],"13":[19],"14":[7],"15":[15],"16":[4],"17":[2],"18":[1],"19":[15],"20":[1],"21":[15]},"fnMap":{"0":{"name":"ApiErrorAlert","decl":{"start":{"line":16,"column":52},"end":{"line":97,"column":1}},"loc":{"start":{"line":16,"column":52},"end":{"line":97,"column":1}},"line":16},"1":{"name":"handleComplete","decl":{"start":{"line":28,"column":25},"end":{"line":32,"column":4}},"loc":{"start":{"line":28,"column":25},"end":{"line":32,"column":4}},"line":28},"2":{"name":"renderActionElement","decl":{"start":{"line":41,"column":30},"end":{"line":58,"column":10}},"loc":{"start":{"line":41,"column":30},"end":{"line":58,"column":10}},"line":41},"3":{"name":"children","decl":{"start":{"line":55,"column":9},"end":{"line":55,"column":46}},"loc":{"start":{"line":55,"column":9},"end":{"line":55,"column":46}},"line":55}},"f":{"0":36,"1":2,"2":15,"3":15}}
,"C:\\Users\\Denys\\Coding\\rosenblum-website\\frontend-admin\\frontend-admin\\src\\components\\AppLoader.tsx": {"path":"C:\\Users\\Denys\\Coding\\rosenblum-website\\frontend-admin\\frontend-admin\\src\\components\\AppLoader.tsx","all":false,"statementMap":{"0":{"start":{"line":1,"column":0},"end":{"line":1,"column":49}},"1":{"start":{"line":2,"column":0},"end":{"line":2,"column":0}},"2":{"start":{"line":3,"column":0},"end":{"line":3,"column":25}},"3":{"start":{"line":4,"column":0},"end":{"line":4,"column":12}},"4":{"start":{"line":5,"column":0},"end":{"line":5,"column":40}},"5":{"start":{"line":6,"column":0},"end":{"line":6,"column":0}},"6":{"start":{"line":7,"column":0},"end":{"line":7,"column":50}},"7":{"start":{"line":8,"column":0},"end":{"line":8,"column":45}},"8":{"start":{"line":9,"column":0},"end":{"line":9,"column":40}},"9":{"start":{"line":10,"column":0},"end":{"line":10,"column":18}},"10":{"start":{"line":11,"column":0},"end":{"line":11,"column":12}},"11":{"start":{"line":12,"column":0},"end":{"line":12,"column":14}},"12":{"start":{"line":13,"column":0},"end":{"line":13,"column":6}},"13":{"start":{"line":14,"column":0},"end":{"line":14,"column":1}},"14":{"start":{"line":15,"column":0},"end":{"line":15,"column":0}},"15":{"start":{"line":16,"column":0},"end":{"line":16,"column":25}}},"s":{"0":1,"1":1,"2":1,"3":6,"4":6,"5":6,"6":6,"7":6,"8":6,"9":6,"10":6,"11":6,"12":6,"13":6,"14":1,"15":1},"branchMap":{"0":{"type":"branch","line":3,"loc":{"start":{"line":3,"column":18},"end":{"line":14,"column":1}},"locations":[{"start":{"line":3,"column":18},"end":{"line":14,"column":1}}]}},"b":{"0":[6]},"fnMap":{"0":{"name":"AppLoader","decl":{"start":{"line":3,"column":18},"end":{"line":14,"column":1}},"loc":{"start":{"line":3,"column":18},"end":{"line":14,"column":1}},"line":3}},"f":{"0":6}}
,"C:\\Users\\Denys\\Coding\\rosenblum-website\\frontend-admin\\frontend-admin\\src\\components\\ComponentLoading.tsx": {"path":"C:\\Users\\Denys\\Coding\\rosenblum-website\\frontend-admin\\frontend-admin\\src\\components\\ComponentLoading.tsx","all":false,"statementMap":{"0":{"start":{"line":1,"column":0},"end":{"line":1,"column":62}},"1":{"start":{"line":2,"column":0},"end":{"line":2,"column":0}},"2":{"start":{"line":3,"column":0},"end":{"line":3,"column":0}},"3":{"start":{"line":4,"column":0},"end":{"line":4,"column":32}},"4":{"start":{"line":5,"column":0},"end":{"line":5,"column":12}},"5":{"start":{"line":6,"column":0},"end":{"line":6,"column":43}},"6":{"start":{"line":7,"column":0},"end":{"line":7,"column":41}},"7":{"start":{"line":8,"column":0},"end":{"line":8,"column":14}},"8":{"start":{"line":9,"column":0},"end":{"line":9,"column":6}},"9":{"start":{"line":10,"column":0},"end":{"line":10,"column":1}},"10":{"start":{"line":11,"column":0},"end":{"line":11,"column":0}},"11":{"start":{"line":12,"column":0},"end":{"line":12,"column":32}}},"s":{"0":1,"1":1,"2":1,"3":1,"4":4,"5":4,"6":4,"7":4,"8":4,"9":4,"10":1,"11":1},"branchMap":{"0":{"type":"branch","line":4,"loc":{"start":{"line":4,"column":25},"end":{"line":10,"column":1}},"locations":[{"start":{"line":4,"column":25},"end":{"line":10,"column":1}}]}},"b":{"0":[4]},"fnMap":{"0":{"name":"ComponentLoading","decl":{"start":{"line":4,"column":25},"end":{"line":10,"column":1}},"loc":{"start":{"line":4,"column":25},"end":{"line":10,"column":1}},"line":4}},"f":{"0":4}}
,"C:\\Users\\Denys\\Coding\\rosenblum-website\\frontend-admin\\frontend-admin\\src\\components\\Customer.tsx": {"path":"C:\\Users\\Denys\\Coding\\rosenblum-website\\frontend-admin\\frontend-admin\\src\\components\\Customer.tsx","all":false,"statementMap":{"0":{"start":{"line":1,"column":0},"end":{"line":1,"column":47}},"1":{"start":{"line":2,"column":0},"end":{"line":2,"column":57}},"2":{"start":{"line":3,"column":0},"end":{"line":3,"column":0}},"3":{"start":{"line":4,"column":0},"end":{"line":4,"column":25}},"4":{"start":{"line":5,"column":0},"end":{"line":5,"column":15}},"5":{"start":{"line":6,"column":0},"end":{"line":6,"column":28}},"6":{"start":{"line":7,"column":0},"end":{"line":7,"column":24}},"7":{"start":{"line":8,"column":0},"end":{"line":8,"column":23}},"8":{"start":{"line":9,"column":0},"end":{"line":9,"column":22}},"9":{"start":{"line":10,"column":0},"end":{"line":10,"column":18}},"10":{"start":{"line":11,"column":0},"end":{"line":11,"column":19}},"11":{"start":{"line":12,"column":0},"end":{"line":12,"column":1}},"12":{"start":{"line":13,"column":0},"end":{"line":13,"column":0}},"13":{"start":{"line":14,"column":0},"end":{"line":14,"column":111}},"14":{"start":{"line":15,"column":0},"end":{"line":15,"column":0}},"15":{"start":{"line":16,"column":0},"end":{"line":16,"column":35}},"16":{"start":{"line":17,"column":0},"end":{"line":17,"column":0}},"17":{"start":{"line":18,"column":0},"end":{"line":18,"column":12}},"18":{"start":{"line":19,"column":0},"end":{"line":19,"column":12}},"19":{"start":{"line":20,"column":0},"end":{"line":20,"column":42}},"20":{"start":{"line":21,"column":0},"end":{"line":21,"column":20}},"21":{"start":{"line":22,"column":0},"end":{"line":22,"column":51}},"22":{"start":{"line":23,"column":0},"end":{"line":23,"column":13}},"23":{"start":{"line":24,"column":0},"end":{"line":24,"column":43}},"24":{"start":{"line":25,"column":0},"end":{"line":25,"column":0}},"25":{"start":{"line":26,"column":0},"end":{"line":26,"column":54}},"26":{"start":{"line":27,"column":0},"end":{"line":27,"column":24}},"27":{"start":{"line":28,"column":0},"end":{"line":28,"column":74}},"28":{"start":{"line":29,"column":0},"end":{"line":29,"column":47}},"29":{"start":{"line":30,"column":0},"end":{"line":30,"column":48}},"30":{"start":{"line":31,"column":0},"end":{"line":31,"column":23}},"31":{"start":{"line":32,"column":0},"end":{"line":32,"column":22}},"32":{"start":{"line":33,"column":0},"end":{"line":33,"column":0}},"33":{"start":{"line":34,"column":0},"end":{"line":34,"column":50}},"34":{"start":{"line":35,"column":0},"end":{"line":35,"column":53}},"35":{"start":{"line":36,"column":0},"end":{"line":36,"column":66}},"36":{"start":{"line":37,"column":0},"end":{"line":37,"column":22}},"37":{"start":{"line":38,"column":0},"end":{"line":38,"column":0}},"38":{"start":{"line":39,"column":0},"end":{"line":39,"column":18}},"39":{"start":{"line":40,"column":0},"end":{"line":40,"column":0}},"40":{"start":{"line":41,"column":0},"end":{"line":41,"column":45}},"41":{"start":{"line":42,"column":0},"end":{"line":42,"column":31}},"42":{"start":{"line":43,"column":0},"end":{"line":43,"column":59}},"43":{"start":{"line":44,"column":0},"end":{"line":44,"column":18}},"44":{"start":{"line":45,"column":0},"end":{"line":45,"column":14}},"45":{"start":{"line":46,"column":0},"end":{"line":46,"column":5}},"46":{"start":{"line":47,"column":0},"end":{"line":47,"column":1}},"47":{"start":{"line":48,"column":0},"end":{"line":48,"column":0}},"48":{"start":{"line":49,"column":0},"end":{"line":49,"column":0}},"49":{"start":{"line":50,"column":0},"end":{"line":50,"column":24}}},"s":{"0":1,"1":1,"2":1,"3":1,"4":1,"5":1,"6":1,"7":1,"8":1,"9":1,"10":1,"11":1,"12":1,"13":1,"14":19,"15":19,"16":19,"17":19,"18":19,"19":19,"20":19,"21":19,"22":19,"23":19,"24":19,"25":19,"26":19,"27":19,"28":19,"29":19,"30":19,"31":19,"32":19,"33":19,"34":19,"35":19,"36":19,"37":19,"38":19,"39":19,"40":19,"41":19,"42":19,"43":19,"44":19,"45":19,"46":19,"47":1,"48":1,"49":1},"branchMap":{"0":{"type":"branch","line":14,"loc":{"start":{"line":14,"column":17},"end":{"line":47,"column":1}},"locations":[{"start":{"line":14,"column":17},"end":{"line":47,"column":1}}]},"1":{"type":"branch","line":28,"loc":{"start":{"line":28,"column":25},"end":{"line":28,"column":59}},"locations":[{"start":{"line":28,"column":25},"end":{"line":28,"column":59}}]},"2":{"type":"branch","line":28,"loc":{"start":{"line":28,"column":44},"end":{"line":28,"column":74}},"locations":[{"start":{"line":28,"column":44},"end":{"line":28,"column":74}}]},"3":{"type":"branch","line":22,"loc":{"start":{"line":22,"column":21},"end":{"line":22,"column":51}},"locations":[{"start":{"line":22,"column":21},"end":{"line":22,"column":51}}]}},"b":{"0":[19],"1":[2],"2":[1],"3":[2]},"fnMap":{"0":{"name":"Customer","decl":{"start":{"line":14,"column":17},"end":{"line":47,"column":1}},"loc":{"start":{"line":14,"column":17},"end":{"line":47,"column":1}},"line":14},"1":{"name":"onClick","decl":{"start":{"line":22,"column":21},"end":{"line":22,"column":51}},"loc":{"start":{"line":22,"column":21},"end":{"line":22,"column":51}},"line":22}},"f":{"0":19,"1":2}}
,"C:\\Users\\Denys\\Coding\\rosenblum-website\\frontend-admin\\frontend-admin\\src\\components\\ErrorView.tsx": {"path":"C:\\Users\\Denys\\Coding\\rosenblum-website\\frontend-admin\\frontend-admin\\src\\components\\ErrorView.tsx","all":false,"statementMap":{"0":{"start":{"line":1,"column":0},"end":{"line":1,"column":46}},"1":{"start":{"line":2,"column":0},"end":{"line":2,"column":0}},"2":{"start":{"line":3,"column":0},"end":{"line":3,"column":26}},"3":{"start":{"line":4,"column":0},"end":{"line":4,"column":22}},"4":{"start":{"line":5,"column":0},"end":{"line":5,"column":25}},"5":{"start":{"line":6,"column":0},"end":{"line":6,"column":1}},"6":{"start":{"line":7,"column":0},"end":{"line":7,"column":0}},"7":{"start":{"line":8,"column":0},"end":{"line":8,"column":63}},"8":{"start":{"line":9,"column":0},"end":{"line":9,"column":12}},"9":{"start":{"line":10,"column":0},"end":{"line":10,"column":140}},"10":{"start":{"line":11,"column":0},"end":{"line":11,"column":12}},"11":{"start":{"line":12,"column":0},"end":{"line":12,"column":59}},"12":{"start":{"line":13,"column":0},"end":{"line":13,"column":97}},"13":{"start":{"line":14,"column":0},"end":{"line":14,"column":0}},"14":{"start":{"line":15,"column":0},"end":{"line":15,"column":14}},"15":{"start":{"line":16,"column":0},"end":{"line":16,"column":5}},"16":{"start":{"line":17,"column":0},"end":{"line":17,"column":1}},"17":{"start":{"line":18,"column":0},"end":{"line":18,"column":0}},"18":{"start":{"line":19,"column":0},"end":{"line":19,"column":24}}},"s":{"0":1,"1":1,"2":1,"3":1,"4":1,"5":1,"6":1,"7":1,"8":11,"9":11,"10":11,"11":11,"12":11,"13":11,"14":11,"15":11,"16":11,"17":1,"18":1},"branchMap":{"0":{"type":"branch","line":8,"loc":{"start":{"line":8,"column":19},"end":{"line":17,"column":1}},"locations":[{"start":{"line":8,"column":19},"end":{"line":17,"column":1}}]},"1":{"type":"branch","line":10,"loc":{"start":{"line":10,"column":65},"end":{"line":10,"column":87}},"locations":[{"start":{"line":10,"column":65},"end":{"line":10,"column":87}}]},"2":{"type":"branch","line":10,"loc":{"start":{"line":10,"column":78},"end":{"line":10,"column":95}},"locations":[{"start":{"line":10,"column":78},"end":{"line":10,"column":95}}]},"3":{"type":"branch","line":10,"loc":{"start":{"line":10,"column":107},"end":{"line":10,"column":131}},"locations":[{"start":{"line":10,"column":107},"end":{"line":10,"column":131}}]},"4":{"type":"branch","line":10,"loc":{"start":{"line":10,"column":120},"end":{"line":10,"column":137}},"locations":[{"start":{"line":10,"column":120},"end":{"line":10,"column":137}}]},"5":{"type":"branch","line":13,"loc":{"start":{"line":13,"column":17},"end":{"line":13,"column":92}},"locations":[{"start":{"line":13,"column":17},"end":{"line":13,"column":92}}]}},"b":{"0":[11],"1":[1],"2":[10],"3":[1],"4":[10],"5":[8]},"fnMap":{"0":{"name":"ErrorView","decl":{"start":{"line":8,"column":19},"end":{"line":17,"column":1}},"loc":{"start":{"line":8,"column":19},"end":{"line":17,"column":1}},"line":8}},"f":{"0":11}}
,"C:\\Users\\Denys\\Coding\\rosenblum-website\\frontend-admin\\frontend-admin\\src\\components\\FilterDropdown.tsx": {"path":"C:\\Users\\Denys\\Coding\\rosenblum-website\\frontend-admin\\frontend-admin\\src\\components\\FilterDropdown.tsx","all":false,"statementMap":{"0":{"start":{"line":1,"column":0},"end":{"line":1,"column":40}},"1":{"start":{"line":2,"column":0},"end":{"line":2,"column":8}},"2":{"start":{"line":3,"column":0},"end":{"line":3,"column":10}},"3":{"start":{"line":4,"column":0},"end":{"line":4,"column":9}},"4":{"start":{"line":5,"column":0},"end":{"line":5,"column":6}},"5":{"start":{"line":6,"column":0},"end":{"line":6,"column":8}},"6":{"start":{"line":7,"column":0},"end":{"line":7,"column":13}},"7":{"start":{"line":8,"column":0},"end":{"line":8,"column":13}},"8":{"start":{"line":9,"column":0},"end":{"line":9,"column":9}},"9":{"start":{"line":10,"column":0},"end":{"line":10,"column":23}},"10":{"start":{"line":11,"column":0},"end":{"line":11,"column":0}},"11":{"start":{"line":12,"column":0},"end":{"line":12,"column":50}},"12":{"start":{"line":13,"column":0},"end":{"line":13,"column":43}},"13":{"start":{"line":14,"column":0},"end":{"line":14,"column":0}},"14":{"start":{"line":15,"column":0},"end":{"line":15,"column":31}},"15":{"start":{"line":16,"column":0},"end":{"line":16,"column":17}},"16":{"start":{"line":17,"column":0},"end":{"line":17,"column":23}},"17":{"start":{"line":18,"column":0},"end":{"line":18,"column":29}},"18":{"start":{"line":19,"column":0},"end":{"line":19,"column":1}},"19":{"start":{"line":20,"column":0},"end":{"line":20,"column":0}},"20":{"start":{"line":21,"column":0},"end":{"line":21,"column":94}},"21":{"start":{"line":22,"column":0},"end":{"line":22,"column":2}},"22":{"start":{"line":23,"column":0},"end":{"line":23,"column":75}},"23":{"start":{"line":24,"column":0},"end":{"line":24,"column":1}},"24":{"start":{"line":25,"column":0},"end":{"line":25,"column":71}},"25":{"start":{"line":26,"column":0},"end":{"line":26,"column":37}},"26":{"start":{"line":27,"column":0},"end":{"line":27,"column":4}},"27":{"start":{"line":28,"column":0},"end":{"line":28,"column":0}},"28":{"start":{"line":29,"column":0},"end":{"line":29,"column":29}},"29":{"start":{"line":30,"column":0},"end":{"line":30,"column":22}},"30":{"start":{"line":31,"column":0},"end":{"line":31,"column":4}},"31":{"start":{"line":32,"column":0},"end":{"line":32,"column":0}},"32":{"start":{"line":33,"column":0},"end":{"line":33,"column":33}},"33":{"start":{"line":34,"column":0},"end":{"line":34,"column":49}},"34":{"start":{"line":35,"column":0},"end":{"line":35,"column":0}},"35":{"start":{"line":36,"column":0},"end":{"line":36,"column":10}},"36":{"start":{"line":37,"column":0},"end":{"line":37,"column":6}},"37":{"start":{"line":38,"column":0},"end":{"line":38,"column":13}},"38":{"start":{"line":39,"column":0},"end":{"line":39,"column":29}},"39":{"start":{"line":40,"column":0},"end":{"line":40,"column":27}},"40":{"start":{"line":41,"column":0},"end":{"line":41,"column":29}},"41":{"start":{"line":42,"column":0},"end":{"line":42,"column":54}},"42":{"start":{"line":43,"column":0},"end":{"line":43,"column":23}},"43":{"start":{"line":44,"column":0},"end":{"line":44,"column":7}},"44":{"start":{"line":45,"column":0},"end":{"line":45,"column":29}},"45":{"start":{"line":46,"column":0},"end":{"line":46,"column":15}},"46":{"start":{"line":47,"column":0},"end":{"line":47,"column":0}},"47":{"start":{"line":48,"column":0},"end":{"line":48,"column":0}},"48":{"start":{"line":49,"column":0},"end":{"line":49,"column":14}},"49":{"start":{"line":50,"column":0},"end":{"line":50,"column":15}},"50":{"start":{"line":51,"column":0},"end":{"line":51,"column":19}},"51":{"start":{"line":52,"column":0},"end":{"line":52,"column":27}},"52":{"start":{"line":53,"column":0},"end":{"line":53,"column":29}},"53":{"start":{"line":54,"column":0},"end":{"line":54,"column":23}},"54":{"start":{"line":55,"column":0},"end":{"line":55,"column":29}},"55":{"start":{"line":56,"column":0},"end":{"line":56,"column":31}},"56":{"start":{"line":57,"column":0},"end":{"line":57,"column":10}},"57":{"start":{"line":58,"column":0},"end":{"line":58,"column":26}},"58":{"start":{"line":59,"column":0},"end":{"line":59,"column":26}},"59":{"start":{"line":60,"column":0},"end":{"line":60,"column":30}},"60":{"start":{"line":61,"column":0},"end":{"line":61,"column":10}},"61":{"start":{"line":62,"column":0},"end":{"line":62,"column":7}},"62":{"start":{"line":63,"column":0},"end":{"line":63,"column":0}},"63":{"start":{"line":64,"column":0},"end":{"line":64,"column":39}},"64":{"start":{"line":65,"column":0},"end":{"line":65,"column":91}},"65":{"start":{"line":66,"column":0},"end":{"line":66,"column":57}},"66":{"start":{"line":67,"column":0},"end":{"line":67,"column":59}},"67":{"start":{"line":68,"column":0},"end":{"line":68,"column":44}},"68":{"start":{"line":69,"column":0},"end":{"line":69,"column":25}},"69":{"start":{"line":70,"column":0},"end":{"line":70,"column":18}},"70":{"start":{"line":71,"column":0},"end":{"line":71,"column":10}},"71":{"start":{"line":72,"column":0},"end":{"line":72,"column":36}},"72":{"start":{"line":73,"column":0},"end":{"line":73,"column":0}},"73":{"start":{"line":74,"column":0},"end":{"line":74,"column":29}},"74":{"start":{"line":75,"column":0},"end":{"line":75,"column":0}},"75":{"start":{"line":76,"column":0},"end":{"line":76,"column":21}},"76":{"start":{"line":77,"column":0},"end":{"line":77,"column":12}},"77":{"start":{"line":78,"column":0},"end":{"line":78,"column":25}},"78":{"start":{"line":79,"column":0},"end":{"line":79,"column":116}},"79":{"start":{"line":80,"column":0},"end":{"line":80,"column":31}},"80":{"start":{"line":81,"column":0},"end":{"line":81,"column":24}},"81":{"start":{"line":82,"column":0},"end":{"line":82,"column":14}},"82":{"start":{"line":83,"column":0},"end":{"line":83,"column":0}},"83":{"start":{"line":84,"column":0},"end":{"line":84,"column":18}},"84":{"start":{"line":85,"column":0},"end":{"line":85,"column":14}},"85":{"start":{"line":86,"column":0},"end":{"line":86,"column":16}},"86":{"start":{"line":87,"column":0},"end":{"line":87,"column":7}},"87":{"start":{"line":88,"column":0},"end":{"line":88,"column":4}},"88":{"start":{"line":89,"column":0},"end":{"line":89,"column":2}},"89":{"start":{"line":90,"column":0},"end":{"line":90,"column":0}},"90":{"start":{"line":91,"column":0},"end":{"line":91,"column":29}}},"s":{"0":1,"1":1,"2":1,"3":1,"4":1,"5":1,"6":1,"7":1,"8":1,"9":1,"10":1,"11":1,"12":1,"13":1,"14":1,"15":1,"16":1,"17":1,"18":1,"19":1,"20":1,"21":22,"22":22,"23":22,"24":22,"25":8,"26":8,"27":22,"28":22,"29":1,"30":1,"31":22,"32":22,"33":22,"34":22,"35":22,"36":22,"37":22,"38":22,"39":22,"40":22,"41":22,"42":22,"43":22,"44":22,"45":22,"46":22,"47":22,"48":22,"49":22,"50":22,"51":22,"52":22,"53":22,"54":22,"55":22,"56":22,"57":22,"58":22,"59":22,"60":22,"61":22,"62":22,"63":22,"64":22,"65":22,"66":22,"67":22,"68":22,"69":22,"70":22,"71":22,"72":22,"73":22,"74":22,"75":22,"76":22,"77":22,"78":4,"79":4,"80":4,"81":22,"82":22,"83":22,"84":22,"85":22,"86":22,"87":22,"88":22,"89":1,"90":1},"branchMap":{"0":{"type":"branch","line":21,"loc":{"start":{"line":21,"column":30},"end":{"line":89,"column":2}},"locations":[{"start":{"line":21,"column":30},"end":{"line":89,"column":2}}]},"1":{"type":"branch","line":34,"loc":{"start":{"line":34,"column":13},"end":{"line":34,"column":39}},"locations":[{"start":{"line":34,"column":13},"end":{"line":34,"column":39}}]},"2":{"type":"branch","line":34,"loc":{"start":{"line":34,"column":20},"end":{"line":34,"column":49}},"locations":[{"start":{"line":34,"column":20},"end":{"line":34,"column":49}}]},"3":{"type":"branch","line":78,"loc":{"start":{"line":78,"column":13},"end":{"line":81,"column":24}},"locations":[{"start":{"line":78,"column":13},"end":{"line":81,"column":24}}]},"4":{"type":"branch","line":25,"loc":{"start":{"line":25,"column":22},"end":{"line":27,"column":4}},"locations":[{"start":{"line":25,"column":22},"end":{"line":27,"column":4}}]},"5":{"type":"branch","line":29,"loc":{"start":{"line":29,"column":22},"end":{"line":31,"column":4}},"locations":[{"start":{"line":29,"column":22},"end":{"line":31,"column":4}}]}},"b":{"0":[22],"1":[8],"2":[14],"3":[4],"4":[8],"5":[1]},"fnMap":{"0":{"name":"FilterDropdown","decl":{"start":{"line":21,"column":30},"end":{"line":89,"column":2}},"loc":{"start":{"line":21,"column":30},"end":{"line":89,"column":2}},"line":21},"1":{"name":"handleClick","decl":{"start":{"line":25,"column":22},"end":{"line":27,"column":4}},"loc":{"start":{"line":25,"column":22},"end":{"line":27,"column":4}},"line":25},"2":{"name":"handleClose","decl":{"start":{"line":29,"column":22},"end":{"line":31,"column":4}},"loc":{"start":{"line":29,"column":22},"end":{"line":31,"column":4}},"line":29}},"f":{"0":22,"1":8,"2":1}}
,"C:\\Users\\Denys\\Coding\\rosenblum-website\\frontend-admin\\frontend-admin\\src\\components\\LoginProtectedRoute.tsx": {"path":"C:\\Users\\Denys\\Coding\\rosenblum-website\\frontend-admin\\frontend-admin\\src\\components\\LoginProtectedRoute.tsx","all":false,"statementMap":{"0":{"start":{"line":1,"column":0},"end":{"line":1,"column":51}},"1":{"start":{"line":2,"column":0},"end":{"line":2,"column":44}},"2":{"start":{"line":3,"column":0},"end":{"line":3,"column":0}},"3":{"start":{"line":4,"column":0},"end":{"line":4,"column":0}},"4":{"start":{"line":5,"column":0},"end":{"line":5,"column":52}},"5":{"start":{"line":6,"column":0},"end":{"line":6,"column":56}},"6":{"start":{"line":7,"column":0},"end":{"line":7,"column":67}},"7":{"start":{"line":8,"column":0},"end":{"line":8,"column":1}},"8":{"start":{"line":9,"column":0},"end":{"line":9,"column":0}},"9":{"start":{"line":10,"column":0},"end":{"line":10,"column":0}},"10":{"start":{"line":11,"column":0},"end":{"line":11,"column":35}}},"s":{"0":1,"1":1,"2":1,"3":1,"4":1,"5":4,"6":4,"7":4,"8":1,"9":1,"10":1},"branchMap":{"0":{"type":"branch","line":5,"loc":{"start":{"line":5,"column":28},"end":{"line":8,"column":1}},"locations":[{"start":{"line":5,"column":28},"end":{"line":8,"column":1}}]},"1":{"type":"branch","line":7,"loc":{"start":{"line":7,"column":11},"end":{"line":7,"column":59}},"locations":[{"start":{"line":7,"column":11},"end":{"line":7,"column":59}}]},"2":{"type":"branch","line":7,"loc":{"start":{"line":7,"column":54},"end":{"line":7,"column":67}},"locations":[{"start":{"line":7,"column":54},"end":{"line":7,"column":67}}]}},"b":{"0":[4],"1":[2],"2":[2]},"fnMap":{"0":{"name":"LoginProtectedRoute","decl":{"start":{"line":5,"column":28},"end":{"line":8,"column":1}},"loc":{"start":{"line":5,"column":28},"end":{"line":8,"column":1}},"line":5}},"f":{"0":4}}
,"C:\\Users\\Denys\\Coding\\rosenblum-website\\frontend-admin\\frontend-admin\\src\\components\\MessageItem.tsx": {"path":"C:\\Users\\Denys\\Coding\\rosenblum-website\\frontend-admin\\frontend-admin\\src\\components\\MessageItem.tsx","all":false,"statementMap":{"0":{"start":{"line":1,"column":0},"end":{"line":1,"column":42}},"1":{"start":{"line":2,"column":0},"end":{"line":2,"column":57}},"2":{"start":{"line":3,"column":0},"end":{"line":3,"column":47}},"3":{"start":{"line":4,"column":0},"end":{"line":4,"column":51}},"4":{"start":{"line":5,"column":0},"end":{"line":5,"column":55}},"5":{"start":{"line":6,"column":0},"end":{"line":6,"column":51}},"6":{"start":{"line":7,"column":0},"end":{"line":7,"column":0}},"7":{"start":{"line":8,"column":0},"end":{"line":8,"column":0}},"8":{"start":{"line":9,"column":0},"end":{"line":9,"column":106}},"9":{"start":{"line":10,"column":0},"end":{"line":10,"column":4}},"10":{"start":{"line":11,"column":0},"end":{"line":11,"column":4}},"11":{"start":{"line":12,"column":0},"end":{"line":12,"column":43}},"12":{"start":{"line":13,"column":0},"end":{"line":13,"column":0}},"13":{"start":{"line":14,"column":0},"end":{"line":14,"column":58}},"14":{"start":{"line":15,"column":0},"end":{"line":15,"column":0}},"15":{"start":{"line":16,"column":0},"end":{"line":16,"column":96}},"16":{"start":{"line":17,"column":0},"end":{"line":17,"column":0}},"17":{"start":{"line":18,"column":0},"end":{"line":18,"column":35}},"18":{"start":{"line":19,"column":0},"end":{"line":19,"column":0}},"19":{"start":{"line":20,"column":0},"end":{"line":20,"column":85}},"20":{"start":{"line":21,"column":0},"end":{"line":21,"column":4}},"21":{"start":{"line":22,"column":0},"end":{"line":22,"column":12}},"22":{"start":{"line":23,"column":0},"end":{"line":23,"column":172}},"23":{"start":{"line":24,"column":0},"end":{"line":24,"column":0}},"24":{"start":{"line":25,"column":0},"end":{"line":25,"column":48}},"25":{"start":{"line":26,"column":0},"end":{"line":26,"column":0}},"26":{"start":{"line":27,"column":0},"end":{"line":27,"column":107}},"27":{"start":{"line":28,"column":0},"end":{"line":28,"column":0}},"28":{"start":{"line":29,"column":0},"end":{"line":29,"column":60}},"29":{"start":{"line":30,"column":0},"end":{"line":30,"column":0}},"30":{"start":{"line":31,"column":0},"end":{"line":31,"column":81}},"31":{"start":{"line":32,"column":0},"end":{"line":32,"column":20}},"32":{"start":{"line":33,"column":0},"end":{"line":33,"column":64}},"33":{"start":{"line":34,"column":0},"end":{"line":34,"column":24}},"34":{"start":{"line":35,"column":0},"end":{"line":35,"column":0}},"35":{"start":{"line":36,"column":0},"end":{"line":36,"column":71}},"36":{"start":{"line":37,"column":0},"end":{"line":37,"column":0}},"37":{"start":{"line":38,"column":0},"end":{"line":38,"column":57}},"38":{"start":{"line":39,"column":0},"end":{"line":39,"column":34}},"39":{"start":{"line":40,"column":0},"end":{"line":40,"column":32}},"40":{"start":{"line":41,"column":0},"end":{"line":41,"column":82}},"41":{"start":{"line":42,"column":0},"end":{"line":42,"column":50}},"42":{"start":{"line":43,"column":0},"end":{"line":43,"column":0}},"43":{"start":{"line":44,"column":0},"end":{"line":44,"column":35}},"44":{"start":{"line":45,"column":0},"end":{"line":45,"column":0}},"45":{"start":{"line":46,"column":0},"end":{"line":46,"column":59}},"46":{"start":{"line":47,"column":0},"end":{"line":47,"column":34}},"47":{"start":{"line":48,"column":0},"end":{"line":48,"column":0}},"48":{"start":{"line":49,"column":0},"end":{"line":49,"column":86}},"49":{"start":{"line":50,"column":0},"end":{"line":50,"column":50}},"50":{"start":{"line":51,"column":0},"end":{"line":51,"column":0}},"51":{"start":{"line":52,"column":0},"end":{"line":52,"column":35}},"52":{"start":{"line":53,"column":0},"end":{"line":53,"column":0}},"53":{"start":{"line":54,"column":0},"end":{"line":54,"column":33}},"54":{"start":{"line":55,"column":0},"end":{"line":55,"column":0}},"55":{"start":{"line":56,"column":0},"end":{"line":56,"column":34}},"56":{"start":{"line":57,"column":0},"end":{"line":57,"column":49}},"57":{"start":{"line":58,"column":0},"end":{"line":58,"column":35}},"58":{"start":{"line":59,"column":0},"end":{"line":59,"column":0}},"59":{"start":{"line":60,"column":0},"end":{"line":60,"column":30}},"60":{"start":{"line":61,"column":0},"end":{"line":61,"column":28}},"61":{"start":{"line":62,"column":0},"end":{"line":62,"column":28}},"62":{"start":{"line":63,"column":0},"end":{"line":63,"column":0}},"63":{"start":{"line":64,"column":0},"end":{"line":64,"column":26}},"64":{"start":{"line":65,"column":0},"end":{"line":65,"column":22}},"65":{"start":{"line":66,"column":0},"end":{"line":66,"column":0}},"66":{"start":{"line":67,"column":0},"end":{"line":67,"column":18}},"67":{"start":{"line":68,"column":0},"end":{"line":68,"column":0}},"68":{"start":{"line":69,"column":0},"end":{"line":69,"column":49}},"69":{"start":{"line":70,"column":0},"end":{"line":70,"column":44}},"70":{"start":{"line":71,"column":0},"end":{"line":71,"column":18}},"71":{"start":{"line":72,"column":0},"end":{"line":72,"column":12}},"72":{"start":{"line":73,"column":0},"end":{"line":73,"column":12}},"73":{"start":{"line":74,"column":0},"end":{"line":74,"column":14}},"74":{"start":{"line":75,"column":0},"end":{"line":75,"column":5}},"75":{"start":{"line":76,"column":0},"end":{"line":76,"column":1}},"76":{"start":{"line":77,"column":0},"end":{"line":77,"column":0}},"77":{"start":{"line":78,"column":0},"end":{"line":78,"column":26}}},"s":{"0":1,"1":1,"2":1,"3":1,"4":1,"5":1,"6":1,"7":1,"8":1,"9":23,"10":23,"11":23,"12":23,"13":23,"14":23,"15":23,"16":23,"17":23,"18":23,"19":23,"20":23,"21":23,"22":23,"23":23,"24":23,"25":23,"26":23,"27":23,"28":23,"29":23,"30":23,"31":23,"32":23,"33":23,"34":23,"35":23,"36":23,"37":23,"38":1,"39":1,"40":1,"41":1,"42":1,"43":1,"44":22,"45":22,"46":2,"47":2,"48":2,"49":2,"50":2,"51":2,"52":20,"53":20,"54":20,"55":20,"56":20,"57":20,"58":23,"59":23,"60":23,"61":23,"62":23,"63":23,"64":23,"65":23,"66":23,"67":23,"68":23,"69":23,"70":23,"71":23,"72":23,"73":23,"74":23,"75":23,"76":1,"77":1},"branchMap":{"0":{"type":"branch","line":9,"loc":{"start":{"line":9,"column":20},"end":{"line":76,"column":1}},"locations":[{"start":{"line":9,"column":20},"end":{"line":76,"column":1}}]},"1":{"type":"branch","line":14,"loc":{"start":{"line":14,"column":44},"end":{"line":14,"column":58}},"locations":[{"start":{"line":14,"column":44},"end":{"line":14,"column":58}}]},"2":{"type":"branch","line":16,"loc":{"start":{"line":16,"column":37},"end":{"line":16,"column":83}},"locations":[{"start":{"line":16,"column":37},"end":{"line":16,"column":83}}]},"3":{"type":"branch","line":16,"loc":{"start":{"line":16,"column":64},"end":{"line":16,"column":96}},"locations":[{"start":{"line":16,"column":64},"end":{"line":16,"column":96}}]},"4":{"type":"branch","line":20,"loc":{"start":{"line":20,"column":42},"end":{"line":20,"column":78}},"locations":[{"start":{"line":20,"column":42},"end":{"line":20,"column":78}}]},"5":{"type":"branch","line":20,"loc":{"start":{"line":20,"column":70},"end":{"line":20,"column":85}},"locations":[{"start":{"line":20,"column":70},"end":{"line":20,"column":85}}]},"6":{"type":"branch","line":23,"loc":{"start":{"line":23,"column":55},"end":{"line":23,"column":105}},"locations":[{"start":{"line":23,"column":55},"end":{"line":23,"column":105}}]},"7":{"type":"branch","line":23,"loc":{"start":{"line":23,"column":101},"end":{"line":23,"column":109}},"locations":[{"start":{"line":23,"column":101},"end":{"line":23,"column":109}}]},"8":{"type":"branch","line":38,"loc":{"start":{"line":38,"column":40},"end":{"line":38,"column":57}},"locations":[{"start":{"line":38,"column":40},"end":{"line":38,"column":57}}]},"9":{"type":"branch","line":38,"loc":{"start":{"line":38,"column":47},"end":{"line":44,"column":35}},"locations":[{"start":{"line":38,"column":47},"end":{"line":44,"column":35}}]},"10":{"type":"branch","line":44,"loc":{"start":{"line":44,"column":32},"end":{"line":58,"column":35}},"locations":[{"start":{"line":44,"column":32},"end":{"line":58,"column":35}}]},"11":{"type":"branch","line":46,"loc":{"start":{"line":46,"column":43},"end":{"line":46,"column":59}},"locations":[{"start":{"line":46,"column":43},"end":{"line":46,"column":59}}]},"12":{"type":"branch","line":46,"loc":{"start":{"line":46,"column":49},"end":{"line":52,"column":35}},"locations":[{"start":{"line":46,"column":49},"end":{"line":52,"column":35}}]},"13":{"type":"branch","line":52,"loc":{"start":{"line":52,"column":32},"end":{"line":58,"column":35}},"locations":[{"start":{"line":52,"column":32},"end":{"line":58,"column":35}}]},"14":{"type":"branch","line":12,"loc":{"start":{"line":12,"column":30},"end":{"line":12,"column":41}},"locations":[{"start":{"line":12,"column":30},"end":{"line":12,"column":41}}]},"15":{"type":"branch","line":23,"loc":{"start":{"line":23,"column":118},"end":{"line":23,"column":172}},"locations":[{"start":{"line":23,"column":118},"end":{"line":23,"column":172}}]}},"b":{"0":[23],"1":[22],"2":[2],"3":[1],"4":[1],"5":[22],"6":[2],"7":[21],"8":[3],"9":[1],"10":[22],"11":[2],"12":[2],"13":[20],"14":[23],"15":[1]},"fnMap":{"0":{"name":"MessageItem","decl":{"start":{"line":9,"column":20},"end":{"line":76,"column":1}},"loc":{"start":{"line":9,"column":20},"end":{"line":76,"column":1}},"line":9},"1":{"name":"onClick","decl":{"start":{"line":23,"column":118},"end":{"line":23,"column":172}},"loc":{"start":{"line":23,"column":118},"end":{"line":23,"column":172}},"line":23}},"f":{"0":23,"1":1}}
,"C:\\Users\\Denys\\Coding\\rosenblum-website\\frontend-admin\\frontend-admin\\src\\components\\Order.tsx": {"path":"C:\\Users\\Denys\\Coding\\rosenblum-website\\frontend-admin\\frontend-admin\\src\\components\\Order.tsx","all":false,"statementMap":{"0":{"start":{"line":1,"column":0},"end":{"line":1,"column":47}},"1":{"start":{"line":2,"column":0},"end":{"line":2,"column":49}},"2":{"start":{"line":3,"column":0},"end":{"line":3,"column":55}},"3":{"start":{"line":4,"column":0},"end":{"line":4,"column":58}},"4":{"start":{"line":5,"column":0},"end":{"line":5,"column":0}},"5":{"start":{"line":6,"column":0},"end":{"line":6,"column":0}},"6":{"start":{"line":7,"column":0},"end":{"line":7,"column":22}},"7":{"start":{"line":8,"column":0},"end":{"line":8,"column":15}},"8":{"start":{"line":9,"column":0},"end":{"line":9,"column":17}},"9":{"start":{"line":10,"column":0},"end":{"line":10,"column":32}},"10":{"start":{"line":11,"column":0},"end":{"line":11,"column":19}},"11":{"start":{"line":12,"column":0},"end":{"line":12,"column":20}},"12":{"start":{"line":13,"column":0},"end":{"line":13,"column":1}},"13":{"start":{"line":14,"column":0},"end":{"line":14,"column":0}},"14":{"start":{"line":15,"column":0},"end":{"line":15,"column":0}},"15":{"start":{"line":16,"column":0},"end":{"line":16,"column":80}},"16":{"start":{"line":17,"column":0},"end":{"line":17,"column":0}},"17":{"start":{"line":18,"column":0},"end":{"line":18,"column":35}},"18":{"start":{"line":19,"column":0},"end":{"line":19,"column":0}},"19":{"start":{"line":20,"column":0},"end":{"line":20,"column":59}},"20":{"start":{"line":21,"column":0},"end":{"line":21,"column":0}},"21":{"start":{"line":22,"column":0},"end":{"line":22,"column":12}},"22":{"start":{"line":23,"column":0},"end":{"line":23,"column":0}},"23":{"start":{"line":24,"column":0},"end":{"line":24,"column":47}},"24":{"start":{"line":25,"column":0},"end":{"line":25,"column":17}},"25":{"start":{"line":26,"column":0},"end":{"line":26,"column":67}},"26":{"start":{"line":27,"column":0},"end":{"line":27,"column":78}},"27":{"start":{"line":28,"column":0},"end":{"line":28,"column":9}},"28":{"start":{"line":29,"column":0},"end":{"line":29,"column":0}},"29":{"start":{"line":30,"column":0},"end":{"line":30,"column":50}},"30":{"start":{"line":31,"column":0},"end":{"line":31,"column":0}},"31":{"start":{"line":32,"column":0},"end":{"line":32,"column":64}},"32":{"start":{"line":33,"column":0},"end":{"line":33,"column":0}},"33":{"start":{"line":34,"column":0},"end":{"line":34,"column":46}},"34":{"start":{"line":35,"column":0},"end":{"line":35,"column":109}},"35":{"start":{"line":36,"column":0},"end":{"line":36,"column":65}},"36":{"start":{"line":37,"column":0},"end":{"line":37,"column":22}},"37":{"start":{"line":38,"column":0},"end":{"line":38,"column":0}},"38":{"start":{"line":39,"column":0},"end":{"line":39,"column":18}},"39":{"start":{"line":40,"column":0},"end":{"line":40,"column":0}},"40":{"start":{"line":41,"column":0},"end":{"line":41,"column":52}},"41":{"start":{"line":42,"column":0},"end":{"line":42,"column":21}},"42":{"start":{"line":43,"column":0},"end":{"line":43,"column":81}},"43":{"start":{"line":44,"column":0},"end":{"line":44,"column":22}},"44":{"start":{"line":45,"column":0},"end":{"line":45,"column":0}},"45":{"start":{"line":46,"column":0},"end":{"line":46,"column":45}},"46":{"start":{"line":47,"column":0},"end":{"line":47,"column":81}},"47":{"start":{"line":48,"column":0},"end":{"line":48,"column":18}},"48":{"start":{"line":49,"column":0},"end":{"line":49,"column":0}},"49":{"start":{"line":50,"column":0},"end":{"line":50,"column":18}},"50":{"start":{"line":51,"column":0},"end":{"line":51,"column":12}},"51":{"start":{"line":52,"column":0},"end":{"line":52,"column":14}},"52":{"start":{"line":53,"column":0},"end":{"line":53,"column":5}},"53":{"start":{"line":54,"column":0},"end":{"line":54,"column":1}},"54":{"start":{"line":55,"column":0},"end":{"line":55,"column":0}},"55":{"start":{"line":56,"column":0},"end":{"line":56,"column":0}},"56":{"start":{"line":57,"column":0},"end":{"line":57,"column":20}}},"s":{"0":1,"1":1,"2":1,"3":1,"4":1,"5":1,"6":1,"7":1,"8":1,"9":1,"10":1,"11":1,"12":1,"13":1,"14":1,"15":1,"16":18,"17":18,"18":18,"19":18,"20":18,"21":18,"22":18,"23":18,"24":18,"25":18,"26":18,"27":18,"28":18,"29":18,"30":18,"31":18,"32":18,"33":18,"34":18,"35":18,"36":18,"37":18,"38":18,"39":18,"40":18,"41":18,"42":18,"43":18,"44":18,"45":18,"46":18,"47":18,"48":18,"49":18,"50":18,"51":18,"52":18,"53":18,"54":1,"55":1,"56":1},"branchMap":{"0":{"type":"branch","line":16,"loc":{"start":{"line":16,"column":14},"end":{"line":54,"column":1}},"locations":[{"start":{"line":16,"column":14},"end":{"line":54,"column":1}}]},"1":{"type":"branch","line":27,"loc":{"start":{"line":27,"column":34},"end":{"line":27,"column":66}},"locations":[{"start":{"line":27,"column":34},"end":{"line":27,"column":66}}]},"2":{"type":"branch","line":27,"loc":{"start":{"line":27,"column":43},"end":{"line":27,"column":76}},"locations":[{"start":{"line":27,"column":43},"end":{"line":27,"column":76}}]},"3":{"type":"branch","line":35,"loc":{"start":{"line":35,"column":58},"end":{"line":35,"column":86}},"locations":[{"start":{"line":35,"column":58},"end":{"line":35,"column":86}}]},"4":{"type":"branch","line":35,"loc":{"start":{"line":35,"column":67},"end":{"line":35,"column":93}},"locations":[{"start":{"line":35,"column":67},"end":{"line":35,"column":93}}]},"5":{"type":"branch","line":20,"loc":{"start":{"line":20,"column":39},"end":{"line":20,"column":57}},"locations":[{"start":{"line":20,"column":39},"end":{"line":20,"column":57}}]},"6":{"type":"branch","line":26,"loc":{"start":{"line":26,"column":17},"end":{"line":26,"column":67}},"locations":[{"start":{"line":26,"column":17},"end":{"line":26,"column":67}}]}},"b":{"0":[18],"1":[2],"2":[16],"3":[2],"4":[16],"5":[18],"6":[3]},"fnMap":{"0":{"name":"Order","decl":{"start":{"line":16,"column":14},"end":{"line":54,"column":1}},"loc":{"start":{"line":16,"column":14},"end":{"line":54,"column":1}},"line":16},"1":{"name":"onClick","decl":{"start":{"line":26,"column":17},"end":{"line":26,"column":67}},"loc":{"start":{"line":26,"column":17},"end":{"line":26,"column":67}},"line":26}},"f":{"0":18,"1":3}}
,"C:\\Users\\Denys\\Coding\\rosenblum-website\\frontend-admin\\frontend-admin\\src\\components\\ProtectedRoute.tsx": {"path":"C:\\Users\\Denys\\Coding\\rosenblum-website\\frontend-admin\\frontend-admin\\src\\components\\ProtectedRoute.tsx","all":false,"statementMap":{"0":{"start":{"line":1,"column":0},"end":{"line":1,"column":44}},"1":{"start":{"line":2,"column":0},"end":{"line":2,"column":51}},"2":{"start":{"line":3,"column":0},"end":{"line":3,"column":34}},"3":{"start":{"line":4,"column":0},"end":{"line":4,"column":0}},"4":{"start":{"line":5,"column":0},"end":{"line":5,"column":30}},"5":{"start":{"line":6,"column":0},"end":{"line":6,"column":24}},"6":{"start":{"line":7,"column":0},"end":{"line":7,"column":1}},"7":{"start":{"line":8,"column":0},"end":{"line":8,"column":0}},"8":{"start":{"line":9,"column":0},"end":{"line":9,"column":63}},"9":{"start":{"line":10,"column":0},"end":{"line":10,"column":56}},"10":{"start":{"line":11,"column":0},"end":{"line":11,"column":58}},"11":{"start":{"line":12,"column":0},"end":{"line":12,"column":1}},"12":{"start":{"line":13,"column":0},"end":{"line":13,"column":0}},"13":{"start":{"line":14,"column":0},"end":{"line":14,"column":0}},"14":{"start":{"line":15,"column":0},"end":{"line":15,"column":30}}},"s":{"0":1,"1":1,"2":1,"3":1,"4":1,"5":1,"6":1,"7":1,"8":1,"9":4,"10":4,"11":4,"12":1,"13":1,"14":1},"branchMap":{"0":{"type":"branch","line":9,"loc":{"start":{"line":9,"column":23},"end":{"line":12,"column":1}},"locations":[{"start":{"line":9,"column":23},"end":{"line":12,"column":1}}]},"1":{"type":"branch","line":11,"loc":{"start":{"line":11,"column":11},"end":{"line":11,"column":40}},"locations":[{"start":{"line":11,"column":11},"end":{"line":11,"column":40}}]},"2":{"type":"branch","line":11,"loc":{"start":{"line":11,"column":29},"end":{"line":11,"column":58}},"locations":[{"start":{"line":11,"column":29},"end":{"line":11,"column":58}}]}},"b":{"0":[4],"1":[2],"2":[2]},"fnMap":{"0":{"name":"ProtectedRoute","decl":{"start":{"line":9,"column":23},"end":{"line":12,"column":1}},"loc":{"start":{"line":9,"column":23},"end":{"line":12,"column":1}},"line":9}},"f":{"0":4}}
,"C:\\Users\\Denys\\Coding\\rosenblum-website\\frontend-admin\\frontend-admin\\src\\components\\Request.tsx": {"path":"C:\\Users\\Denys\\Coding\\rosenblum-website\\frontend-admin\\frontend-admin\\src\\components\\Request.tsx","all":false,"statementMap":{"0":{"start":{"line":1,"column":0},"end":{"line":1,"column":47}},"1":{"start":{"line":2,"column":0},"end":{"line":2,"column":49}},"2":{"start":{"line":3,"column":0},"end":{"line":3,"column":54}},"3":{"start":{"line":4,"column":0},"end":{"line":4,"column":0}},"4":{"start":{"line":5,"column":0},"end":{"line":5,"column":0}},"5":{"start":{"line":6,"column":0},"end":{"line":6,"column":24}},"6":{"start":{"line":7,"column":0},"end":{"line":7,"column":15}},"7":{"start":{"line":8,"column":0},"end":{"line":8,"column":17}},"8":{"start":{"line":9,"column":0},"end":{"line":9,"column":18}},"9":{"start":{"line":10,"column":0},"end":{"line":10,"column":25}},"10":{"start":{"line":11,"column":0},"end":{"line":11,"column":20}},"11":{"start":{"line":12,"column":0},"end":{"line":12,"column":32}},"12":{"start":{"line":13,"column":0},"end":{"line":13,"column":20}},"13":{"start":{"line":14,"column":0},"end":{"line":14,"column":1}},"14":{"start":{"line":15,"column":0},"end":{"line":15,"column":0}},"15":{"start":{"line":16,"column":0},"end":{"line":16,"column":83}},"16":{"start":{"line":17,"column":0},"end":{"line":17,"column":0}},"17":{"start":{"line":18,"column":0},"end":{"line":18,"column":35}},"18":{"start":{"line":19,"column":0},"end":{"line":19,"column":0}},"19":{"start":{"line":20,"column":0},"end":{"line":20,"column":65}},"20":{"start":{"line":21,"column":0},"end":{"line":21,"column":0}},"21":{"start":{"line":22,"column":0},"end":{"line":22,"column":12}},"22":{"start":{"line":23,"column":0},"end":{"line":23,"column":0}},"23":{"start":{"line":24,"column":0},"end":{"line":24,"column":13}},"24":{"start":{"line":25,"column":0},"end":{"line":25,"column":42}},"25":{"start":{"line":26,"column":0},"end":{"line":26,"column":17}},"26":{"start":{"line":27,"column":0},"end":{"line":27,"column":71}},"27":{"start":{"line":28,"column":0},"end":{"line":28,"column":79}},"28":{"start":{"line":29,"column":0},"end":{"line":29,"column":12}},"29":{"start":{"line":30,"column":0},"end":{"line":30,"column":50}},"30":{"start":{"line":31,"column":0},"end":{"line":31,"column":65}},"31":{"start":{"line":32,"column":0},"end":{"line":32,"column":16}},"32":{"start":{"line":33,"column":0},"end":{"line":33,"column":46}},"33":{"start":{"line":34,"column":0},"end":{"line":34,"column":0}},"34":{"start":{"line":35,"column":0},"end":{"line":35,"column":62}},"35":{"start":{"line":36,"column":0},"end":{"line":36,"column":66}},"36":{"start":{"line":37,"column":0},"end":{"line":37,"column":0}},"37":{"start":{"line":38,"column":0},"end":{"line":38,"column":22}},"38":{"start":{"line":39,"column":0},"end":{"line":39,"column":18}},"39":{"start":{"line":40,"column":0},"end":{"line":40,"column":0}},"40":{"start":{"line":41,"column":0},"end":{"line":41,"column":17}},"41":{"start":{"line":42,"column":0},"end":{"line":42,"column":77}},"42":{"start":{"line":43,"column":0},"end":{"line":43,"column":18}},"43":{"start":{"line":44,"column":0},"end":{"line":44,"column":0}},"44":{"start":{"line":45,"column":0},"end":{"line":45,"column":0}},"45":{"start":{"line":46,"column":0},"end":{"line":46,"column":14}},"46":{"start":{"line":47,"column":0},"end":{"line":47,"column":5}},"47":{"start":{"line":48,"column":0},"end":{"line":48,"column":1}},"48":{"start":{"line":49,"column":0},"end":{"line":49,"column":0}},"49":{"start":{"line":50,"column":0},"end":{"line":50,"column":0}},"50":{"start":{"line":51,"column":0},"end":{"line":51,"column":22}}},"s":{"0":1,"1":1,"2":1,"3":1,"4":1,"5":1,"6":1,"7":1,"8":1,"9":1,"10":1,"11":1,"12":1,"13":1,"14":1,"15":1,"16":17,"17":17,"18":17,"19":17,"20":17,"21":17,"22":17,"23":17,"24":17,"25":17,"26":17,"27":17,"28":17,"29":17,"30":17,"31":17,"32":17,"33":17,"34":17,"35":17,"36":17,"37":17,"38":17,"39":17,"40":17,"41":17,"42":17,"43":17,"44":17,"45":17,"46":17,"47":17,"48":1,"49":1,"50":1},"branchMap":{"0":{"type":"branch","line":16,"loc":{"start":{"line":16,"column":16},"end":{"line":48,"column":1}},"locations":[{"start":{"line":16,"column":16},"end":{"line":48,"column":1}}]},"1":{"type":"branch","line":28,"loc":{"start":{"line":28,"column":34},"end":{"line":28,"column":66}},"locations":[{"start":{"line":28,"column":34},"end":{"line":28,"column":66}}]},"2":{"type":"branch","line":28,"loc":{"start":{"line":28,"column":43},"end":{"line":28,"column":76}},"locations":[{"start":{"line":28,"column":43},"end":{"line":28,"column":76}}]},"3":{"type":"branch","line":20,"loc":{"start":{"line":20,"column":43},"end":{"line":20,"column":63}},"locations":[{"start":{"line":20,"column":43},"end":{"line":20,"column":63}}]},"4":{"type":"branch","line":27,"loc":{"start":{"line":27,"column":17},"end":{"line":27,"column":71}},"locations":[{"start":{"line":27,"column":17},"end":{"line":27,"column":71}}]}},"b":{"0":[17],"1":[1],"2":[16],"3":[17],"4":[3]},"fnMap":{"0":{"name":"Request","decl":{"start":{"line":16,"column":16},"end":{"line":48,"column":1}},"loc":{"start":{"line":16,"column":16},"end":{"line":48,"column":1}},"line":16},"1":{"name":"onClick","decl":{"start":{"line":27,"column":17},"end":{"line":27,"column":71}},"loc":{"start":{"line":27,"column":17},"end":{"line":27,"column":71}},"line":27}},"f":{"0":17,"1":3}}
,"C:\\Users\\Denys\\Coding\\rosenblum-website\\frontend-admin\\frontend-admin\\src\\components\\Skeleton.tsx": {"path":"C:\\Users\\Denys\\Coding\\rosenblum-website\\frontend-admin\\frontend-admin\\src\\components\\Skeleton.tsx","all":false,"statementMap":{"0":{"start":{"line":1,"column":0},"end":{"line":1,"column":37}},"1":{"start":{"line":2,"column":0},"end":{"line":2,"column":46}},"2":{"start":{"line":3,"column":0},"end":{"line":3,"column":0}},"3":{"start":{"line":4,"column":0},"end":{"line":4,"column":27}},"4":{"start":{"line":5,"column":0},"end":{"line":5,"column":0}},"5":{"start":{"line":6,"column":0},"end":{"line":6,"column":73}},"6":{"start":{"line":7,"column":0},"end":{"line":7,"column":0}},"7":{"start":{"line":8,"column":0},"end":{"line":8,"column":12}},"8":{"start":{"line":9,"column":0},"end":{"line":9,"column":8}},"9":{"start":{"line":10,"column":0},"end":{"line":10,"column":54}},"10":{"start":{"line":11,"column":0},"end":{"line":11,"column":8}},"11":{"start":{"line":12,"column":0},"end":{"line":12,"column":38}},"12":{"start":{"line":13,"column":0},"end":{"line":13,"column":68}},"13":{"start":{"line":14,"column":0},"end":{"line":14,"column":0}},"14":{"start":{"line":15,"column":0},"end":{"line":15,"column":87}},"15":{"start":{"line":16,"column":0},"end":{"line":16,"column":36}},"16":{"start":{"line":17,"column":0},"end":{"line":17,"column":34}},"17":{"start":{"line":18,"column":0},"end":{"line":18,"column":40}},"18":{"start":{"line":19,"column":0},"end":{"line":19,"column":22}},"19":{"start":{"line":20,"column":0},"end":{"line":20,"column":0}},"20":{"start":{"line":21,"column":0},"end":{"line":21,"column":66}},"21":{"start":{"line":22,"column":0},"end":{"line":22,"column":0}},"22":{"start":{"line":23,"column":0},"end":{"line":23,"column":64}},"23":{"start":{"line":24,"column":0},"end":{"line":24,"column":64}},"24":{"start":{"line":25,"column":0},"end":{"line":25,"column":0}},"25":{"start":{"line":26,"column":0},"end":{"line":26,"column":26}},"26":{"start":{"line":27,"column":0},"end":{"line":27,"column":0}},"27":{"start":{"line":28,"column":0},"end":{"line":28,"column":23}},"28":{"start":{"line":29,"column":0},"end":{"line":29,"column":15}},"29":{"start":{"line":30,"column":0},"end":{"line":30,"column":8}},"30":{"start":{"line":31,"column":0},"end":{"line":31,"column":14}},"31":{"start":{"line":32,"column":0},"end":{"line":32,"column":0}},"32":{"start":{"line":33,"column":0},"end":{"line":33,"column":8}},"33":{"start":{"line":34,"column":0},"end":{"line":34,"column":5}},"34":{"start":{"line":35,"column":0},"end":{"line":35,"column":1}},"35":{"start":{"line":36,"column":0},"end":{"line":36,"column":0}},"36":{"start":{"line":37,"column":0},"end":{"line":37,"column":26}}},"s":{"0":1,"1":1,"2":1,"3":1,"4":11,"5":11,"6":11,"7":11,"8":11,"9":11,"10":11,"11":11,"12":88,"13":88,"14":88,"15":88,"16":88,"17":88,"18":88,"19":88,"20":88,"21":88,"22":88,"23":88,"24":88,"25":88,"26":88,"27":88,"28":11,"29":11,"30":11,"31":11,"32":11,"33":11,"34":11,"35":1,"36":1},"branchMap":{"0":{"type":"branch","line":4,"loc":{"start":{"line":4,"column":20},"end":{"line":35,"column":1}},"locations":[{"start":{"line":4,"column":20},"end":{"line":35,"column":1}}]},"1":{"type":"branch","line":6,"loc":{"start":{"line":6,"column":49},"end":{"line":6,"column":72}},"locations":[{"start":{"line":6,"column":49},"end":{"line":6,"column":72}}]},"2":{"type":"branch","line":12,"loc":{"start":{"line":12,"column":28},"end":{"line":28,"column":23}},"locations":[{"start":{"line":12,"column":28},"end":{"line":28,"column":23}}]}},"b":{"0":[11],"1":[88],"2":[88]},"fnMap":{"0":{"name":"AppSkeleton","decl":{"start":{"line":4,"column":20},"end":{"line":35,"column":1}},"loc":{"start":{"line":4,"column":20},"end":{"line":35,"column":1}},"line":4}},"f":{"0":11}}
,"C:\\Users\\Denys\\Coding\\rosenblum-website\\frontend-admin\\frontend-admin\\src\\components\\StatsGrid.tsx": {"path":"C:\\Users\\Denys\\Coding\\rosenblum-website\\frontend-admin\\frontend-admin\\src\\components\\StatsGrid.tsx","all":false,"statementMap":{"0":{"start":{"line":1,"column":0},"end":{"line":1,"column":36}},"1":{"start":{"line":2,"column":0},"end":{"line":2,"column":38}},"2":{"start":{"line":3,"column":0},"end":{"line":3,"column":0}},"3":{"start":{"line":4,"column":0},"end":{"line":4,"column":26}},"4":{"start":{"line":5,"column":0},"end":{"line":5,"column":28}},"5":{"start":{"line":6,"column":0},"end":{"line":6,"column":1}},"6":{"start":{"line":7,"column":0},"end":{"line":7,"column":0}},"7":{"start":{"line":8,"column":0},"end":{"line":8,"column":65}},"8":{"start":{"line":9,"column":0},"end":{"line":9,"column":10}},"9":{"start":{"line":10,"column":0},"end":{"line":10,"column":30}},"10":{"start":{"line":11,"column":0},"end":{"line":11,"column":84}},"11":{"start":{"line":12,"column":0},"end":{"line":12,"column":18}},"12":{"start":{"line":13,"column":0},"end":{"line":13,"column":13}},"13":{"start":{"line":14,"column":0},"end":{"line":14,"column":10}},"14":{"start":{"line":15,"column":0},"end":{"line":15,"column":4}},"15":{"start":{"line":16,"column":0},"end":{"line":16,"column":1}}},"s":{"0":1,"1":1,"2":1,"3":1,"4":1,"5":1,"6":1,"7":9,"8":9,"9":9,"10":9,"11":9,"12":9,"13":9,"14":9,"15":9},"branchMap":{"0":{"type":"branch","line":8,"loc":{"start":{"line":8,"column":0},"end":{"line":16,"column":1}},"locations":[{"start":{"line":8,"column":0},"end":{"line":16,"column":1}}]}},"b":{"0":[9]},"fnMap":{"0":{"name":"StatsGrid","decl":{"start":{"line":8,"column":0},"end":{"line":16,"column":1}},"loc":{"start":{"line":8,"column":0},"end":{"line":16,"column":1}},"line":8}},"f":{"0":9}}
,"C:\\Users\\Denys\\Coding\\rosenblum-website\\frontend-admin\\frontend-admin\\src\\hooks\\useChatForm.ts": {"path":"C:\\Users\\Denys\\Coding\\rosenblum-website\\frontend-admin\\frontend-admin\\src\\hooks\\useChatForm.ts","all":false,"statementMap":{"0":{"start":{"line":1,"column":0},"end":{"line":1,"column":33}},"1":{"start":{"line":2,"column":0},"end":{"line":2,"column":50}},"2":{"start":{"line":3,"column":0},"end":{"line":3,"column":0}},"3":{"start":{"line":4,"column":0},"end":{"line":4,"column":29}},"4":{"start":{"line":5,"column":0},"end":{"line":5,"column":20}},"5":{"start":{"line":6,"column":0},"end":{"line":6,"column":61}},"6":{"start":{"line":7,"column":0},"end":{"line":7,"column":26}},"7":{"start":{"line":8,"column":0},"end":{"line":8,"column":25}},"8":{"start":{"line":9,"column":0},"end":{"line":9,"column":35}},"9":{"start":{"line":10,"column":0},"end":{"line":10,"column":74}},"10":{"start":{"line":11,"column":0},"end":{"line":11,"column":76}},"11":{"start":{"line":12,"column":0},"end":{"line":12,"column":40}},"12":{"start":{"line":13,"column":0},"end":{"line":13,"column":1}},"13":{"start":{"line":14,"column":0},"end":{"line":14,"column":0}},"14":{"start":{"line":15,"column":0},"end":{"line":15,"column":28}},"15":{"start":{"line":16,"column":0},"end":{"line":16,"column":0}},"16":{"start":{"line":17,"column":0},"end":{"line":17,"column":67}},"17":{"start":{"line":18,"column":0},"end":{"line":18,"column":53}},"18":{"start":{"line":19,"column":0},"end":{"line":19,"column":19}},"19":{"start":{"line":20,"column":0},"end":{"line":20,"column":22}},"20":{"start":{"line":21,"column":0},"end":{"line":21,"column":4}},"21":{"start":{"line":22,"column":0},"end":{"line":22,"column":25}},"22":{"start":{"line":23,"column":0},"end":{"line":23,"column":0}},"23":{"start":{"line":24,"column":0},"end":{"line":24,"column":47}},"24":{"start":{"line":25,"column":0},"end":{"line":25,"column":67}},"25":{"start":{"line":26,"column":0},"end":{"line":26,"column":58}},"26":{"start":{"line":27,"column":0},"end":{"line":27,"column":70}},"27":{"start":{"line":28,"column":0},"end":{"line":28,"column":0}},"28":{"start":{"line":29,"column":0},"end":{"line":29,"column":47}},"29":{"start":{"line":30,"column":0},"end":{"line":30,"column":66}},"30":{"start":{"line":31,"column":0},"end":{"line":31,"column":29}},"31":{"start":{"line":32,"column":0},"end":{"line":32,"column":33}},"32":{"start":{"line":33,"column":0},"end":{"line":33,"column":19}},"33":{"start":{"line":34,"column":0},"end":{"line":34,"column":9}},"34":{"start":{"line":35,"column":0},"end":{"line":35,"column":67}},"35":{"start":{"line":36,"column":0},"end":{"line":36,"column":30}},"36":{"start":{"line":37,"column":0},"end":{"line":37,"column":6}},"37":{"start":{"line":38,"column":0},"end":{"line":38,"column":0}},"38":{"start":{"line":39,"column":0},"end":{"line":39,"column":79}},"39":{"start":{"line":40,"column":0},"end":{"line":40,"column":29}},"40":{"start":{"line":41,"column":0},"end":{"line":41,"column":58}},"41":{"start":{"line":42,"column":0},"end":{"line":42,"column":36}},"42":{"start":{"line":43,"column":0},"end":{"line":43,"column":32}},"43":{"start":{"line":44,"column":0},"end":{"line":44,"column":9}},"44":{"start":{"line":45,"column":0},"end":{"line":45,"column":6}},"45":{"start":{"line":46,"column":0},"end":{"line":46,"column":0}},"46":{"start":{"line":47,"column":0},"end":{"line":47,"column":43}},"47":{"start":{"line":48,"column":0},"end":{"line":48,"column":42}},"48":{"start":{"line":49,"column":0},"end":{"line":49,"column":88}},"49":{"start":{"line":50,"column":0},"end":{"line":50,"column":39}},"50":{"start":{"line":51,"column":0},"end":{"line":51,"column":38}},"51":{"start":{"line":52,"column":0},"end":{"line":52,"column":13}},"52":{"start":{"line":53,"column":0},"end":{"line":53,"column":28}},"53":{"start":{"line":54,"column":0},"end":{"line":54,"column":11}},"54":{"start":{"line":55,"column":0},"end":{"line":55,"column":6}},"55":{"start":{"line":56,"column":0},"end":{"line":56,"column":0}},"56":{"start":{"line":57,"column":0},"end":{"line":57,"column":74}},"57":{"start":{"line":58,"column":0},"end":{"line":58,"column":1}},"58":{"start":{"line":59,"column":0},"end":{"line":59,"column":34}},"59":{"start":{"line":60,"column":0},"end":{"line":60,"column":0}},"60":{"start":{"line":61,"column":0},"end":{"line":61,"column":30}},"61":{"start":{"line":62,"column":0},"end":{"line":62,"column":0}},"62":{"start":{"line":63,"column":0},"end":{"line":63,"column":23}},"63":{"start":{"line":64,"column":0},"end":{"line":64,"column":30}},"64":{"start":{"line":65,"column":0},"end":{"line":65,"column":0}},"65":{"start":{"line":66,"column":0},"end":{"line":66,"column":72}},"66":{"start":{"line":67,"column":0},"end":{"line":67,"column":19}},"67":{"start":{"line":68,"column":0},"end":{"line":68,"column":9}},"68":{"start":{"line":69,"column":0},"end":{"line":69,"column":0}},"69":{"start":{"line":70,"column":0},"end":{"line":70,"column":40}},"70":{"start":{"line":71,"column":0},"end":{"line":71,"column":0}},"71":{"start":{"line":72,"column":0},"end":{"line":72,"column":39}},"72":{"start":{"line":73,"column":0},"end":{"line":73,"column":43}},"73":{"start":{"line":74,"column":0},"end":{"line":74,"column":56}},"74":{"start":{"line":75,"column":0},"end":{"line":75,"column":15}},"75":{"start":{"line":76,"column":0},"end":{"line":76,"column":9}},"76":{"start":{"line":77,"column":0},"end":{"line":77,"column":0}},"77":{"start":{"line":78,"column":0},"end":{"line":78,"column":40}},"78":{"start":{"line":79,"column":0},"end":{"line":79,"column":48}},"79":{"start":{"line":80,"column":0},"end":{"line":80,"column":9}},"80":{"start":{"line":81,"column":0},"end":{"line":81,"column":0}},"81":{"start":{"line":82,"column":0},"end":{"line":82,"column":13}},"82":{"start":{"line":83,"column":0},"end":{"line":83,"column":48}},"83":{"start":{"line":84,"column":0},"end":{"line":84,"column":12}},"84":{"start":{"line":85,"column":0},"end":{"line":85,"column":27}},"85":{"start":{"line":86,"column":0},"end":{"line":86,"column":33}},"86":{"start":{"line":87,"column":0},"end":{"line":87,"column":12}},"87":{"start":{"line":88,"column":0},"end":{"line":88,"column":44}},"88":{"start":{"line":89,"column":0},"end":{"line":89,"column":12}},"89":{"start":{"line":90,"column":0},"end":{"line":90,"column":32}},"90":{"start":{"line":91,"column":0},"end":{"line":91,"column":46}},"91":{"start":{"line":92,"column":0},"end":{"line":92,"column":31}},"92":{"start":{"line":93,"column":0},"end":{"line":93,"column":9}},"93":{"start":{"line":94,"column":0},"end":{"line":94,"column":6}},"94":{"start":{"line":95,"column":0},"end":{"line":95,"column":0}},"95":{"start":{"line":96,"column":0},"end":{"line":96,"column":12}},"96":{"start":{"line":97,"column":0},"end":{"line":97,"column":16}},"97":{"start":{"line":98,"column":0},"end":{"line":98,"column":19}},"98":{"start":{"line":99,"column":0},"end":{"line":99,"column":22}},"99":{"start":{"line":100,"column":0},"end":{"line":100,"column":20}},"100":{"start":{"line":101,"column":0},"end":{"line":101,"column":14}},"101":{"start":{"line":102,"column":0},"end":{"line":102,"column":21}},"102":{"start":{"line":103,"column":0},"end":{"line":103,"column":30}},"103":{"start":{"line":104,"column":0},"end":{"line":104,"column":18}},"104":{"start":{"line":105,"column":0},"end":{"line":105,"column":6}},"105":{"start":{"line":106,"column":0},"end":{"line":106,"column":2}}},"s":{"0":1,"1":1,"2":1,"3":1,"4":1,"5":1,"6":1,"7":1,"8":1,"9":1,"10":1,"11":1,"12":1,"13":1,"14":1,"15":36,"16":36,"17":36,"18":36,"19":36,"20":36,"21":36,"22":36,"23":36,"24":36,"25":36,"26":36,"27":36,"28":36,"29":7,"30":7,"31":2,"32":2,"33":2,"34":5,"35":5,"36":7,"37":36,"38":36,"39":7,"40":7,"41":7,"42":7,"43":7,"44":7,"45":36,"46":36,"47":2,"48":2,"49":2,"50":2,"51":2,"52":2,"53":2,"54":2,"55":36,"56":36,"57":7,"58":7,"59":7,"60":7,"61":6,"62":6,"63":6,"64":6,"65":7,"66":2,"67":2,"68":4,"69":4,"70":4,"71":7,"72":1,"73":1,"74":1,"75":1,"76":4,"77":7,"78":3,"79":3,"80":4,"81":4,"82":4,"83":3,"84":3,"85":3,"86":3,"87":3,"88":3,"89":7,"90":1,"91":1,"92":1,"93":7,"94":36,"95":36,"96":36,"97":36,"98":36,"99":36,"100":36,"101":36,"102":36,"103":36,"104":36,"105":36},"branchMap":{"0":{"type":"branch","line":15,"loc":{"start":{"line":15,"column":27},"end":{"line":106,"column":2}},"locations":[{"start":{"line":15,"column":27},"end":{"line":106,"column":2}}]},"1":{"type":"branch","line":29,"loc":{"start":{"line":29,"column":24},"end":{"line":37,"column":6}},"locations":[{"start":{"line":29,"column":24},"end":{"line":37,"column":6}}]},"2":{"type":"branch","line":31,"loc":{"start":{"line":31,"column":28},"end":{"line":34,"column":9}},"locations":[{"start":{"line":31,"column":28},"end":{"line":34,"column":9}}]},"3":{"type":"branch","line":34,"loc":{"start":{"line":34,"column":8},"end":{"line":36,"column":30}},"locations":[{"start":{"line":34,"column":8},"end":{"line":36,"column":30}}]},"4":{"type":"branch","line":35,"loc":{"start":{"line":35,"column":25},"end":{"line":35,"column":65}},"locations":[{"start":{"line":35,"column":25},"end":{"line":35,"column":65}}]},"5":{"type":"branch","line":39,"loc":{"start":{"line":39,"column":34},"end":{"line":45,"column":6}},"locations":[{"start":{"line":39,"column":34},"end":{"line":45,"column":6}}]},"6":{"type":"branch","line":47,"loc":{"start":{"line":47,"column":23},"end":{"line":55,"column":6}},"locations":[{"start":{"line":47,"column":23},"end":{"line":55,"column":6}}]},"7":{"type":"branch","line":48,"loc":{"start":{"line":48,"column":25},"end":{"line":54,"column":9}},"locations":[{"start":{"line":48,"column":25},"end":{"line":54,"column":9}}]},"8":{"type":"branch","line":49,"loc":{"start":{"line":49,"column":49},"end":{"line":49,"column":86}},"locations":[{"start":{"line":49,"column":49},"end":{"line":49,"column":86}}]},"9":{"type":"branch","line":57,"loc":{"start":{"line":57,"column":25},"end":{"line":94,"column":6}},"locations":[{"start":{"line":57,"column":25},"end":{"line":94,"column":6}}]},"10":{"type":"branch","line":59,"loc":{"start":{"line":59,"column":15},"end":{"line":59,"column":34}},"locations":[{"start":{"line":59,"column":15},"end":{"line":59,"column":34}}]},"11":{"type":"branch","line":61,"loc":{"start":{"line":61,"column":23},"end":{"line":61,"column":30}},"locations":[{"start":{"line":61,"column":23},"end":{"line":61,"column":30}}]},"12":{"type":"branch","line":61,"loc":{"start":{"line":61,"column":23},"end":{"line":66,"column":43}},"locations":[{"start":{"line":61,"column":23},"end":{"line":66,"column":43}}]},"13":{"type":"branch","line":66,"loc":{"start":{"line":66,"column":38},"end":{"line":66,"column":71}},"locations":[{"start":{"line":66,"column":38},"end":{"line":66,"column":71}}]},"14":{"type":"branch","line":66,"loc":{"start":{"line":66,"column":71},"end":{"line":68,"column":9}},"locations":[{"start":{"line":66,"column":71},"end":{"line":68,"column":9}}]},"15":{"type":"branch","line":68,"loc":{"start":{"line":68,"column":8},"end":{"line":72,"column":38}},"locations":[{"start":{"line":68,"column":8},"end":{"line":72,"column":38}}]},"16":{"type":"branch","line":72,"loc":{"start":{"line":72,"column":38},"end":{"line":76,"column":9}},"locations":[{"start":{"line":72,"column":38},"end":{"line":76,"column":9}}]},"17":{"type":"branch","line":76,"loc":{"start":{"line":76,"column":8},"end":{"line":78,"column":39}},"locations":[{"start":{"line":76,"column":8},"end":{"line":78,"column":39}}]},"18":{"type":"branch","line":78,"loc":{"start":{"line":78,"column":39},"end":{"line":80,"column":9}},"locations":[{"start":{"line":78,"column":39},"end":{"line":80,"column":9}}]},"19":{"type":"branch","line":80,"loc":{"start":{"line":80,"column":8},"end":{"line":83,"column":48}},"locations":[{"start":{"line":80,"column":8},"end":{"line":83,"column":48}}]},"20":{"type":"branch","line":83,"loc":{"start":{"line":83,"column":46},"end":{"line":90,"column":17}},"locations":[{"start":{"line":83,"column":46},"end":{"line":90,"column":17}}]},"21":{"type":"branch","line":90,"loc":{"start":{"line":90,"column":8},"end":{"line":93,"column":9}},"locations":[{"start":{"line":90,"column":8},"end":{"line":93,"column":9}}]},"22":{"type":"branch","line":73,"loc":{"start":{"line":73,"column":34},"end":{"line":75,"column":13}},"locations":[{"start":{"line":73,"column":34},"end":{"line":75,"column":13}}]}},"b":{"0":[36],"1":[7],"2":[2],"3":[5],"4":[5],"5":[7],"6":[2],"7":[2],"8":[6],"9":[7],"10":[1],"11":[1],"12":[6],"13":[3],"14":[2],"15":[4],"16":[1],"17":[4],"18":[3],"19":[4],"20":[3],"21":[1],"22":[1]},"fnMap":{"0":{"name":"useChatForm","decl":{"start":{"line":15,"column":27},"end":{"line":106,"column":2}},"loc":{"start":{"line":15,"column":27},"end":{"line":106,"column":2}},"line":15},"1":{"name":"handleFiles","decl":{"start":{"line":29,"column":24},"end":{"line":37,"column":6}},"loc":{"start":{"line":29,"column":24},"end":{"line":37,"column":6}},"line":29},"2":{"name":"handleFileInputChange","decl":{"start":{"line":39,"column":34},"end":{"line":45,"column":6}},"loc":{"start":{"line":39,"column":34},"end":{"line":45,"column":6}},"line":39},"3":{"name":"removeFile","decl":{"start":{"line":47,"column":23},"end":{"line":55,"column":6}},"loc":{"start":{"line":47,"column":23},"end":{"line":55,"column":6}},"line":47},"4":{"name":"handleSubmit","decl":{"start":{"line":57,"column":25},"end":{"line":94,"column":6}},"loc":{"start":{"line":57,"column":25},"end":{"line":94,"column":6}},"line":57}},"f":{"0":36,"1":7,"2":7,"3":2,"4":7}}
,"C:\\Users\\Denys\\Coding\\rosenblum-website\\frontend-admin\\frontend-admin\\src\\hooks\\useIsAtTop.ts": {"path":"C:\\Users\\Denys\\Coding\\rosenblum-website\\frontend-admin\\frontend-admin\\src\\hooks\\useIsAtTop.ts","all":false,"statementMap":{"0":{"start":{"line":1,"column":0},"end":{"line":1,"column":44}},"1":{"start":{"line":2,"column":0},"end":{"line":2,"column":0}},"2":{"start":{"line":3,"column":0},"end":{"line":3,"column":55}},"3":{"start":{"line":4,"column":0},"end":{"line":4,"column":0}},"4":{"start":{"line":5,"column":0},"end":{"line":5,"column":47}},"5":{"start":{"line":6,"column":0},"end":{"line":6,"column":0}},"6":{"start":{"line":7,"column":0},"end":{"line":7,"column":19}},"7":{"start":{"line":8,"column":0},"end":{"line":8,"column":0}},"8":{"start":{"line":9,"column":0},"end":{"line":9,"column":32}},"9":{"start":{"line":10,"column":0},"end":{"line":10,"column":45}},"10":{"start":{"line":11,"column":0},"end":{"line":11,"column":6}},"11":{"start":{"line":12,"column":0},"end":{"line":12,"column":0}},"12":{"start":{"line":13,"column":0},"end":{"line":13,"column":19}},"13":{"start":{"line":14,"column":0},"end":{"line":14,"column":52}},"14":{"start":{"line":15,"column":0},"end":{"line":15,"column":68}},"15":{"start":{"line":16,"column":0},"end":{"line":16,"column":0}},"16":{"start":{"line":17,"column":0},"end":{"line":17,"column":18}},"17":{"start":{"line":18,"column":0},"end":{"line":18,"column":0}},"18":{"start":{"line":19,"column":0},"end":{"line":19,"column":17}},"19":{"start":{"line":20,"column":0},"end":{"line":20,"column":2}},"20":{"start":{"line":21,"column":0},"end":{"line":21,"column":2}}},"s":{"0":1,"1":1,"2":1,"3":23,"4":23,"5":23,"6":23,"7":13,"8":13,"9":15,"10":15,"11":13,"12":13,"13":13,"14":13,"15":13,"16":23,"17":23,"18":23,"19":23,"20":23},"branchMap":{"0":{"type":"branch","line":3,"loc":{"start":{"line":3,"column":26},"end":{"line":21,"column":2}},"locations":[{"start":{"line":3,"column":26},"end":{"line":21,"column":2}}]},"1":{"type":"branch","line":7,"loc":{"start":{"line":7,"column":12},"end":{"line":17,"column":5}},"locations":[{"start":{"line":7,"column":12},"end":{"line":17,"column":5}}]},"2":{"type":"branch","line":9,"loc":{"start":{"line":9,"column":25},"end":{"line":11,"column":6}},"locations":[{"start":{"line":9,"column":25},"end":{"line":11,"column":6}}]},"3":{"type":"branch","line":15,"loc":{"start":{"line":15,"column":11},"end":{"line":15,"column":68}},"locations":[{"start":{"line":15,"column":11},"end":{"line":15,"column":68}}]}},"b":{"0":[23],"1":[13],"2":[15],"3":[13]},"fnMap":{"0":{"name":"useIsAtTop","decl":{"start":{"line":3,"column":26},"end":{"line":21,"column":2}},"loc":{"start":{"line":3,"column":26},"end":{"line":21,"column":2}},"line":3},"1":{"name":"handleScroll","decl":{"start":{"line":9,"column":25},"end":{"line":11,"column":6}},"loc":{"start
[...]
"line":79,"loc":{"start":{"line":79,"column":26},"end":{"line":92,"column":6}},"locations":[{"start":{"line":79,"column":26},"end":{"line":92,"column":6}}]},"9":{"type":"branch","line":83,"loc":{"start":{"line":83,"column":79},"end":{"line":89,"column":10}},"locations":[{"start":{"line":83,"column":79},"end":{"line":89,"column":10}}]},"10":{"type":"branch","line":94,"loc":{"start":{"line":94,"column":23},"end":{"line":106,"column":6}},"locations":[{"start":{"line":94,"column":23},"end":{"line":106,"column":6}}]},"11":{"type":"branch","line":98,"loc":{"start":{"line":98,"column":73},"end":{"line":100,"column":17}},"locations":[{"start":{"line":98,"column":73},"end":{"line":100,"column":17}}]},"12":{"type":"branch","line":100,"loc":{"start":{"line":100,"column":8},"end":{"line":103,"column":10}},"locations":[{"start":{"line":100,"column":8},"end":{"line":103,"column":10}}]},"13":{"type":"branch","line":108,"loc":{"start":{"line":108,"column":19},"end":{"line":117,"column":6}},"locations":[{"start":{"line":108,"column":19},"end":{"line":117,"column":6}}]},"14":{"type":"branch","line":111,"loc":{"start":{"line":111,"column":62},"end":{"line":116,"column":9}},"locations":[{"start":{"line":111,"column":62},"end":{"line":116,"column":9}}]}},"b":{"0":[1],"1":[2],"2":[6],"3":[5],"4":[1],"5":[3],"6":[2],"7":[1],"8":[2],"9":[1],"10":[3],"11":[2],"12":[1],"13":[2],"14":[1]},"fnMap":{"0":{"name":"setFilters","decl":{"start":{"line":34,"column":16},"end":{"line":38,"column":6}},"loc":{"start":{"line":34,"column":16},"end":{"line":38,"column":6}},"line":34},"1":{"name":"fetchRequests","decl":{"start":{"line":40,"column":19},"end":{"line":60,"column":6}},"loc":{"start":{"line":40,"column":19},"end":{"line":60,"column":6}},"line":40},"2":{"name":"fetchRequestData","decl":{"start":{"line":62,"column":22},"end":{"line":77,"column":6}},"loc":{"start":{"line":62,"column":22},"end":{"line":77,"column":6}},"line":62},"3":{"name":"fetchRequestAnswers","decl":{"start":{"line":79,"column":26},"end":{"line":92,"column":6}},"loc":{"start":{"line":79,"column":26},"end":{"line":92,"column":6}},"line":79},"4":{"name":"sendRequestAnswer","decl":{"start":{"line":94,"column":23},"end":{"line":106,"column":6}},"loc":{"start":{"line":94,"column":23},"end":{"line":106,"column":6}},"line":94},"5":{"name":"toggleRequest","decl":{"start":{"line":108,"column":19},"end":{"line":117,"column":6}},"loc":{"start":{"line":108,"column":19},"end":{"line":117,"column":6}},"line":108}},"f":{"0":2,"1":6,"2":3,"3":2,"4":3,"5":2}}
,"C:\\Users\\Denys\\Coding\\rosenblum-website\\frontend-admin\\frontend-admin\\src\\zustand\\useStatistics.ts": {"path":"C:\\Users\\Denys\\Coding\\rosenblum-website\\frontend-admin\\frontend-admin\\src\\zustand\\useStatistics.ts","all":false,"statementMap":{"0":{"start":{"line":1,"column":0},"end":{"line":1,"column":33}},"1":{"start":{"line":2,"column":0},"end":{"line":2,"column":43}},"2":{"start":{"line":3,"column":0},"end":{"line":3,"column":49}},"3":{"start":{"line":4,"column":0},"end":{"line":4,"column":50}},"4":{"start":{"line":5,"column":0},"end":{"line":5,"column":131}},"5":{"start":{"line":6,"column":0},"end":{"line":6,"column":0}},"6":{"start":{"line":7,"column":0},"end":{"line":7,"column":22}},"7":{"start":{"line":8,"column":0},"end":{"line":8,"column":4}},"8":{"start":{"line":9,"column":0},"end":{"line":9,"column":36}},"9":{"start":{"line":10,"column":0},"end":{"line":10,"column":29}},"10":{"start":{"line":11,"column":0},"end":{"line":11,"column":33}},"11":{"start":{"line":12,"column":0},"end":{"line":12,"column":25}},"12":{"start":{"line":13,"column":0},"end":{"line":13,"column":35}},"13":{"start":{"line":14,"column":0},"end":{"line":14,"column":29}},"14":{"start":{"line":15,"column":0},"end":{"line":15,"column":42}},"15":{"start":{"line":16,"column":0},"end":{"line":16,"column":0}},"16":{"start":{"line":17,"column":0},"end":{"line":17,"column":27}},"17":{"start":{"line":18,"column":0},"end":{"line":18,"column":29}},"18":{"start":{"line":19,"column":0},"end":{"line":19,"column":31}},"19":{"start":{"line":20,"column":0},"end":{"line":20,"column":27}},"20":{"start":{"line":21,"column":0},"end":{"line":21,"column":32}},"21":{"start":{"line":22,"column":0},"end":{"line":22,"column":29}},"22":{"start":{"line":23,"column":0},"end":{"line":23,"column":33}},"23":{"start":{"line":24,"column":0},"end":{"line":24,"column":0}},"24":{"start":{"line":25,"column":0},"end":{"line":25,"column":39}},"25":{"start":{"line":26,"column":0},"end":{"line":26,"column":41}},"26":{"start":{"line":27,"column":0},"end":{"line":27,"column":43}},"27":{"start":{"line":28,"column":0},"end":{"line":28,"column":39}},"28":{"start":{"line":29,"column":0},"end":{"line":29,"column":44}},"29":{"start":{"line":30,"column":0},"end":{"line":30,"column":41}},"30":{"start":{"line":31,"column":0},"end":{"line":31,"column":45}},"31":{"start":{"line":32,"column":0},"end":{"line":32,"column":0}},"32":{"start":{"line":33,"column":0},"end":{"line":33,"column":40}},"33":{"start":{"line":34,"column":0},"end":{"line":34,"column":42}},"34":{"start":{"line":35,"column":0},"end":{"line":35,"column":44}},"35":{"start":{"line":36,"column":0},"end":{"line":36,"column":40}},"36":{"start":{"line":37,"column":0},"end":{"line":37,"column":45}},"37":{"start":{"line":38,"column":0},"end":{"line":38,"column":42}},"38":{"start":{"line":39,"column":0},"end":{"line":39,"column":46}},"39":{"start":{"line":40,"column":0},"end":{"line":40,"column":0}},"40":{"start":{"line":41,"column":0},"end":{"line":41,"column":30}},"41":{"start":{"line":42,"column":0},"end":{"line":42,"column":1}},"42":{"start":{"line":43,"column":0},"end":{"line":43,"column":0}},"43":{"start":{"line":44,"column":0},"end":{"line":44,"column":57}},"44":{"start":{"line":45,"column":0},"end":{"line":45,"column":4}},"45":{"start":{"line":46,"column":0},"end":{"line":46,"column":20}},"46":{"start":{"line":47,"column":0},"end":{"line":47,"column":19}},"47":{"start":{"line":48,"column":0},"end":{"line":48,"column":21}},"48":{"start":{"line":49,"column":0},"end":{"line":49,"column":17}},"49":{"start":{"line":50,"column":0},"end":{"line":50,"column":22}},"50":{"start":{"line":51,"column":0},"end":{"line":51,"column":19}},"51":{"start":{"line":52,"column":0},"end":{"line":52,"column":25}},"52":{"start":{"line":53,"column":0},"end":{"line":53,"column":0}},"53":{"start":{"line":54,"column":0},"end":{"line":54,"column":25}},"54":{"start":{"line":55,"column":0},"end":{"line":55,"column":27}},"55":{"start":{"line":56,"column":0},"end":{"line":56,"column":29}},"56":{"start":{"line":57,"column":0},"end":{"line":57,"column":25}},"57":{"start":{"line":58,"column":0},"end":{"line":58,"column":30}},"58":{"start":{"line":59,"column":0},"end":{"line":59,"column":27}},"59":{"start":{"line":60,"column":0},"end":{"line":60,"column":31}},"60":{"start":{"line":61,"column":0},"end":{"line":61,"column":0}},"61":{"start":{"line":62,"column":0},"end":{"line":62,"column":20}},"62":{"start":{"line":63,"column":0},"end":{"line":63,"column":22}},"63":{"start":{"line":64,"column":0},"end":{"line":64,"column":24}},"64":{"start":{"line":65,"column":0},"end":{"line":65,"column":20}},"65":{"start":{"line":66,"column":0},"end":{"line":66,"column":25}},"66":{"start":{"line":67,"column":0},"end":{"line":67,"column":22}},"67":{"start":{"line":68,"column":0},"end":{"line":68,"column":26}},"68":{"start":{"line":69,"column":0},"end":{"line":69,"column":0}},"69":{"start":{"line":70,"column":0},"end":{"line":70,"column":33}},"70":{"start":{"line":71,"column":0},"end":{"line":71,"column":54}},"71":{"start":{"line":72,"column":0},"end":{"line":72,"column":13}},"72":{"start":{"line":73,"column":0},"end":{"line":73,"column":79}},"73":{"start":{"line":74,"column":0},"end":{"line":74,"column":63}},"74":{"start":{"line":75,"column":0},"end":{"line":75,"column":25}},"75":{"start":{"line":76,"column":0},"end":{"line":76,"column":72}},"76":{"start":{"line":77,"column":0},"end":{"line":77,"column":9}},"77":{"start":{"line":78,"column":0},"end":{"line":78,"column":6}},"78":{"start":{"line":79,"column":0},"end":{"line":79,"column":0}},"79":{"start":{"line":80,"column":0},"end":{"line":80,"column":35}},"80":{"start":{"line":81,"column":0},"end":{"line":81,"column":58}},"81":{"start":{"line":82,"column":0},"end":{"line":82,"column":13}},"82":{"start":{"line":83,"column":0},"end":{"line":83,"column":98}},"83":{"start":{"line":84,"column":0},"end":{"line":84,"column":66}},"84":{"start":{"line":85,"column":0},"end":{"line":85,"column":25}},"85":{"start":{"line":86,"column":0},"end":{"line":86,"column":76}},"86":{"start":{"line":87,"column":0},"end":{"line":87,"column":9}},"87":{"start":{"line":88,"column":0},"end":{"line":88,"column":6}},"88":{"start":{"line":89,"column":0},"end":{"line":89,"column":0}},"89":{"start":{"line":90,"column":0},"end":{"line":90,"column":37}},"90":{"start":{"line":91,"column":0},"end":{"line":91,"column":62}},"91":{"start":{"line":92,"column":0},"end":{"line":92,"column":13}},"92":{"start":{"line":93,"column":0},"end":{"line":93,"column":98}},"93":{"start":{"line":94,"column":0},"end":{"line":94,"column":70}},"94":{"start":{"line":95,"column":0},"end":{"line":95,"column":25}},"95":{"start":{"line":96,"column":0},"end":{"line":96,"column":80}},"96":{"start":{"line":97,"column":0},"end":{"line":97,"column":9}},"97":{"start":{"line":98,"column":0},"end":{"line":98,"column":6}},"98":{"start":{"line":99,"column":0},"end":{"line":99,"column":0}},"99":{"start":{"line":100,"column":0},"end":{"line":100,"column":33}},"100":{"start":{"line":101,"column":0},"end":{"line":101,"column":54}},"101":{"start":{"line":102,"column":0},"end":{"line":102,"column":13}},"102":{"start":{"line":103,"column":0},"end":{"line":103,"column":94}},"103":{"start":{"line":104,"column":0},"end":{"line":104,"column":62}},"104":{"start":{"line":105,"column":0},"end":{"line":105,"column":25}},"105":{"start":{"line":106,"column":0},"end":{"line":106,"column":72}},"106":{"start":{"line":107,"column":0},"end":{"line":107,"column":9}},"107":{"start":{"line":108,"column":0},"end":{"line":108,"column":6}},"108":{"start":{"line":109,"column":0},"end":{"line":109,"column":0}},"109":{"start":{"line":110,"column":0},"end":{"line":110,"column":38}},"110":{"start":{"line":111,"column":0},"end":{"line":111,"column":64}},"111":{"start":{"line":112,"column":0},"end":{"line":112,"column":13}},"112":{"start":{"line":113,"column":0},"end":{"line":113,"column":101}},"113":{"start":{"line":114,"column":0},"end":{"line":114,"column":72}},"114":{"start":{"line":115,"column":0},"end":{"line":115,"column":25}},"115":{"start":{"line":116,"column":0},"end":{"line":116,"column":82}},"116":{"start":{"line":117,"column":0},"end":{"line":117,"column":9}},"117":{"start":{"line":118,"column":0},"end":{"line":118,"column":6}},"118":{"start":{"line":119,"column":0},"end":{"line":119,"column":0}},"119":{"start":{"line":120,"column":0},"end":{"line":120,"column":35}},"120":{"start":{"line":121,"column":0},"end":{"line":121,"column":58}},"121":{"start":{"line":122,"column":0},"end":{"line":122,"column":13}},"122":{"start":{"line":123,"column":0},"end":{"line":123,"column":95}},"123":{"start":{"line":124,"column":0},"end":{"line":124,"column":66}},"124":{"start":{"line":125,"column":0},"end":{"line":125,"column":25}},"125":{"start":{"line":126,"column":0},"end":{"line":126,"column":76}},"126":{"start":{"line":127,"column":0},"end":{"line":127,"column":9}},"127":{"start":{"line":128,"column":0},"end":{"line":128,"column":6}},"128":{"start":{"line":129,"column":0},"end":{"line":129,"column":0}},"129":{"start":{"line":130,"column":0},"end":{"line":130,"column":39}},"130":{"start":{"line":131,"column":0},"end":{"line":131,"column":66}},"131":{"start":{"line":132,"column":0},"end":{"line":132,"column":13}},"132":{"start":{"line":133,"column":0},"end":{"line":133,"column":105}},"133":{"start":{"line":134,"column":0},"end":{"line":134,"column":74}},"134":{"start":{"line":135,"column":0},"end":{"line":135,"column":25}},"135":{"start":{"line":136,"column":0},"end":{"line":136,"column":84}},"136":{"start":{"line":137,"column":0},"end":{"line":137,"column":9}},"137":{"start":{"line":138,"column":0},"end":{"line":138,"column":6}},"138":{"start":{"line":139,"column":0},"end":{"line":139,"column":0}},"139":{"start":{"line":140,"column":0},"end":{"line":140,"column":26}},"140":{"start":{"line":141,"column":0},"end":{"line":141,"column":15}},"141":{"start":{"line":142,"column":0},"end":{"line":142,"column":27}},"142":{"start":{"line":143,"column":0},"end":{"line":143,"column":29}},"143":{"start":{"line":144,"column":0},"end":{"line":144,"column":31}},"144":{"start":{"line":145,"column":0},"end":{"line":145,"column":27}},"145":{"start":{"line":146,"column":0},"end":{"line":146,"column":32}},"146":{"start":{"line":147,"column":0},"end":{"line":147,"column":29}},"147":{"start":{"line":148,"column":0},"end":{"line":148,"column":32}},"148":{"start":{"line":149,"column":0},"end":{"line":149,"column":18}},"149":{"start":{"line":150,"column":0},"end":{"line":150,"column":0}},"150":{"start":{"line":151,"column":0},"end":{"line":151,"column":25}},"151":{"start":{"line":152,"column":0},"end":{"line":152,"column":27}},"152":{"start":{"line":153,"column":0},"end":{"line":153,"column":29}},"153":{"start":{"line":154,"column":0},"end":{"line":154,"column":25}},"154":{"start":{"line":155,"column":0},"end":{"line":155,"column":30}},"155":{"start":{"line":156,"column":0},"end":{"line":156,"column":27}},"156":{"start":{"line":157,"column":0},"end":{"line":157,"column":31}},"157":{"start":{"line":158,"column":0},"end":{"line":158,"column":5}},"158":{"start":{"line":159,"column":0},"end":{"line":159,"column":4}},"159":{"start":{"line":160,"column":0},"end":{"line":160,"column":0}},"160":{"start":{"line":161,"column":0},"end":{"line":161,"column":29}}},"s":{"0":1,"1":1,"2":1,"3":1,"4":1,"5":1,"6":1,"7":1,"8":1,"9":1,"10":1,"11":1,"12":1,"13":1,"14":1,"15":1,"16":1,"17":1,"18":1,"19":1,"20":1,"21":1,"22":1,"23":1,"24":1,"25":1,"26":1,"27":1,"28":1,"29":1,"30":1,"31":1,"32":1,"33":1,"34":1,"35":1,"36":1,"37":1,"38":1,"39":1,"40":1,"41":1,"42":1,"43":1,"44":1,"45":1,"46":1,"47":1,"48":1,"49":1,"50":1,"51":1,"52":1,"53":1,"54":1,"55":1,"56":1,"57":1,"58":1,"59":1,"60":1,"61":1,"62":1,"63":1,"64":1,"65":1,"66":1,"67":1,"68":1,"69":1,"70":4,"71":4,"72":4,"73":3,"74":4,"75":1,"76":1,"77":4,"78":1,"79":1,"80":3,"81":3,"82":3,"83":2,"84":3,"85":1,"86":1,"87":3,"88":1,"89":1,"90":2,"91":2,"92":2,"93":2,"94":2,"95":0,"96":0,"97":2,"98":1,"99":1,"100":2,"101":2,"102":2,"103":2,"104":2,"105":0,"106":0,"107":2,"108":1,"109":1,"110":2,"111":2,"112":2,"113":2,"114":2,"115":0,"116":0,"117":2,"118":1,"119":1,"120":2,"121":2,"122":2,"123":2,"124":2,"125":0,"126":0,"127":2,"128":1,"129":1,"130":2,"131":2,"132":2,"133":2,"134":2,"135":0,"136":0,"137":2,"138":1,"139":1,"140":1,"141":1,"142":1,"143":1,"144":1,"145":1,"146":1,"147":1,"148":1,"149":1,"150":1,"151":1,"152":1,"153":1,"154":1,"155":1,"156":1,"157":1,"158":1,"159":1,"160":1},"branchMap":{"0":{"type":"branch","line":44,"loc":{"start":{"line":44,"column":41},"end":{"line":159,"column":2}},"locations":[{"start":{"line":44,"column":41},"end":{"line":159,"column":2}}]},"1":{"type":"branch","line":70,"loc":{"start":{"line":70,"column":20},"end":{"line":78,"column":6}},"locations":[{"start":{"line":70,"column":20},"end":{"line":78,"column":6}}]},"2":{"type":"branch","line":73,"loc":{"start":{"line":73,"column":77},"end":{"line":75,"column":17}},"locations":[{"start":{"line":73,"column":77},"end":{"line":75,"column":17}}]},"3":{"type":"branch","line":75,"loc":{"start":{"line":75,"column":8},"end":{"line":77,"column":9}},"locations":[{"start":{"line":75,"column":8},"end":{"line":77,"column":9}}]},"4":{"type":"branch","line":80,"loc":{"start":{"line":80,"column":22},"end":{"line":88,"column":6}},"locations":[{"start":{"line":80,"column":22},"end":{"line":88,"column":6}}]},"5":{"type":"branch","line":83,"loc":{"start":{"line":83,"column":96},"end":{"line":85,"column":17}},"locations":[{"start":{"line":83,"column":96},"end":{"line":85,"column":17}}]},"6":{"type":"branch","line":85,"loc":{"start":{"line":85,"column":8},"end":{"line":87,"column":9}},"locations":[{"start":{"line":85,"column":8},"end":{"line":87,"column":9}}]},"7":{"type":"branch","line":90,"loc":{"start":{"line":90,"column":24},"end":{"line":98,"column":6}},"locations":[{"start":{"line":90,"column":24},"end":{"line":98,"column":6}}]},"8":{"type":"branch","line":95,"loc":{"start":{"line":95,"column":8},"end":{"line":97,"column":9}},"locations":[{"start":{"line":95,"column":8},"end":{"line":97,"column":9}}]},"9":{"type":"branch","line":100,"loc":{"start":{"line":100,"column":20},"end":{"line":108,"column":6}},"locations":[{"start":{"line":100,"column":20},"end":{"line":108,"column":6}}]},"10":{"type":"branch","line":105,"loc":{"start":{"line":105,"column":8},"end":{"line":107,"column":9}},"locations":[{"start":{"line":105,"column":8},"end":{"line":107,"column":9}}]},"11":{"type":"branch","line":110,"loc":{"start":{"line":110,"column":25},"end":{"line":118,"column":6}},"locations":[{"start":{"line":110,"column":25},"end":{"line":118,"column":6}}]},"12":{"type":"branch","line":115,"loc":{"start":{"line":115,"column":8},"end":{"line":117,"column":9}},"locations":[{"start":{"line":115,"column":8},"end":{"line":117,"column":9}}]},"13":{"type":"branch","line":120,"loc":{"start":{"line":120,"column":22},"end":{"line":128,"column":6}},"locations":[{"start":{"line":120,"column":22},"end":{"line":128,"column":6}}]},"14":{"type":"branch","line":125,"loc":{"start":{"line":125,"column":8},"end":{"line":127,"column":9}},"locations":[{"start":{"line":125,"column":8},"end":{"line":127,"column":9}}]},"15":{"type":"branch","line":130,"loc":{"start":{"line":130,"column":26},"end":{"line":138,"column":6}},"locations":[{"start":{"line":130,"column":26},"end":{"line":138,"column":6}}]},"16":{"type":"branch","line":135,"loc":{"start":{"line":135,"column":8},"end":{"line":137,"column":9}},"locations":[{"start":{"line":135,"column":8},"end":{"line":137,"column":9}}]},"17":{"type":"branch","line":140,"loc":{"start":{"line":140,"column":19},"end":{"line":158,"column":5}},"locations":[{"start":{"line":140,"column":19},"end":{"line":158,"column":5}}]}},"b":{"0":[1],"1":[4],"2":[3],"3":[1],"4":[3],"5":[2],"6":[1],"7":[2],"8":[0],"9":[2],"10":[0],"11":[2],"12":[0],"13":[2],"14":[0],"15":[2],"16":[0],"17":[1]},"fnMap":{"0":{"name":"fetchBaseStats","decl":{"start":{"line":70,"column":20},"end":{"line":78,"column":6}},"loc":{"start":{"line":70,"column":20},"end":{"line":78,"column":6}},"line":70},"1":{"name":"fetchStatusStats","decl":{"start":{"line":80,"column":22},"end":{"line":88,"column":6}},"loc":{"start":{"line":80,"column":22},"end":{"line":88,"column":6}},"line":80},"2":{"name":"fetchDynamicsStats","decl":{"start":{"line":90,"column":24},"end":{"line":98,"column":6}},"loc":{"start":{"line":90,"column":24},"end":{"line":98,"column":6}},"line":90},"3":{"name":"fetchTypeStats","decl":{"start":{"line":100,"column":20},"end":{"line":108,"column":6}},"loc":{"start":{"line":100,"column":20},"end":{"line":108,"column":6}},"line":100},"4":{"name":"fetchGeographyStats","decl":{"start":{"line":110,"column":25},"end":{"line":118,"column":6}},"loc":{"start":{"line":110,"column":25},"end":{"line":118,"column":6}},"line":110},"5":{"name":"fetchGrowthStats","decl":{"start":{"line":120,"column":22},"end":{"line":128,"column":6}},"loc":{"start":{"line":120,"column":22},"end":{"line":128,"column":6}},"line":120},"6":{"name":"fetchComparisonStats","decl":{"start":{"line":130,"column":26},"end":{"line":138,"column":6}},"loc":{"start":{"line":130,"column":26},"end":{"line":138,"column":6}},"line":130},"7":{"name":"fetchAllStats","decl":{"start":{"line":140,"column":19},"end":{"line":158,"column":5}},"loc":{"start":{"line":140,"column":19},"end":{"line":158,"column":5}},"line":140}},"f":{"0":4,"1":3,"2":2,"3":2,"4":2,"5":2,"6":2,"7":1}}
}
